(0000) 3000  0011000000000000 (   1)                 .ORIG x3000
(3000) 2211  0010001000010001 (   2)                 LD    R1 Nx000E
(3001) 2611  0010011000010001 (   3)                 LD    R3 NxFFFE
(3002) 5003  0101000000000011 (   4)                 AND   R0 R0 R3
(3003) 2610  0010011000010000 (   5)                 LD    R3 Nx8000
(3004) 5603  0101011000000011 (   6)                 AND   R3 R0 R3
(3005) 0601  0000011000000001 (   7)                 BRZP  LOOP
(3006) 1021  0001000000100001 (   8)                 ADD   R0 R0 #1
(3007) 1000  0001000000000000 (  10) LOOP            ADD   R0 R0 R0
(3008) 0601  0000011000000001 (  11)                 BRZP  ZP
(3009) 1021  0001000000100001 (  12)                 ADD   R0 R0 #1
(300A) 127F  0001001001111111 (  13) ZP              ADD   R1 R1 #-1
(300B) 03FB  0000001111111011 (  14)                 BRP   LOOP
(300C) 5000  0101000000000000 (  16)                 AND   R0 R0 R0
(300D) 0803  0000100000000011 (  17)                 BRN   OK
(300E) 56C3  0101011011000011 (  18)                 AND   R3 R3 R3
(300F) 0601  0000011000000001 (  19)                 BRZP  OK
(3010) 1003  0001000000000011 (  20)                 ADD   R0 R0 R3
(3011) F025  1111000000100101 (  22) OK              TRAP  x25
(3012) 000E  0000000000001110 (  24) Nx000E          .FILL x000E
(3013) FFFE  1111111111111110 (  25) NxFFFE          .FILL xFFFE
(3014) 8000  1000000000000000 (  26) Nx8000          .FILL x8000
