(0000) 3000  0011000000000000 (   1)                 .ORIG x3000
(3000) 2E24  0010111000100100 (   3)                 LD    R7 DATA_LOC
(3001) 61C0  0110000111000000 (   4) LOOP_TEST       LDR   R0 R7 #0
(3002) 0821  0000100000100001 (   5)                 BRN   OK
(3003) 63C1  0110001111000001 (   6)                 LDR   R1 R7 #1
(3004) 1FE2  0001111111100010 (   7)                 ADD   R7 R7 #2
(3005) 943F  1001010000111111 (  10) RSHIFT          NOT   R2 R0
(3006) 967F  1001011001111111 (  11)                 NOT   R3 R1
(3007) 281F  0010100000011111 (  12)                 LD    R4 DEC1
(3008) 5A83  0101101010000011 (  13)                 AND   R5 R2 R3
(3009) 5D44  0101110101000100 (  14) NEXT_TEST       AND   R6 R5 R4
(300A) 0402  0000010000000010 (  15)                 BRZ   DO
(300B) 1904  0001100100000100 (  16)                 ADD   R4 R4 R4
(300C) 0FFC  0000111111111100 (  17)                 BRNZP NEXT_TEST
(300D) 241A  0010010000011010 (  20) DO              LD    R2 HEX4000
(300E) 5A04  0101101000000100 (  21)                 AND   R5 R0 R4
(300F) 0405  0000010000000101 (  22)                 BRZ   R0_RSHIFT
(3010) 1642  0001011001000010 (  25) R1_RSHIFT       ADD   R3 R1 R2
(3011) 62C0  0110001011000000 (  26)                 LDR   R1 R3 #0
(3012) 5A44  0101101001000100 (  27)                 AND   R5 R1 R4
(3013) 05FC  0000010111111100 (  28)                 BRZ   R1_RSHIFT
(3014) 0E04  0000111000000100 (  29)                 BRNZP MINUS
(3015) 1602  0001011000000010 (  32) R0_RSHIFT       ADD   R3 R0 R2
(3016) 60C0  0110000011000000 (  33)                 LDR   R0 R3 #0
(3017) 5A04  0101101000000100 (  34)                 AND   R5 R0 R4
(3018) 05FC  0000010111111100 (  35)                 BRZ   R0_RSHIFT
(3019) 967F  1001011001111111 (  38) MINUS           NOT   R3 R1
(301A) 16E1  0001011011100001 (  39)                 ADD   R3 R3 #1
(301B) 1603  0001011000000011 (  40)                 ADD   R3 R0 R3
(301C) 0803  0000100000000011 (  41)                 BRN   MINUS_TO_N
(301D) 05E3  0000010111100011 (  42)                 BRZ   LOOP_TEST
(301E) 10E0  0001000011100000 (  43)                 ADD   R0 R3 #0
(301F) 0FE5  0000111111100101 (  44)                 BRNZP RSHIFT
(3020) 16FF  0001011011111111 (  45) MINUS_TO_N      ADD   R3 R3 #-1
(3021) 96FF  1001011011111111 (  46)                 NOT   R3 R3
(3022) 12E0  0001001011100000 (  47)                 ADD   R1 R3 #0
(3023) 0FE1  0000111111100001 (  48)                 BRNZP RSHIFT
(3024) F025  1111000000100101 (  50) OK              TRAP  x25
(3025) D000  1101000000000000 (  52) DATA_LOC        .FILL xD000
(3026) 4000  0100000000000000 (  54) LUT             .FILL x4000
(3027) 0001  0000000000000001 (  55) DEC1            .FILL x0001
(3028) 4000  0100000000000000 (  56) HEX4000         .FILL x4000
