(0000) 3200  0011001000000000 (   1)                 .ORIG x3200
(3200) 0029  0000000000101001 (   2)                 .FILL x0029
(3201) 0043  0000000001000011 (   3)                 .FILL x0043
(3202) 003A  0000000000111010 (   4)                 .FILL x003A
(3203) 000E  0000000000001110 (   5)                 .FILL x000E
(3204) 001A  0000000000011010 (   6)                 .FILL x001A
(3205) 0042  0000000001000010 (   7)                 .FILL x0042
(3206) 004D  0000000001001101 (   8)                 .FILL x004D
(3207) 0056  0000000001010110 (   9)                 .FILL x0056
(3208) 002F  0000000000101111 (  10)                 .FILL x002F
(3209) 0035  0000000000110101 (  11)                 .FILL x0035
(320A) 0028  0000000000101000 (  12)                 .FILL x0028
(320B) 005E  0000000001011110 (  13)                 .FILL x005E
(320C) 0008  0000000000001000 (  14)                 .FILL x0008
(320D) 0021  0000000000100001 (  15)                 .FILL x0021
(320E) 0059  0000000001011001 (  16)                 .FILL x0059
(320F) 000B  0000000000001011 (  17)                 .FILL x000B
(3210) 0016  0000000000010110 (  18)                 .FILL x0016
(3211) 0004  0000000000000100 (  19)                 .FILL x0004
(3212) 0039  0000000000111001 (  20)                 .FILL x0039
(3213) 003D  0000000000111101 (  21)                 .FILL x003D
(3214) 0002  0000000000000010 (  22)                 .FILL x0002
(3215) 0032  0000000000110010 (  23)                 .FILL x0032
(3216) 0062  0000000001100010 (  24)                 .FILL x0062
(3217) 003F  0000000000111111 (  25)                 .FILL x003F
(3218) 004C  0000000001001100 (  26)                 .FILL x004C
(3219) 005B  0000000001011011 (  27)                 .FILL x005B
(321A) 0040  0000000001000000 (  28)                 .FILL x0040
(321B) 004A  0000000001001010 (  29)                 .FILL x004A
(321C) 0031  0000000000110001 (  30)                 .FILL x0031
(321D) 0026  0000000000100110 (  31)                 .FILL x0026
(321E) 005D  0000000001011101 (  32)                 .FILL x005D
(321F) 002A  0000000000101010 (  33)                 .FILL x002A
(3220) 0054  0000000001010100 (  34)                 .FILL x0054
(3221) 0046  0000000001000110 (  35)                 .FILL x0046
(3222) 0012  0000000000010010 (  36)                 .FILL x0012
(3223) 0013  0000000000010011 (  37)                 .FILL x0013
(3224) 0058  0000000001011000 (  38)                 .FILL x0058
(3225) 0000  0000000000000000 (  39)                 .FILL x0000
(3226) 0037  0000000000110111 (  40)                 .FILL x0037
(3227) 002D  0000000000101101 (  41)                 .FILL x002D
(3228) 0060  0000000001100000 (  42)                 .FILL x0060
(3229) 0053  0000000001010011 (  43)                 .FILL x0053
(322A) 0007  0000000000000111 (  44)                 .FILL x0007
(322B) 0045  0000000001000101 (  45)                 .FILL x0045
(322C) 0050  0000000001010000 (  46)                 .FILL x0050
(322D) 005F  0000000001011111 (  47)                 .FILL x005F
(322E) 0049  0000000001001001 (  48)                 .FILL x0049
(322F) 004F  0000000001001111 (  49)                 .FILL x004F
(3230) 002E  0000000000101110 (  50)                 .FILL x002E
(3231) 000D  0000000000001101 (  51)                 .FILL x000D
(3232) 0033  0000000000110011 (  52)                 .FILL x0033
(3233) 0022  0000000000100010 (  53)                 .FILL x0022
(3234) 001D  0000000000011101 (  54)                 .FILL x001D
(3235) 0017  0000000000010111 (  55)                 .FILL x0017
(3236) 0048  0000000001001000 (  56)                 .FILL x0048
(3237) 003E  0000000000111110 (  57)                 .FILL x003E
(3238) 001B  0000000000011011 (  58)                 .FILL x001B
(3239) 0006  0000000000000110 (  59)                 .FILL x0006
(323A) 001C  0000000000011100 (  60)                 .FILL x001C
(323B) 005A  0000000001011010 (  61)                 .FILL x005A
