\BOOKMARK [1][-]{section.1}{\376\377\133\236\232\214\166\356\150\007}{}% 1
\BOOKMARK [2][-]{subsection.1.1}{\376\377\116\373\122\241\143\317\217\360}{section.1}% 2
\BOOKMARK [2][-]{subsection.1.2}{\376\377\155\113\213\325\145\271\154\325}{section.1}% 3
\BOOKMARK [1][-]{section.2}{\376\377\172\013\136\217\116\313\176\315}{}% 4
\BOOKMARK [2][-]{subsection.2.1}{\376\377\145\207\116\366\213\364\146\016}{section.2}% 5
\BOOKMARK [2][-]{subsection.2.2}{\376\377\174\173\116\016\121\375\145\160\213\364\146\016}{section.2}% 6
\BOOKMARK [3][-]{subsubsection.2.2.1}{\376\377\000d\000n\000s\000.\000p\000y}{subsection.2.2}% 7
\BOOKMARK [3][-]{subsubsection.2.2.2}{\376\377\000d\000n\000s\000\137\000r\000e\000l\000a\000y\000.\000p\000y}{subsection.2.2}% 8
\BOOKMARK [1][-]{section.3}{\376\377\172\013\136\217\213\276\213\241\162\171\160\271}{}% 9
\BOOKMARK [2][-]{subsection.3.1}{\376\377\116\343\170\001\217\320\210\114\220\073\217\221}{section.3}% 10
\BOOKMARK [2][-]{subsection.3.2}{\376\377\162\171\153\212\122\237\200\375\213\276\213\241}{section.3}% 11
\BOOKMARK [1][-]{section.4}{\376\377\172\013\136\217\217\320\210\114\217\307\172\013\116\016\142\052\126\376}{}% 12
\BOOKMARK [2][-]{subsection.4.1}{\376\377\163\257\130\203\221\115\177\156}{section.4}% 13
\BOOKMARK [3][-]{subsubsection.4.1.1}{\376\377\133\236\232\214\163\257\130\203}{subsection.4.1}% 14
\BOOKMARK [2][-]{subsection.4.2}{\376\377\133\236\232\214\221\115\177\156}{section.4}% 15
\BOOKMARK [3][-]{subsubsection.4.2.1}{\376\377\213\276\177\156\000\040\000D\000N\000S\000\040\147\015\122\241\126\150}{subsection.4.2}% 16
\BOOKMARK [3][-]{subsubsection.4.2.2}{\376\377\156\005\172\172\000\040\000D\000N\000S\000\040\177\023\133\130}{subsection.4.2}% 17
\BOOKMARK [3][-]{subsubsection.4.2.3}{\376\377\156\005\172\172\155\117\211\310\126\150\177\023\133\130}{subsection.4.2}% 18
\BOOKMARK [2][-]{subsection.4.3}{\376\377\000n\000s\000l\000o\000o\000k\000u\000p}{section.4}% 19
\BOOKMARK [2][-]{subsection.4.4}{\376\377\000W\000e\000b\000\040\000B\000r\000o\000w\000s\000e\000r}{section.4}% 20
\BOOKMARK [3][-]{subsubsection.4.4.1}{\376\377\167\345\116\116\177\121\230\165\136\177\124\112\155\113\213\325}{subsection.4.4}% 21
\BOOKMARK [3][-]{subsubsection.4.4.2}{\376\377\0007\000K\0007\000K\000\040\177\121\230\165\126\376\162\107\155\113\213\325}{subsection.4.4}% 22
\BOOKMARK [3][-]{subsubsection.4.4.3}{\376\377\000C\000S\000D\000N\000\040\177\121\230\165\136\177\124\112\155\113\213\325}{subsection.4.4}% 23
\BOOKMARK [1][-]{section.5}{\376\377\133\236\232\214\140\073\176\323}{}% 24
