(0000) 3000  0011000000000000 (   1)                 .ORIG x3000
(3000) 2015  0010000000010101 (   2)                 LD    R0 Nx8A9C
(3001) 2615  0010011000010101 (   3)                 LD    R3 Nxn8000
(3002) 5920  0101100100100000 (   4)                 AND   R4 R4 #0
(3003) 503E  0101000000111110 (   5)                 AND   R0 R0 #-2
(3004) 1021  0001000000100001 (   6)                 ADD   R0 R0 #1
(3005) 060A  0000011000001010 (   7)                 BRZP  START
(3006) 193F  0001100100111111 (   8)                 ADD   R4 R4 #-1
(3007) 0E08  0000111000001000 (   9)                 BRNZP START
(3008) 1904  0001100100000100 (  11) P               ADD   R4 R4 R4
(3009) 1000  0001000000000000 (  12)                 ADD   R0 R0 R0
(300A) 03FD  0000001111111101 (  13) CHECK_P         BRP   P
(300B) 1203  0001001000000011 (  14)                 ADD   R1 R0 R3
(300C) 0201  0000001000000001 (  15)                 BRP   N
(300D) 0E07  0000111000000111 (  16)                 BRNZP OK
(300E) 1904  0001100100000100 (  17) N               ADD   R4 R4 R4
(300F) 1921  0001100100100001 (  18)                 ADD   R4 R4 #1
(3010) 1000  0001000000000000 (  19) START           ADD   R0 R0 R0
(3011) 03F6  0000001111110110 (  20) CHECK_N         BRP   P
(3012) 1203  0001001000000011 (  21)                 ADD   R1 R0 R3
(3013) 03FA  0000001111111010 (  22)                 BRP   N
(3014) 0E00  0000111000000000 (  23)                 BRNZP OK
(3015) F025  1111000000100101 (  25) OK              TRAP  x25
(3016) AFFF  1010111111111111 (  27) Nx8A9C          .FILL xAFFF
(3017) 8000  1000000000000000 (  28) Nxn8000         .FILL x8000
(3018) 4000  0100000000000000 (  29) NxnC000         .FILL x4000
