\BOOKMARK [1][-]{section.1}{\376\377\133\236\232\214\116\313\176\315}{}% 1
\BOOKMARK [1][-]{section.2}{\376\377\164\006\213\272\127\372\170\100}{}% 2
\BOOKMARK [2][-]{subsection.2.1}{\376\377\000L\000D\000A\000\040\152\041\127\213}{section.2}% 3
\BOOKMARK [3][-]{subsubsection.2.1.1}{\376\377\000L\000D\000A\000\040\166\370\121\163\166\204\127\372\147\054\151\202\137\365\123\312\123\330\221\317\133\232\116\111}{subsection.2.1}% 4
\BOOKMARK [3][-]{subsubsection.2.1.2}{\376\377\145\207\150\143\124\214\116\073\230\230\166\204\165\037\142\020\217\307\172\013}{subsection.2.1}% 5
\BOOKMARK [3][-]{subsubsection.2.1.3}{\376\377\000L\000D\000A\000\040\133\371\136\224\151\202\163\207\122\006\136\003\123\312\154\102\211\343\145\271\137\017}{subsection.2.1}% 6
\BOOKMARK [2][-]{subsection.2.2}{\376\377\000G\000i\000b\000b\000s\000\040\221\307\150\067}{section.2}% 7
\BOOKMARK [3][-]{subsubsection.2.2.1}{\376\377\000G\000i\000b\000b\000s\000\040\221\307\150\067\173\227\154\325}{subsection.2.2}% 8
\BOOKMARK [3][-]{subsubsection.2.2.2}{\376\377\117\060\213\241\000\040\000L\000D\000A\000\040\152\041\127\213\123\302\145\160}{subsection.2.2}% 9
\BOOKMARK [3][-]{subsubsection.2.2.3}{\376\377\213\255\176\303\176\310\153\142\147\141\116\366\000/\145\066\145\133\147\141\116\366}{subsection.2.2}% 10
\BOOKMARK [1][-]{section.3}{\376\377\172\013\136\217\151\202\211\201}{}% 11
\BOOKMARK [2][-]{subsection.3.1}{\376\377\145\160\143\156\226\306\116\313\176\315}{section.3}% 12
\BOOKMARK [2][-]{subsection.3.2}{\376\377\230\204\131\004\164\006}{section.3}% 13
\BOOKMARK [2][-]{subsection.3.3}{\376\377\123\302\145\160\213\276\177\156}{section.3}% 14
\BOOKMARK [1][-]{section.4}{\376\377\133\236\232\214\176\323\147\234}{}% 15
\BOOKMARK [2][-]{subsection.4.1}{\376\377\000C\000a\000t\000-\000C\000o\000m\000p\000u\000t\000e\000r\000\040\145\160\143\156\226\306}{section.4}% 16
\BOOKMARK [2][-]{subsection.4.2}{\376\377\145\260\225\373\145\160\143\156\226\306}{section.4}% 17
\BOOKMARK [3][-]{subsubsection.4.2.1}{\376\377\213\255\176\303\217\307\172\013\146\362\176\277}{subsection.4.2}% 18
\BOOKMARK [3][-]{subsubsection.4.2.2}{\376\377\213\335\230\230\166\204\121\163\225\056\213\315\176\323\147\234\213\364\146\016}{subsection.4.2}% 19
\BOOKMARK [3][-]{subsubsection.4.2.3}{\376\377\145\207\150\143\122\006\174\173\176\323\147\234\213\364\146\016}{subsection.4.2}% 20
\BOOKMARK [1][-]{section.5}{\376\377\133\236\232\214\140\073\176\323}{}% 21
