\BOOKMARK [1][-]{section.1}{}{}% 1
\BOOKMARK [2][-]{subsection.1.1}{\376\377\165\050\117\213\126\376}{section.1}% 2
\BOOKMARK [2][-]{subsection.1.2}{\376\377\165\050\117\213\210\150}{section.1}% 3
\BOOKMARK [3][-]{subsubsection.1.2.1}{\376\377\165\050\117\213\000:\000\040\133\242\142\067\134\006\224\366\210\114\123\141\143\322\121\145\213\373\123\141\126\150\000,\232\214\213\301\167\037\117\052}{subsection.1.2}% 4
\BOOKMARK [3][-]{subsubsection.1.2.2}{\376\377\165\050\117\213\000:\000\040\165\050\142\067\220\032\217\307\225\056\166\330\217\223\121\145\133\306\170\001\000,\000\040\123\326\153\076\147\072\232\214\213\301\133\306\170\001\146\057\124\046\147\011\145\110}{subsection.1.2}% 5
\BOOKMARK [3][-]{subsubsection.1.2.3}{\376\377\165\050\117\213\000:\000\040\165\050\142\067\220\011\142\351\116\032\122\241\136\166\144\315\117\134\000\050\224\366\210\114\123\141\122\237\200\375\000\051\040\024\040\024\133\130\153\076}{subsection.1.2}% 6
\BOOKMARK [3][-]{subsubsection.1.2.4}{\376\377\165\050\117\213\000:\000\040\165\050\142\067\220\011\142\351\116\032\122\241\136\166\144\315\117\134\000\050\224\366\210\114\123\141\122\237\200\375\000\051\040\024\040\024\123\326\153\076}{subsection.1.2}% 7
\BOOKMARK [3][-]{subsubsection.1.2.5}{\376\377\165\050\117\213\000:\000\040\165\050\142\067\220\011\142\351\116\032\122\241\136\166\144\315\117\134\000\050\224\366\210\114\123\141\122\237\200\375\000\051\040\024\040\024\147\345\213\342\215\046\142\067}{subsection.1.2}% 8
\BOOKMARK [3][-]{subsubsection.1.2.6}{\376\377\165\050\117\213\000:\000\040\165\050\142\067\220\011\142\351\116\032\122\241\136\166\144\315\117\134\000\050\224\366\210\114\123\141\122\237\200\375\000\051\040\024\040\024\117\356\145\071\133\306\170\001}{subsection.1.2}% 9
\BOOKMARK [3][-]{subsubsection.1.2.7}{\376\377\165\050\117\213\000:\000\040\165\050\142\067\220\011\142\351\116\032\122\241\136\166\144\315\117\134\000\050\117\341\165\050\123\141\122\237\200\375\000\051\040\024\040\024\147\345\213\342}{subsection.1.2}% 10
\BOOKMARK [3][-]{subsubsection.1.2.8}{\376\377\165\050\117\213\000:\000\040\165\050\142\067\220\011\142\351\116\032\122\241\136\166\144\315\117\134\000\050\117\341\165\050\123\141\122\237\200\375\000\051\040\024\040\024\217\330\153\076}{subsection.1.2}% 11
\BOOKMARK [3][-]{subsubsection.1.2.9}{\376\377\165\050\117\213\000:\000\040\224\366\210\114\200\114\124\130\217\333\210\114\213\276\131\007\176\364\142\244}{subsection.1.2}% 12
\BOOKMARK [3][-]{subsubsection.1.2.10}{\376\377\165\050\117\213\000:\000\040\224\366\210\114\200\114\124\130\155\373\122\240\163\260\221\321}{subsection.1.2}% 13
\BOOKMARK [1][-]{section.2}{\376\377\0002}{}% 14
\BOOKMARK [2][-]{subsection.2.1}{\376\377\165\050\117\213\126\376}{section.2}% 15
\BOOKMARK [2][-]{subsection.2.2}{\376\377\165\050\117\213\210\150}{section.2}% 16
\BOOKMARK [3][-]{subsubsection.2.2.1}{\376\377\165\050\117\213\000:\000\040\117\001\116\032\165\050\142\067\116\012\117\040\136\224\165\050\122\060\150\300\155\113\136\163\123\360\150\300\155\113}{subsection.2.2}% 17
\BOOKMARK [3][-]{subsubsection.2.2.2}{\376\377\165\050\117\213\000:\000\040\117\001\116\032\165\050\142\067\147\345\167\013\217\333\210\114\116\055\116\373\122\241}{subsection.2.2}% 18
\BOOKMARK [3][-]{subsubsection.2.2.3}{\376\377\165\050\117\213\000:\000\040\117\001\116\032\165\050\142\067\123\326\155\210\217\333\210\114\116\055\116\373\122\241}{subsection.2.2}% 19
\BOOKMARK [3][-]{subsubsection.2.2.4}{\376\377\165\050\117\213\000:\000\040\117\001\116\032\165\050\142\067\155\117\211\310\123\206\123\362\150\300\155\113\116\373\122\241\145\160\143\156}{subsection.2.2}% 20
\BOOKMARK [3][-]{subsubsection.2.2.5}{\376\377\165\050\117\213\000:\000\040\174\373\176\337\173\241\164\006\124\130\147\345\167\013\145\160\143\156\136\223\121\205\213\260\137\125\166\204\213\276\131\007\162\266\140\001}{subsection.2.2}% 21
\BOOKMARK [3][-]{subsubsection.2.2.6}{\376\377\165\050\117\213\000:\000\040\174\373\176\337\173\241\164\006\124\130\146\364\143\142\200\001\145\347\213\276\131\007}{subsection.2.2}% 22
\BOOKMARK [3][-]{subsubsection.2.2.7}{\376\377\165\050\117\213\000:\000\040\174\373\176\337\173\241\164\006\124\130\155\373\122\240\145\260\213\276\131\007}{subsection.2.2}% 23
