(0000) 3000  0011000000000000 (   1)                 .ORIG x3000
(3000) 2252  0010001001010010 (   9)                 LD    R1 DEST
(3001) 2453  0010010001010011 (  10)                 LD    R2 nDEST_END100
(3002) 56E0  0101011011100000 (  11)                 AND   R3 R3 #0
(3003) 16FF  0001011011111111 (  12)                 ADD   R3 R3 #-1
(3004) 7640  0111011001000000 (  13) SETn1_LOOP      STR   R3 R1 #0
(3005) 1261  0001001001100001 (  14)                 ADD   R1 R1 #1
(3006) 1A42  0001101001000010 (  15)                 ADD   R5 R1 R2
(3007) 0DFC  0000110111111100 (  16)                 BRNZ  SETn1_LOOP
(3008) 2248  0010001001001000 (  26)                 LD    R1 GRADE
(3009) 2448  0010010001001000 (  27)                 LD    R2 nGRADE_END
(300A) 2649  0010011001001001 (  28)                 LD    R3 DEST_END100
(300B) 6840  0110100001000000 (  30) SEARCH_LOOP     LDR   R4 R1 #0
(300C) 9B3F  1001101100111111 (  31)                 NOT   R5 R4
(300D) 1B61  0001101101100001 (  32)                 ADD   R5 R5 #1
(300E) 1B43  0001101101000011 (  33)                 ADD   R5 R5 R3
(300F) 7940  0111100101000000 (  34)                 STR   R4 R5 #0
(3010) 1261  0001001001100001 (  35)                 ADD   R1 R1 #1
(3011) 1A42  0001101001000010 (  36)                 ADD   R5 R1 R2
(3012) 0DF8  0000110111111000 (  37)                 BRNZ  SEARCH_LOOP
(3013) 223F  0010001000111111 (  46)                 LD    R1 DEST
(3014) 243E  0010010000111110 (  47)                 LD    R2 DEST
(3015) 2640  0010011001000000 (  48)                 LD    R3 nDEST_END
(3016) 14A1  0001010010100001 (  50) SORT_LOOP       ADD   R2 R2 #1
(3017) 68BF  0110100010111111 (  51)                 LDR   R4 R2 #-1
(3018) 09FD  0000100111111101 (  52)                 BRN   SORT_LOOP
(3019) 2A32  0010101000110010 (  56)                 LD    R5 A_GRADE
(301A) 9B7F  1001101101111111 (  57)                 NOT   R5 R5
(301B) 1B61  0001101101100001 (  58)                 ADD   R5 R5 #1
(301C) 1B05  0001101100000101 (  59)                 ADD   R5 R4 R5
(301D) 0809  0000100000001001 (  60)                 BRN   NOTA
(301E) 2A30  0010101000110000 (  61)                 LD    R5 A_RANK
(301F) 9B7F  1001101101111111 (  62)                 NOT   R5 R5
(3020) 1B61  0001101101100001 (  63)                 ADD   R5 R5 #1
(3021) 1A45  0001101001000101 (  64)                 ADD   R5 R1 R5
(3022) 0204  0000001000000100 (  65)                 BRP   NOTA
(3023) AA33  1010101000110011 (  66)                 LDI   R5 As
(3024) 1B61  0001101101100001 (  67)                 ADD   R5 R5 #1
(3025) BA31  1011101000110001 (  68)                 STI   R5 As
(3026) 0E1A  0000111000011010 (  69)                 BRNZP LOOP_PRE
(3027) 2A25  0010101000100101 (  71) NOTA            LD    R5 B_GRADE
(3028) 9B7F  1001101101111111 (  72)                 NOT   R5 R5
(3029) 1B61  0001101101100001 (  73)                 ADD   R5 R5 #1
(302A) 1B05  0001101100000101 (  74)                 ADD   R5 R4 R5
(302B) 0809  0000100000001001 (  75)                 BRN   NOTB
(302C) 2A23  0010101000100011 (  76)                 LD    R5 B_RANK
(302D) 9B7F  1001101101111111 (  77)                 NOT   R5 R5
(302E) 1B61  0001101101100001 (  78)                 ADD   R5 R5 #1
(302F) 1A45  0001101001000101 (  79)                 ADD   R5 R1 R5
(3030) 03F6  0000001111110110 (  80)                 BRP   NOTA
(3031) AA26  1010101000100110 (  81)                 LDI   R5 Bs
(3032) 1B61  0001101101100001 (  82)                 ADD   R5 R5 #1
(3033) BA24  1011101000100100 (  83)                 STI   R5 Bs
(3034) 0E0C  0000111000001100 (  84)                 BRNZP LOOP_PRE
(3035) 2A18  0010101000011000 (  86) NOTB            LD    R5 D_GRADE
(3036) 9B7F  1001101101111111 (  87)                 NOT   R5 R5
(3037) 1B61  0001101101100001 (  88)                 ADD   R5 R5 #1
(3038) 1B05  0001101100000101 (  89)                 ADD   R5 R4 R5
(3039) 0204  0000001000000100 (  90)                 BRP   NOTD
(303A) AA1F  1010101000011111 (  91)                 LDI   R5 Ds
(303B) 1B61  0001101101100001 (  92)                 ADD   R5 R5 #1
(303C) BA1D  1011101000011101 (  93)                 STI   R5 Ds
(303D) 0E03  0000111000000011 (  94)                 BRNZP LOOP_PRE
(303E) AA1A  1010101000011010 (  96) NOTD            LDI   R5 Cs
(303F) 1B61  0001101101100001 (  97)                 ADD   R5 R5 #1
(3040) BA18  1011101000011000 (  98)                 STI   R5 Cs
(3041) 7840  0111100001000000 ( 101) LOOP_PRE        STR   R4 R1 #0
(3042) 1261  0001001001100001 ( 102)                 ADD   R1 R1 #1
(3043) 1AC1  0001101011000001 ( 103)                 ADD   R5 R3 R1
(3044) 0DD1  0000110111010001 ( 104)                 BRNZ  SORT_LOOP
(3045) 240F  0010010000001111 ( 112)                 LD    R2 nDEST_END100
(3046) 5920  0101100100100000 ( 113)                 AND   R4 R4 #0
(3047) 7840  0111100001000000 ( 114) SET0_LOOP       STR   R4 R1 #0
(3048) 1261  0001001001100001 ( 115)                 ADD   R1 R1 #1
(3049) 1A42  0001101001000010 ( 116)                 ADD   R5 R1 R2
(304A) 0DFC  0000110111111100 ( 117)                 BRNZ  SET0_LOOP
(304B) F025  1111000000100101 ( 119)                 TRAP  x25
(304C) 0055  0000000001010101 ( 121) A_GRADE         .FILL x0055
(304D) 004B  0000000001001011 ( 122) B_GRADE         .FILL x004B
(304E) 003B  0000000000111011 ( 123) D_GRADE         .FILL x003B
(304F) 4011  0100000000010001 ( 124) A_RANK          .FILL x4011
(3050) 401C  0100000000011100 ( 125) B_RANK          .FILL x401C
(3051) 3200  0011001000000000 ( 127) GRADE           .FILL x3200
(3052) CDC5  1100110111000101 ( 128) nGRADE_END      .FILL xCDC5
(3053) 4000  0100000000000000 ( 129) DEST            .FILL x4000
(3054) 4064  0100000001100100 ( 130) DEST_END100     .FILL x4064
(3055) BF9C  1011111110011100 ( 131) nDEST_END100    .FILL xBF9C
(3056) BFC5  1011111111000101 ( 132) nDEST_END       .FILL xBFC5
(3057) 4100  0100000100000000 ( 133) As              .FILL x4100
(3058) 4101  0100000100000001 ( 134) Bs              .FILL x4101
(3059) 4102  0100000100000010 ( 135) Cs              .FILL x4102
(305A) 4103  0100000100000011 ( 136) Ds              .FILL x4103
