(0000) 3000  0011000000000000 (   8)                 .ORIG x3000
(3000) 2855  0010100001010101 (   9)                 LD    R4 DEST
(3001) 2C51  0010110001010001 (  10)                 LD    R6 MAXGRADE
(3002) AA55  1010101001010101 (  11)                 LDI   R5 As
(3003) 5B60  0101101101100000 (  12)                 AND   R5 R5 #0
(3004) BA53  1011101001010011 (  13)                 STI   R5 As
(3005) BA53  1011101001010011 (  14)                 STI   R5 Bs
(3006) BA53  1011101001010011 (  15)                 STI   R5 Cs
(3007) BA53  1011101001010011 (  16)                 STI   R5 Ds
(3008) 264B  0010011001001011 (  18) storeLoop       LD    R3 GRADE
(3009) 54A0  0101010010100000 (  19)                 AND   R2 R2 #0
(300A) 62C0  0110001011000000 (  21) findMaxLoop     LDR   R1 R3 #0
(300B) 9ABF  1001101010111111 (  22)                 NOT   R5 R2
(300C) 1B61  0001101101100001 (  23)                 ADD   R5 R5 #1
(300D) 1B41  0001101101000001 (  24)                 ADD   R5 R5 R1
(300E) 0806  0000100000000110 (  25)                 BRN   nothing
(300F) 9BBF  1001101110111111 (  26)                 NOT   R5 R6
(3010) 1B61  0001101101100001 (  27)                 ADD   R5 R5 #1
(3011) 1B41  0001101101000001 (  28)                 ADD   R5 R5 R1
(3012) 0602  0000011000000010 (  29)                 BRZP  nothing
(3013) 54A0  0101010010100000 (  30)                 AND   R2 R2 #0
(3014) 1460  0001010001100000 (  31)                 ADD   R2 R1 #0
(3015) 16E1  0001011011100001 (  32) nothing         ADD   R3 R3 #1
(3016) 2A3E  0010101000111110 (  33)                 LD    R5 GRADE_END
(3017) 9B7F  1001101101111111 (  34)                 NOT   R5 R5
(3018) 1B61  0001101101100001 (  35)                 ADD   R5 R5 #1
(3019) 1B43  0001101101000011 (  36)                 ADD   R5 R5 R3
(301A) 0DEF  0000110111101111 (  37)                 BRNZ  findMaxLoop
(301B) 5DA0  0101110110100000 (  38)                 AND   R6 R6 #0
(301C) 1CA0  0001110010100000 (  39)                 ADD   R6 R2 #0
(301D) 7500  0111010100000000 (  40)                 STR   R2 R4 #0
(301E) 2A2E  0010101000101110 (  44)                 LD    R5 A_GRADE
(301F) 9B7F  1001101101111111 (  45)                 NOT   R5 R5
(3020) 1B61  0001101101100001 (  46)                 ADD   R5 R5 #1
(3021) 1A85  0001101010000101 (  47)                 ADD   R5 R2 R5
(3022) 0809  0000100000001001 (  48)                 BRN   NOTA
(3023) 2A2C  0010101000101100 (  49)                 LD    R5 A_RANK
(3024) 9B7F  1001101101111111 (  50)                 NOT   R5 R5
(3025) 1B61  0001101101100001 (  51)                 ADD   R5 R5 #1
(3026) 1AC5  0001101011000101 (  52)                 ADD   R5 R3 R5
(3027) 0204  0000001000000100 (  53)                 BRP   NOTA
(3028) AA2F  1010101000101111 (  54)                 LDI   R5 As
(3029) 1B61  0001101101100001 (  55)                 ADD   R5 R5 #1
(302A) BA2D  1011101000101101 (  56)                 STI   R5 As
(302B) 0E1A  0000111000011010 (  57)                 BRNZP LOOP_PRE
(302C) 2A21  0010101000100001 (  59) NOTA            LD    R5 B_GRADE
(302D) 9B7F  1001101101111111 (  60)                 NOT   R5 R5
(302E) 1B61  0001101101100001 (  61)                 ADD   R5 R5 #1
(302F) 1A85  0001101010000101 (  62)                 ADD   R5 R2 R5
(3030) 0809  0000100000001001 (  63)                 BRN   NOTB
(3031) 2A1F  0010101000011111 (  64)                 LD    R5 B_RANK
(3032) 9B7F  1001101101111111 (  65)                 NOT   R5 R5
(3033) 1B61  0001101101100001 (  66)                 ADD   R5 R5 #1
(3034) 1AC5  0001101011000101 (  67)                 ADD   R5 R3 R5
(3035) 03F6  0000001111110110 (  68)                 BRP   NOTA
(3036) AA22  1010101000100010 (  69)                 LDI   R5 Bs
(3037) 1B61  0001101101100001 (  70)                 ADD   R5 R5 #1
(3038) BA20  1011101000100000 (  71)                 STI   R5 Bs
(3039) 0E0C  0000111000001100 (  72)                 BRNZP LOOP_PRE
(303A) 2A14  0010101000010100 (  74) NOTB            LD    R5 D_GRADE
(303B) 9B7F  1001101101111111 (  75)                 NOT   R5 R5
(303C) 1B61  0001101101100001 (  76)                 ADD   R5 R5 #1
(303D) 1A85  0001101010000101 (  77)                 ADD   R5 R2 R5
(303E) 0204  0000001000000100 (  78)                 BRP   NOTD
(303F) AA1B  1010101000011011 (  79)                 LDI   R5 Ds
(3040) 1B61  0001101101100001 (  80)                 ADD   R5 R5 #1
(3041) BA19  1011101000011001 (  81)                 STI   R5 Ds
(3042) 0E03  0000111000000011 (  82)                 BRNZP LOOP_PRE
(3043) AA16  1010101000010110 (  84) NOTD            LDI   R5 Cs
(3044) 1B61  0001101101100001 (  85)                 ADD   R5 R5 #1
(3045) BA14  1011101000010100 (  86)                 STI   R5 Cs
(3046) 1921  0001100100100001 (  88) LOOP_PRE        ADD   R4 R4 #1
(3047) 2A0F  0010101000001111 (  89)                 LD    R5 DEST_END
(3048) 9B7F  1001101101111111 (  90)                 NOT   R5 R5
(3049) 1B61  0001101101100001 (  91)                 ADD   R5 R5 #1
(304A) 1B44  0001101101000100 (  92)                 ADD   R5 R5 R4
(304B) 0DBC  0000110110111100 (  93)                 BRNZ  storeLoop
(304C) F025  1111000000100101 (  94)                 TRAP  x25
(304D) 0055  0000000001010101 (  97) A_GRADE         .FILL x0055
(304E) 004B  0000000001001011 (  98) B_GRADE         .FILL x004B
(304F) 003B  0000000000111011 (  99) D_GRADE         .FILL x003B
(3050) 4011  0100000000010001 ( 100) A_RANK          .FILL x4011
(3051) 401C  0100000000011100 ( 101) B_RANK          .FILL x401C
(3052) 003C  0000000000111100 ( 103) NUM             .FILL x003C
(3053) 0069  0000000001101001 ( 104) MAXGRADE        .FILL x0069
(3054) 3200  0011001000000000 ( 105) GRADE           .FILL x3200
(3055) 323B  0011001000111011 ( 106) GRADE_END       .FILL x323B
(3056) 4000  0100000000000000 ( 107) DEST            .FILL x4000
(3057) 403B  0100000000111011 ( 108) DEST_END        .FILL x403B
(3058) 4100  0100000100000000 ( 109) As              .FILL x4100
(3059) 4101  0100000100000001 ( 110) Bs              .FILL x4101
(305A) 4102  0100000100000010 ( 111) Cs              .FILL x4102
(305B) 4103  0100000100000011 ( 112) Ds              .FILL x4103
