(0000) 3000  0011000000000000 (   1)                 .ORIG x3000
(3000) 5020  0101000000100000 (   2)                 AND   R0 R0 #0
(3001) 5260  0101001001100000 (   3)                 AND   R1 R1 #0
(3002) 54A0  0101010010100000 (   4)                 AND   R2 R2 #0
(3003) 56E0  0101011011100000 (   5)                 AND   R3 R3 #0
(3004) 5920  0101100100100000 (   6)                 AND   R4 R4 #0
(3005) 5B60  0101101101100000 (   7)                 AND   R5 R5 #0
(3006) 5DA0  0101110110100000 (   8)                 AND   R6 R6 #0
(3007) 5FE0  0101111111100000 (   9)                 AND   R7 R7 #0
(3008) 2C6F  0010110001101111 (  10)                 LD    R6 func_stack
(3009) 4802  0100100000000010 (  11)                 JSR   main
(300A) 2014  0010000000010100 (  12)                 LD    R0 main_ret
(300B) F025  1111000000100101 (  13)                 TRAP  x25
(300C) 3E13  0011111000010011 (  15) main            ST    R7 main_R7
(300D) F020  1111000000100000 (  16)                 TRAP  x20
(300E) 2267  0010001001100111 (  17)                 LD    R1 c_n30
(300F) 1201  0001001000000001 (  18)                 ADD   R1 R0 R1
(3010) 2C67  0010110001100111 (  19)                 LD    R6 func_stack
(3011) 7382  0111001110000010 (  20)                 STR   R1 R6 #2
(3012) 5260  0101001001100000 (  21)                 AND   R1 R1 #0
(3013) 7383  0111001110000011 (  22)                 STR   R1 R6 #3
(3014) 7384  0111001110000100 (  23)                 STR   R1 R6 #4
(3015) 7385  0111001110000101 (  24)                 STR   R1 R6 #5
(3016) 7386  0111001110000110 (  25)                 STR   R1 R6 #6
(3017) 7387  0111001110000111 (  26)                 STR   R1 R6 #7
(3018) 7388  0111001110001000 (  27)                 STR   R1 R6 #8
(3019) 4807  0100100000000111 (  28)                 JSR   func
(301A) 6180  0110000110000000 (  29)                 LDR   R0 R6 #0
(301B) 1DB4  0001110110110100 (  30)                 ADD   R6 R6 #-12
(301C) 3002  0011000000000010 (  31)                 ST    R0 main_ret
(301D) 2E02  0010111000000010 (  32)                 LD    R7 main_R7
(301E) C1C0  1100000111000000 (  33)                 RET   
(301F) 0000  0000000000000000 (  35) main_ret        .FILL x0000
(3020) 0000  0000000000000000 (  37) main_R7         .FILL x0000
(3021) 7F81  0111111110000001 (  37) func            STR   R7 R6 #1
(3022) F020  1111000000100000 (  38)                 TRAP  x20
(3023) 2252  0010001001010010 (  39)                 LD    R1 c_n30
(3024) 1001  0001000000000001 (  40)                 ADD   R0 R0 R1
(3025) 6383  0110001110000011 (  41)                 LDR   R1 R6 #3
(3026) 1001  0001000000000001 (  42)                 ADD   R0 R0 R1
(3027) 6384  0110001110000100 (  43)                 LDR   R1 R6 #4
(3028) 1001  0001000000000001 (  44)                 ADD   R0 R0 R1
(3029) 6385  0110001110000101 (  45)                 LDR   R1 R6 #5
(302A) 1001  0001000000000001 (  46)                 ADD   R0 R0 R1
(302B) 6386  0110001110000110 (  47)                 LDR   R1 R6 #6
(302C) 1001  0001000000000001 (  48)                 ADD   R0 R0 R1
(302D) 6387  0110001110000111 (  49)                 LDR   R1 R6 #7
(302E) 1001  0001000000000001 (  50)                 ADD   R0 R0 R1
(302F) 6388  0110001110001000 (  51)                 LDR   R1 R6 #8
(3030) 1001  0001000000000001 (  52)                 ADD   R0 R0 R1
(3031) 7189  0111000110001001 (  53)                 STR   R0 R6 #9
(3032) 6382  0110001110000010 (  55)                 LDR   R1 R6 #2
(3033) 147F  0001010001111111 (  56)                 ADD   R2 R1 #-1
(3034) 0C2A  0000110000101010 (  57)                 BRNZ  ELSE
(3035) 1DAC  0001110110101100 (  59)                 ADD   R6 R6 #12
(3036) 2640  0010011001000000 (  60)                 LD    R3 stack_size
(3037) 2840  0010100001000000 (  61)                 LD    R4 func_stack
(3038) 16C4  0001011011000100 (  62)                 ADD   R3 R3 R4
(3039) 96FF  1001011011111111 (  63)                 NOT   R3 R3
(303A) 16E1  0001011011100001 (  64)                 ADD   R3 R3 #1
(303B) 16C6  0001011011000110 (  65)                 ADD   R3 R3 R6
(303C) 0426  0000010000100110 (  66)                 BRZ   stackoverflow
(303D) 63B6  0110001110110110 (  67)                 LDR   R1 R6 #-10
(303E) 147F  0001010001111111 (  68)                 ADD   R2 R1 #-1
(303F) 7582  0111010110000010 (  69)                 STR   R2 R6 #2
(3040) 63B7  0110001110110111 (  70)                 LDR   R1 R6 #-9
(3041) 7383  0111001110000011 (  71)                 STR   R1 R6 #3
(3042) 63B8  0110001110111000 (  72)                 LDR   R1 R6 #-8
(3043) 7384  0111001110000100 (  73)                 STR   R1 R6 #4
(3044) 63B9  0110001110111001 (  74)                 LDR   R1 R6 #-7
(3045) 7385  0111001110000101 (  75)                 STR   R1 R6 #5
(3046) 63BA  0110001110111010 (  76)                 LDR   R1 R6 #-6
(3047) 7386  0111001110000110 (  77)                 STR   R1 R6 #6
(3048) 63BB  0110001110111011 (  78)                 LDR   R1 R6 #-5
(3049) 7387  0111001110000111 (  79)                 STR   R1 R6 #7
(304A) 63BC  0110001110111100 (  80)                 LDR   R1 R6 #-4
(304B) 7388  0111001110001000 (  81)                 STR   R1 R6 #8
(304C) 4FD4  0100111111010100 (  82)                 JSR   func
(304D) 6180  0110000110000000 (  83)                 LDR   R0 R6 #0
(304E) 71BE  0111000110111110 (  84)                 STR   R0 R6 #-2
(304F) 63B6  0110001110110110 (  85)                 LDR   R1 R6 #-10
(3050) 147E  0001010001111110 (  86)                 ADD   R2 R1 #-2
(3051) 7582  0111010110000010 (  87)                 STR   R2 R6 #2
(3052) 4FCE  0100111111001110 (  89)                 JSR   func
(3053) 6180  0110000110000000 (  90)                 LDR   R0 R6 #0
(3054) 71BF  0111000110111111 (  91)                 STR   R0 R6 #-1
(3055) 1DB4  0001110110110100 (  93)                 ADD   R6 R6 #-12
(3056) 6189  0110000110001001 (  95)                 LDR   R0 R6 #9
(3057) 638A  0110001110001010 (  96)                 LDR   R1 R6 #10
(3058) 1001  0001000000000001 (  97)                 ADD   R0 R0 R1
(3059) 638B  0110001110001011 (  98)                 LDR   R1 R6 #11
(305A) 1001  0001000000000001 (  99)                 ADD   R0 R0 R1
(305B) 103F  0001000000111111 ( 100)                 ADD   R0 R0 #-1
(305C) 7180  0111000110000000 ( 101)                 STR   R0 R6 #0
(305D) 6F81  0110111110000001 ( 103)                 LDR   R7 R6 #1
(305E) C1C0  1100000111000000 ( 104)                 RET   
(305F) 6189  0110000110001001 ( 106) ELSE            LDR   R0 R6 #9
(3060) 7180  0111000110000000 ( 107)                 STR   R0 R6 #0
(3061) 6F81  0110111110000001 ( 108)                 LDR   R7 R6 #1
(3062) C1C0  1100000111000000 ( 109)                 RET   
(3063) E002  1110000000000010 ( 110) stackoverflow   LEA   R0 sof_message
(3064) F022  1111000000100010 ( 111)                 TRAP  x22
(3065) F025  1111000000100101 ( 112)                 TRAP  x25
(3066) 0053  0000000001010011 ( 115) sof_message     .FILL x0053
(3067) 0074  0000000001110100 ( 115)                 .FILL x0074
(3068) 0061  0000000001100001 ( 115)                 .FILL x0061
(3069) 0063  0000000001100011 ( 115)                 .FILL x0063
(306A) 006B  0000000001101011 ( 115)                 .FILL x006B
(306B) 0020  0000000000100000 ( 115)                 .FILL x0020
(306C) 004F  0000000001001111 ( 115)                 .FILL x004F
(306D) 0076  0000000001110110 ( 115)                 .FILL x0076
(306E) 0065  0000000001100101 ( 115)                 .FILL x0065
(306F) 0072  0000000001110010 ( 115)                 .FILL x0072
(3070) 0046  0000000001000110 ( 115)                 .FILL x0046
(3071) 006C  0000000001101100 ( 115)                 .FILL x006C
(3072) 006F  0000000001101111 ( 115)                 .FILL x006F
(3073) 0077  0000000001110111 ( 115)                 .FILL x0077
(3074) 0021  0000000000100001 ( 115)                 .FILL x0021
(3075) 0000  0000000000000000 ( 115)                 .FILL x0000
(3076) FFD0  1111111111010000 ( 116) c_n30           .FILL xFFD0
(3077) 1C2C  0001110000101100 ( 118) stack_size      .FILL x1C2C
(3078) D000  1101000000000000 ( 119) func_stack      .FILL xD000
