(0000) 3200  0011001000000000 (   1)                 .ORIG x3200
(3200) 3495  0011010010010101 (   2)                 .FILL x3495
(3201) 6D18  0110110100011000 (   3)                 .FILL x6D18
(3202) 5D59  0101110101011001 (   4)                 .FILL x5D59
(3203) 10EC  0001000011101100 (   5)                 .FILL x10EC
(3204) 341F  0011010000011111 (   6)                 .FILL x341F
(3205) 6FEC  0110111111101100 (   7)                 .FILL x6FEC
(3206) 6EC4  0110111011000100 (   8)                 .FILL x6EC4
(3207) 3431  0011010000110001 (   9)                 .FILL x3431
(3208) 53FD  0101001111111101 (  10)                 .FILL x53FD
(3209) 4292  0100001010010010 (  11)                 .FILL x4292
(320A) 7254  0111001001010100 (  12)                 .FILL x7254
(320B) 003D  0000000000111101 (  13)                 .FILL x003D
(320C) 0FE4  0000111111100100 (  14)                 .FILL x0FE4
(320D) 41FB  0100000111111011 (  15)                 .FILL x41FB
(320E) 2103  0010000100000011 (  16)                 .FILL x2103
(320F) 1AB1  0001101010110001 (  17)                 .FILL x1AB1
(3210) 4545  0100010101000101 (  18)                 .FILL x4545
(3211) 2AE1  0010101011100001 (  19)                 .FILL x2AE1
(3212) 0574  0000010101110100 (  20)                 .FILL x0574
(3213) 6136  0110000100110110 (  21)                 .FILL x6136
(3214) 2274  0010001001110100 (  22)                 .FILL x2274
(3215) 5C5B  0101110001011011 (  23)                 .FILL x5C5B
(3216) 0433  0000010000110011 (  24)                 .FILL x0433
(3217) 60B4  0110000010110100 (  25)                 .FILL x60B4
(3218) 1109  0001000100001001 (  26)                 .FILL x1109
(3219) 28AF  0010100010101111 (  27)                 .FILL x28AF
(321A) 393D  0011100100111101 (  28)                 .FILL x393D
(321B) 4CC5  0100110011000101 (  29)                 .FILL x4CC5
(321C) 1F87  0001111110000111 (  30)                 .FILL x1F87
(321D) 2867  0010100001100111 (  31)                 .FILL x2867
(321E) 4EC3  0100111011000011 (  32)                 .FILL x4EC3
(321F) 0B69  0000101101101001 (  33)                 .FILL x0B69
(3220) 2E3B  0010111000111011 (  34)                 .FILL x2E3B
(3221) 43A7  0100001110100111 (  35)                 .FILL x43A7
(3222) 312B  0011000100101011 (  36)                 .FILL x312B
(3223) 28FB  0010100011111011 (  37)                 .FILL x28FB
(3224) 6367  0110001101100111 (  38)                 .FILL x6367
(3225) 65BD  0110010110111101 (  39)                 .FILL x65BD
(3226) 4458  0100010001011000 (  40)                 .FILL x4458
(3227) 4863  0100100001100011 (  41)                 .FILL x4863
(3228) 2AA0  0010101010100000 (  42)                 .FILL x2AA0
(3229) 0EFA  0000111011111010 (  43)                 .FILL x0EFA
(322A) 7E2B  0111111000101011 (  44)                 .FILL x7E2B
(322B) 638E  0110001110001110 (  45)                 .FILL x638E
(322C) 4375  0100001101110101 (  46)                 .FILL x4375
(322D) 38C0  0011100011000000 (  47)                 .FILL x38C0
(322E) 0A49  0000101001001001 (  48)                 .FILL x0A49
(322F) 701B  0111000000011011 (  49)                 .FILL x701B
(3230) 2351  0010001101010001 (  50)                 .FILL x2351
(3231) 3FDD  0011111111011101 (  51)                 .FILL x3FDD
(3232) 5B1F  0101101100011111 (  52)                 .FILL x5B1F
(3233) 3C57  0011110001010111 (  53)                 .FILL x3C57
(3234) 2EA3  0010111010100011 (  54)                 .FILL x2EA3
(3235) 4917  0100100100010111 (  55)                 .FILL x4917
(3236) 4C24  0100110000100100 (  56)                 .FILL x4C24
(3237) 186C  0001100001101100 (  57)                 .FILL x186C
(3238) 0D3B  0000110100111011 (  58)                 .FILL x0D3B
(3239) 5408  0101010000001000 (  59)                 .FILL x5408
(323A) 395E  0011100101011110 (  60)                 .FILL x395E
(323B) 1FD5  0001111111010101 (  61)                 .FILL x1FD5
(323C) 1DF7  0001110111110111 (  62)                 .FILL x1DF7
(323D) 702D  0111000000101101 (  63)                 .FILL x702D
(323E) 3028  0011000000101000 (  64)                 .FILL x3028
(323F) 3715  0011011100010101 (  65)                 .FILL x3715
(3240) 4DA0  0100110110100000 (  66)                 .FILL x4DA0
(3241) 4839  0100100000111001 (  67)                 .FILL x4839
(3242) 1D32  0001110100110010 (  68)                 .FILL x1D32
(3243) 11A9  0001000110101001 (  69)                 .FILL x11A9
(3244) 550F  0101010100001111 (  70)                 .FILL x550F
(3245) 77AF  0111011110101111 (  71)                 .FILL x77AF
(3246) 1BC9  0001101111001001 (  72)                 .FILL x1BC9
(3247) 543B  0101010000111011 (  73)                 .FILL x543B
(3248) 2294  0010001010010100 (  74)                 .FILL x2294
(3249) 5EAF  0101111010101111 (  75)                 .FILL x5EAF
(324A) 4A59  0100101001011001 (  76)                 .FILL x4A59
(324B) 2718  0010011100011000 (  77)                 .FILL x2718
(324C) 7298  0111001010011000 (  78)                 .FILL x7298
(324D) 6810  0110100000010000 (  79)                 .FILL x6810
(324E) 4830  0100100000110000 (  80)                 .FILL x4830
(324F) 4CE4  0100110011100100 (  81)                 .FILL x4CE4
(3250) 5B80  0101101110000000 (  82)                 .FILL x5B80
(3251) 75B0  0111010110110000 (  83)                 .FILL x75B0
(3252) 4084  0100000010000100 (  84)                 .FILL x4084
(3253) 118D  0001000110001101 (  85)                 .FILL x118D
(3254) 50D5  0101000011010101 (  86)                 .FILL x50D5
(3255) 6708  0110011100001000 (  87)                 .FILL x6708
(3256) 26B8  0010011010111000 (  88)                 .FILL x26B8
(3257) 257D  0010010101111101 (  89)                 .FILL x257D
(3258) 61A2  0110000110100010 (  90)                 .FILL x61A2
(3259) 6E04  0110111000000100 (  91)                 .FILL x6E04
(325A) 07DB  0000011111011011 (  92)                 .FILL x07DB
(325B) 3914  0011100100010100 (  93)                 .FILL x3914
(325C) 361E  0011011000011110 (  94)                 .FILL x361E
(325D) 2611  0010011000010001 (  95)                 .FILL x2611
(325E) 1572  0001010101110010 (  96)                 .FILL x1572
(325F) 6C55  0110110001010101 (  97)                 .FILL x6C55
(3260) 108B  0001000010001011 (  98)                 .FILL x108B
(3261) 2177  0010000101110111 (  99)                 .FILL x2177
(3262) 4D77  0100110101110111 ( 100)                 .FILL x4D77
(3263) 66DF  0110011011011111 ( 101)                 .FILL x66DF
(3264) 555E  0101010101011110 ( 102)                 .FILL x555E
(3265) 60E9  0110000011101001 ( 103)                 .FILL x60E9
(3266) 63A1  0110001110100001 ( 104)                 .FILL x63A1
(3267) 2C1F  0010110000011111 ( 105)                 .FILL x2C1F
(3268) 5EA0  0101111010100000 ( 106)                 .FILL x5EA0
(3269) 695A  0110100101011010 ( 107)                 .FILL x695A
(326A) 4FE6  0100111111100110 ( 108)                 .FILL x4FE6
(326B) 7FC5  0111111111000101 ( 109)                 .FILL x7FC5
(326C) 1E94  0001111010010100 ( 110)                 .FILL x1E94
(326D) 6C13  0110110000010011 ( 111)                 .FILL x6C13
(326E) 263F  0010011000111111 ( 112)                 .FILL x263F
(326F) 6E74  0110111001110100 ( 113)                 .FILL x6E74
(3270) 559A  0101010110011010 ( 114)                 .FILL x559A
(3271) 3503  0011010100000011 ( 115)                 .FILL x3503
(3272) 1BAB  0001101110101011 ( 116)                 .FILL x1BAB
(3273) 4EBE  0100111010111110 ( 117)                 .FILL x4EBE
(3274) 5F53  0101111101010011 ( 118)                 .FILL x5F53
(3275) 5356  0101001101010110 ( 119)                 .FILL x5356
(3276) 5C76  0101110001110110 ( 120)                 .FILL x5C76
(3277) 4E4F  0100111001001111 ( 121)                 .FILL x4E4F
(3278) 5B06  0101101100000110 ( 122)                 .FILL x5B06
(3279) 3049  0011000001001001 ( 123)                 .FILL x3049
(327A) 17BB  0001011110111011 ( 124)                 .FILL x17BB
(327B) 5F68  0101111101101000 ( 125)                 .FILL x5F68
(327C) 3343  0011001101000011 ( 126)                 .FILL x3343
(327D) 083C  0000100000111100 ( 127)                 .FILL x083C
(327E) 6428  0110010000101000 ( 128)                 .FILL x6428
(327F) 1A90  0001101010010000 ( 129)                 .FILL x1A90
(3280) 48C6  0100100011000110 ( 130)                 .FILL x48C6
(3281) 7A08  0111101000001000 ( 131)                 .FILL x7A08
(3282) 6201  0110001000000001 ( 132)                 .FILL x6201
(3283) 6886  0110100010000110 ( 133)                 .FILL x6886
(3284) 449D  0100010010011101 ( 134)                 .FILL x449D
(3285) 2094  0010000010010100 ( 135)                 .FILL x2094
(3286) 3E67  0011111001100111 ( 136)                 .FILL x3E67
(3287) 0879  0000100001111001 ( 137)                 .FILL x0879
(3288) 558E  0101010110001110 ( 138)                 .FILL x558E
(3289) 6AA3  0110101010100011 ( 139)                 .FILL x6AA3
(328A) 7BDB  0111101111011011 ( 140)                 .FILL x7BDB
(328B) 467B  0100011001111011 ( 141)                 .FILL x467B
(328C) 5CB3  0101110010110011 ( 142)                 .FILL x5CB3
(328D) 24F0  0010010011110000 ( 143)                 .FILL x24F0
(328E) 23FE  0010001111111110 ( 144)                 .FILL x23FE
(328F) 7634  0111011000110100 ( 145)                 .FILL x7634
(3290) 4D67  0100110101100111 ( 146)                 .FILL x4D67
(3291) 6A7D  0110101001111101 ( 147)                 .FILL x6A7D
(3292) 469A  0100011010011010 ( 148)                 .FILL x469A
(3293) 05D3  0000010111010011 ( 149)                 .FILL x05D3
(3294) 4466  0100010001100110 ( 150)                 .FILL x4466
(3295) 6F28  0110111100101000 ( 151)                 .FILL x6F28
(3296) 69E6  0110100111100110 ( 152)                 .FILL x69E6
(3297) 3D4A  0011110101001010 ( 153)                 .FILL x3D4A
(3298) 1A2F  0001101000101111 ( 154)                 .FILL x1A2F
(3299) 587F  0101100001111111 ( 155)                 .FILL x587F
(329A) 5006  0101000000000110 ( 156)                 .FILL x5006
(329B) 7DBB  0111110110111011 ( 157)                 .FILL x7DBB
(329C) 74AD  0111010010101101 ( 158)                 .FILL x74AD
(329D) 18D5  0001100011010101 ( 159)                 .FILL x18D5
(329E) 35D2  0011010111010010 ( 160)                 .FILL x35D2
(329F) 152D  0001010100101101 ( 161)                 .FILL x152D
(32A0) 1C17  0001110000010111 ( 162)                 .FILL x1C17
(32A1) 0096  0000000010010110 ( 163)                 .FILL x0096
(32A2) 6ED8  0110111011011000 ( 164)                 .FILL x6ED8
(32A3) 7A84  0111101010000100 ( 165)                 .FILL x7A84
(32A4) 1715  0001011100010101 ( 166)                 .FILL x1715
(32A5) 79D7  0111100111010111 ( 167)                 .FILL x79D7
(32A6) 02A4  0000001010100100 ( 168)                 .FILL x02A4
(32A7) 05B0  0000010110110000 ( 169)                 .FILL x05B0
(32A8) 5224  0101001000100100 ( 170)                 .FILL x5224
(32A9) 2231  0010001000110001 ( 171)                 .FILL x2231
(32AA) 2F3F  0010111100111111 ( 172)                 .FILL x2F3F
(32AB) 7824  0111100000100100 ( 173)                 .FILL x7824
(32AC) 563B  0101011000111011 ( 174)                 .FILL x563B
(32AD) 36D0  0011011011010000 ( 175)                 .FILL x36D0
(32AE) 74F5  0111010011110101 ( 176)                 .FILL x74F5
(32AF) 698A  0110100110001010 ( 177)                 .FILL x698A
(32B0) 52AF  0101001010101111 ( 178)                 .FILL x52AF
(32B1) 06C7  0000011011000111 ( 179)                 .FILL x06C7
(32B2) 0F5B  0000111101011011 ( 180)                 .FILL x0F5B
(32B3) 6CB5  0110110010110101 ( 181)                 .FILL x6CB5
(32B4) 7E54  0111111001010100 ( 182)                 .FILL x7E54
(32B5) 5FA6  0101111110100110 ( 183)                 .FILL x5FA6
(32B6) 7F91  0111111110010001 ( 184)                 .FILL x7F91
(32B7) 00D7  0000000011010111 ( 185)                 .FILL x00D7
(32B8) 13E5  0001001111100101 ( 186)                 .FILL x13E5
(32B9) 284F  0010100001001111 ( 187)                 .FILL x284F
(32BA) 0BC5  0000101111000101 ( 188)                 .FILL x0BC5
(32BB) 22F4  0010001011110100 ( 189)                 .FILL x22F4
(32BC) 6DA5  0110110110100101 ( 190)                 .FILL x6DA5
(32BD) 1E05  0001111000000101 ( 191)                 .FILL x1E05
(32BE) 57F8  0101011111111000 ( 192)                 .FILL x57F8
(32BF) 1396  0001001110010110 ( 193)                 .FILL x1396
(32C0) 0447  0000010001000111 ( 194)                 .FILL x0447
(32C1) 67C6  0110011111000110 ( 195)                 .FILL x67C6
(32C2) 7C05  0111110000000101 ( 196)                 .FILL x7C05
(32C3) 24C3  0010010011000011 ( 197)                 .FILL x24C3
(32C4) 550B  0101010100001011 ( 198)                 .FILL x550B
(32C5) 73DB  0111001111011011 ( 199)                 .FILL x73DB
(32C6) 3ADF  0011101011011111 ( 200)                 .FILL x3ADF
(32C7) 242C  0010010000101100 ( 201)                 .FILL x242C
(32C8) 732B  0111001100101011 ( 202)                 .FILL x732B
(32C9) 53AD  0101001110101101 ( 203)                 .FILL x53AD
(32CA) 3F1A  0011111100011010 ( 204)                 .FILL x3F1A
(32CB) 35A7  0011010110100111 ( 205)                 .FILL x35A7
(32CC) 4875  0100100001110101 ( 206)                 .FILL x4875
(32CD) 09DA  0000100111011010 ( 207)                 .FILL x09DA
(32CE) 00AD  0000000010101101 ( 208)                 .FILL x00AD
(32CF) 31DF  0011000111011111 ( 209)                 .FILL x31DF
(32D0) 4939  0100100100111001 ( 210)                 .FILL x4939
(32D1) 7E88  0111111010001000 ( 211)                 .FILL x7E88
(32D2) 37F6  0011011111110110 ( 212)                 .FILL x37F6
(32D3) 5D4A  0101110101001010 ( 213)                 .FILL x5D4A
(32D4) 1F65  0001111101100101 ( 214)                 .FILL x1F65
(32D5) 0DFA  0000110111111010 ( 215)                 .FILL x0DFA
(32D6) 01FE  0000000111111110 ( 216)                 .FILL x01FE
(32D7) 0B5C  0000101101011100 ( 217)                 .FILL x0B5C
(32D8) 10EF  0001000011101111 ( 218)                 .FILL x10EF
(32D9) 6561  0110010101100001 ( 219)                 .FILL x6561
(32DA) 19FF  0001100111111111 ( 220)                 .FILL x19FF
(32DB) 01FB  0000000111111011 ( 221)                 .FILL x01FB
(32DC) 2573  0010010101110011 ( 222)                 .FILL x2573
(32DD) 21F4  0010000111110100 ( 223)                 .FILL x21F4
(32DE) 4C23  0100110000100011 ( 224)                 .FILL x4C23
(32DF) 3132  0011000100110010 ( 225)                 .FILL x3132
(32E0) 4F1E  0100111100011110 ( 226)                 .FILL x4F1E
(32E1) 6642  0110011001000010 ( 227)                 .FILL x6642
(32E2) 058F  0000010110001111 ( 228)                 .FILL x058F
(32E3) 1329  0001001100101001 ( 229)                 .FILL x1329
(32E4) 1ACA  0001101011001010 ( 230)                 .FILL x1ACA
(32E5) 59C7  0101100111000111 ( 231)                 .FILL x59C7
(32E6) 25A0  0010010110100000 ( 232)                 .FILL x25A0
(32E7) 4855  0100100001010101 ( 233)                 .FILL x4855
(32E8) 2B6A  0010101101101010 ( 234)                 .FILL x2B6A
(32E9) 46BE  0100011010111110 ( 235)                 .FILL x46BE
(32EA) 7474  0111010001110100 ( 236)                 .FILL x7474
(32EB) 43EC  0100001111101100 ( 237)                 .FILL x43EC
(32EC) 04A9  0000010010101001 ( 238)                 .FILL x04A9
(32ED) 4A37  0100101000110111 ( 239)                 .FILL x4A37
(32EE) 62AD  0110001010101101 ( 240)                 .FILL x62AD
(32EF) 1C9C  0001110010011100 ( 241)                 .FILL x1C9C
(32F0) 68CE  0110100011001110 ( 242)                 .FILL x68CE
(32F1) 4A69  0100101001101001 ( 243)                 .FILL x4A69
(32F2) 7671  0111011001110001 ( 244)                 .FILL x7671
(32F3) 557C  0101010101111100 ( 245)                 .FILL x557C
(32F4) 4DE3  0100110111100011 ( 246)                 .FILL x4DE3
(32F5) 2749  0010011101001001 ( 247)                 .FILL x2749
(32F6) 09B5  0000100110110101 ( 248)                 .FILL x09B5
(32F7) 3343  0011001101000011 ( 249)                 .FILL x3343
(32F8) 2E16  0010111000010110 ( 250)                 .FILL x2E16
(32F9) 595C  0101100101011100 ( 251)                 .FILL x595C
(32FA) 3DBC  0011110110111100 ( 252)                 .FILL x3DBC
(32FB) 71B8  0111000110111000 ( 253)                 .FILL x71B8
(32FC) 375F  0011011101011111 ( 254)                 .FILL x375F
(32FD) 72C9  0111001011001001 ( 255)                 .FILL x72C9
(32FE) 47DA  0100011111011010 ( 256)                 .FILL x47DA
(32FF) 6D69  0110110101101001 ( 257)                 .FILL x6D69
(3300) 1E63  0001111001100011 ( 258)                 .FILL x1E63
(3301) 36B2  0011011010110010 ( 259)                 .FILL x36B2
(3302) 7B7E  0111101101111110 ( 260)                 .FILL x7B7E
(3303) 15A0  0001010110100000 ( 261)                 .FILL x15A0
(3304) 1899  0001100010011001 ( 262)                 .FILL x1899
(3305) 3AC4  0011101011000100 ( 263)                 .FILL x3AC4
(3306) 3570  0011010101110000 ( 264)                 .FILL x3570
(3307) 3A93  0011101010010011 ( 265)                 .FILL x3A93
(3308) 41AB  0100000110101011 ( 266)                 .FILL x41AB
(3309) 470D  0100011100001101 ( 267)                 .FILL x470D
(330A) 0C56  0000110001010110 ( 268)                 .FILL x0C56
(330B) 0BDB  0000101111011011 ( 269)                 .FILL x0BDB
(330C) 701F  0111000000011111 ( 270)                 .FILL x701F
(330D) 680E  0110100000001110 ( 271)                 .FILL x680E
(330E) 6A7D  0110101001111101 ( 272)                 .FILL x6A7D
(330F) 5B27  0101101100100111 ( 273)                 .FILL x5B27
(3310) 3D36  0011110100110110 ( 274)                 .FILL x3D36
(3311) 6712  0110011100010010 ( 275)                 .FILL x6712
(3312) 74D6  0111010011010110 ( 276)                 .FILL x74D6
(3313) 7732  0111011100110010 ( 277)                 .FILL x7732
(3314) 4414  0100010000010100 ( 278)                 .FILL x4414
(3315) 1CBE  0001110010111110 ( 279)                 .FILL x1CBE
(3316) 633F  0110001100111111 ( 280)                 .FILL x633F
(3317) 32F2  0011001011110010 ( 281)                 .FILL x32F2
(3318) 5C22  0101110000100010 ( 282)                 .FILL x5C22
(3319) 51E8  0101000111101000 ( 283)                 .FILL x51E8
(331A) 2E04  0010111000000100 ( 284)                 .FILL x2E04
(331B) 6D13  0110110100010011 ( 285)                 .FILL x6D13
(331C) 52B1  0101001010110001 ( 286)                 .FILL x52B1
(331D) 22AD  0010001010101101 ( 287)                 .FILL x22AD
(331E) 34A6  0011010010100110 ( 288)                 .FILL x34A6
(331F) 2BA3  0010101110100011 ( 289)                 .FILL x2BA3
(3320) 67E0  0110011111100000 ( 290)                 .FILL x67E0
(3321) 17BD  0001011110111101 ( 291)                 .FILL x17BD
(3322) 41DB  0100000111011011 ( 292)                 .FILL x41DB
(3323) 200F  0010000000001111 ( 293)                 .FILL x200F
(3324) 12BF  0001001010111111 ( 294)                 .FILL x12BF
(3325) 69FA  0110100111111010 ( 295)                 .FILL x69FA
(3326) 10D5  0001000011010101 ( 296)                 .FILL x10D5
(3327) 274E  0010011101001110 ( 297)                 .FILL x274E
(3328) 50B4  0101000010110100 ( 298)                 .FILL x50B4
(3329) 2442  0010010001000010 ( 299)                 .FILL x2442
(332A) 37C7  0011011111000111 ( 300)                 .FILL x37C7
(332B) 1A5C  0001101001011100 ( 301)                 .FILL x1A5C
(332C) 041E  0000010000011110 ( 302)                 .FILL x041E
(332D) 1788  0001011110001000 ( 303)                 .FILL x1788
(332E) 1BA6  0001101110100110 ( 304)                 .FILL x1BA6
(332F) 02EA  0000001011101010 ( 305)                 .FILL x02EA
(3330) 2639  0010011000111001 ( 306)                 .FILL x2639
(3331) 552A  0101010100101010 ( 307)                 .FILL x552A
(3332) 512D  0101000100101101 ( 308)                 .FILL x512D
(3333) 0854  0000100001010100 ( 309)                 .FILL x0854
(3334) 5042  0101000001000010 ( 310)                 .FILL x5042
(3335) 237E  0010001101111110 ( 311)                 .FILL x237E
(3336) 0F23  0000111100100011 ( 312)                 .FILL x0F23
(3337) 28D3  0010100011010011 ( 313)                 .FILL x28D3
(3338) 5FDB  0101111111011011 ( 314)                 .FILL x5FDB
(3339) 20AE  0010000010101110 ( 315)                 .FILL x20AE
(333A) 15E0  0001010111100000 ( 316)                 .FILL x15E0
(333B) 12F4  0001001011110100 ( 317)                 .FILL x12F4
(333C) 3AB0  0011101010110000 ( 318)                 .FILL x3AB0
(333D) 07C7  0000011111000111 ( 319)                 .FILL x07C7
(333E) 300E  0011000000001110 ( 320)                 .FILL x300E
(333F) 3348  0011001101001000 ( 321)                 .FILL x3348
(3340) 755B  0111010101011011 ( 322)                 .FILL x755B
(3341) 4C0C  0100110000001100 ( 323)                 .FILL x4C0C
(3342) 30AD  0011000010101101 ( 324)                 .FILL x30AD
(3343) 4A5D  0100101001011101 ( 325)                 .FILL x4A5D
(3344) 6185  0110000110000101 ( 326)                 .FILL x6185
(3345) 7E90  0111111010010000 ( 327)                 .FILL x7E90
(3346) 1259  0001001001011001 ( 328)                 .FILL x1259
(3347) 1EEE  0001111011101110 ( 329)                 .FILL x1EEE
(3348) 474E  0100011101001110 ( 330)                 .FILL x474E
(3349) 3204  0011001000000100 ( 331)                 .FILL x3204
(334A) 1BD0  0001101111010000 ( 332)                 .FILL x1BD0
(334B) 2057  0010000001010111 ( 333)                 .FILL x2057
(334C) 4DEF  0100110111101111 ( 334)                 .FILL x4DEF
(334D) 50CD  0101000011001101 ( 335)                 .FILL x50CD
(334E) 2DAF  0010110110101111 ( 336)                 .FILL x2DAF
(334F) 0D4B  0000110101001011 ( 337)                 .FILL x0D4B
(3350) 579E  0101011110011110 ( 338)                 .FILL x579E
(3351) 195A  0001100101011010 ( 339)                 .FILL x195A
(3352) 1D7C  0001110101111100 ( 340)                 .FILL x1D7C
(3353) 72C9  0111001011001001 ( 341)                 .FILL x72C9
(3354) 54B3  0101010010110011 ( 342)                 .FILL x54B3
(3355) 34B4  0011010010110100 ( 343)                 .FILL x34B4
(3356) 41E9  0100000111101001 ( 344)                 .FILL x41E9
(3357) 174C  0001011101001100 ( 345)                 .FILL x174C
(3358) 5208  0101001000001000 ( 346)                 .FILL x5208
(3359) 1B56  0001101101010110 ( 347)                 .FILL x1B56
(335A) 1457  0001010001010111 ( 348)                 .FILL x1457
(335B) 2643  0010011001000011 ( 349)                 .FILL x2643
(335C) 46A5  0100011010100101 ( 350)                 .FILL x46A5
(335D) 3C40  0011110001000000 ( 351)                 .FILL x3C40
(335E) 0B9A  0000101110011010 ( 352)                 .FILL x0B9A
(335F) 2FC0  0010111111000000 ( 353)                 .FILL x2FC0
(3360) 649D  0110010010011101 ( 354)                 .FILL x649D
(3361) 1A47  0001101001000111 ( 355)                 .FILL x1A47
(3362) 13FC  0001001111111100 ( 356)                 .FILL x13FC
(3363) 5074  0101000001110100 ( 357)                 .FILL x5074
(3364) 7133  0111000100110011 ( 358)                 .FILL x7133
(3365) 53AF  0101001110101111 ( 359)                 .FILL x53AF
(3366) 4884  0100100010000100 ( 360)                 .FILL x4884
(3367) 15DB  0001010111011011 ( 361)                 .FILL x15DB
(3368) 6841  0110100001000001 ( 362)                 .FILL x6841
(3369) 47FB  0100011111111011 ( 363)                 .FILL x47FB
(336A) 5178  0101000101111000 ( 364)                 .FILL x5178
(336B) 72B4  0111001010110100 ( 365)                 .FILL x72B4
(336C) 6EDB  0110111011011011 ( 366)                 .FILL x6EDB
(336D) 5004  0101000000000100 ( 367)                 .FILL x5004
(336E) 0C20  0000110000100000 ( 368)                 .FILL x0C20
(336F) 57B4  0101011110110100 ( 369)                 .FILL x57B4
(3370) 592F  0101100100101111 ( 370)                 .FILL x592F
(3371) 3C49  0011110001001001 ( 371)                 .FILL x3C49
(3372) 5FCD  0101111111001101 ( 372)                 .FILL x5FCD
(3373) 447B  0100010001111011 ( 373)                 .FILL x447B
(3374) 47AF  0100011110101111 ( 374)                 .FILL x47AF
(3375) 0D86  0000110110000110 ( 375)                 .FILL x0D86
(3376) 641A  0110010000011010 ( 376)                 .FILL x641A
(3377) 64C7  0110010011000111 ( 377)                 .FILL x64C7
(3378) 1F73  0001111101110011 ( 378)                 .FILL x1F73
(3379) 1B88  0001101110001000 ( 379)                 .FILL x1B88
(337A) 3C72  0011110001110010 ( 380)                 .FILL x3C72
(337B) 0DE8  0000110111101000 ( 381)                 .FILL x0DE8
(337C) 61D8  0110000111011000 ( 382)                 .FILL x61D8
(337D) 1E3F  0001111000111111 ( 383)                 .FILL x1E3F
(337E) 4CD2  0100110011010010 ( 384)                 .FILL x4CD2
(337F) 3074  0011000001110100 ( 385)                 .FILL x3074
(3380) 276E  0010011101101110 ( 386)                 .FILL x276E
(3381) 4D15  0100110100010101 ( 387)                 .FILL x4D15
(3382) 2BD0  0010101111010000 ( 388)                 .FILL x2BD0
(3383) 123B  0001001000111011 ( 389)                 .FILL x123B
(3384) 4211  0100001000010001 ( 390)                 .FILL x4211
(3385) 087E  0000100001111110 ( 391)                 .FILL x087E
(3386) 75DD  0111010111011101 ( 392)                 .FILL x75DD
(3387) 647D  0110010001111101 ( 393)                 .FILL x647D
(3388) 4A55  0100101001010101 ( 394)                 .FILL x4A55
(3389) 41D0  0100000111010000 ( 395)                 .FILL x41D0
(338A) 65C7  0110010111000111 ( 396)                 .FILL x65C7
(338B) 0A5B  0000101001011011 ( 397)                 .FILL x0A5B
(338C) 1C28  0001110000101000 ( 398)                 .FILL x1C28
(338D) 1556  0001010101010110 ( 399)                 .FILL x1556
(338E) 5682  0101011010000010 ( 400)                 .FILL x5682
(338F) 238C  0010001110001100 ( 401)                 .FILL x238C
(3390) 06B2  0000011010110010 ( 402)                 .FILL x06B2
(3391) 4A9F  0100101010011111 ( 403)                 .FILL x4A9F
(3392) 1227  0001001000100111 ( 404)                 .FILL x1227
(3393) 2F51  0010111101010001 ( 405)                 .FILL x2F51
(3394) 3380  0011001110000000 ( 406)                 .FILL x3380
(3395) 2F1C  0010111100011100 ( 407)                 .FILL x2F1C
(3396) 123D  0001001000111101 ( 408)                 .FILL x123D
(3397) 5BAB  0101101110101011 ( 409)                 .FILL x5BAB
(3398) 08E2  0000100011100010 ( 410)                 .FILL x08E2
(3399) 7EEB  0111111011101011 ( 411)                 .FILL x7EEB
(339A) 1538  0001010100111000 ( 412)                 .FILL x1538
(339B) 54CB  0101010011001011 ( 413)                 .FILL x54CB
(339C) 0B91  0000101110010001 ( 414)                 .FILL x0B91
(339D) 4FED  0100111111101101 ( 415)                 .FILL x4FED
(339E) 2D3F  0010110100111111 ( 416)                 .FILL x2D3F
(339F) 28CA  0010100011001010 ( 417)                 .FILL x28CA
(33A0) 0395  0000001110010101 ( 418)                 .FILL x0395
(33A1) 331E  0011001100011110 ( 419)                 .FILL x331E
(33A2) 2C32  0010110000110010 ( 420)                 .FILL x2C32
(33A3) 139A  0001001110011010 ( 421)                 .FILL x139A
(33A4) 6866  0110100001100110 ( 422)                 .FILL x6866
(33A5) 0026  0000000000100110 ( 423)                 .FILL x0026
(33A6) 10EC  0001000011101100 ( 424)                 .FILL x10EC
(33A7) 473D  0100011100111101 ( 425)                 .FILL x473D
(33A8) 5852  0101100001010010 ( 426)                 .FILL x5852
(33A9) 7F2B  0111111100101011 ( 427)                 .FILL x7F2B
(33AA) 59C5  0101100111000101 ( 428)                 .FILL x59C5
(33AB) 0434  0000010000110100 ( 429)                 .FILL x0434
(33AC) 1F1E  0001111100011110 ( 430)                 .FILL x1F1E
(33AD) 64EA  0110010011101010 ( 431)                 .FILL x64EA
(33AE) 605B  0110000001011011 ( 432)                 .FILL x605B
(33AF) 163B  0001011000111011 ( 433)                 .FILL x163B
(33B0) 0FF0  0000111111110000 ( 434)                 .FILL x0FF0
(33B1) 5506  0101010100000110 ( 435)                 .FILL x5506
(33B2) 2293  0010001010010011 ( 436)                 .FILL x2293
(33B3) 0933  0000100100110011 ( 437)                 .FILL x0933
(33B4) 366D  0011011001101101 ( 438)                 .FILL x366D
(33B5) 5E9F  0101111010011111 ( 439)                 .FILL x5E9F
(33B6) 1CDA  0001110011011010 ( 440)                 .FILL x1CDA
(33B7) 2A60  0010101001100000 ( 441)                 .FILL x2A60
(33B8) 231E  0010001100011110 ( 442)                 .FILL x231E
(33B9) 2727  0010011100100111 ( 443)                 .FILL x2727
(33BA) 19B1  0001100110110001 ( 444)                 .FILL x19B1
(33BB) 29D4  0010100111010100 ( 445)                 .FILL x29D4
(33BC) 5718  0101011100011000 ( 446)                 .FILL x5718
(33BD) 3771  0011011101110001 ( 447)                 .FILL x3771
(33BE) 1A68  0001101001101000 ( 448)                 .FILL x1A68
(33BF) 702B  0111000000101011 ( 449)                 .FILL x702B
(33C0) 12DC  0001001011011100 ( 450)                 .FILL x12DC
(33C1) 1F0B  0001111100001011 ( 451)                 .FILL x1F0B
(33C2) 3D29  0011110100101001 ( 452)                 .FILL x3D29
(33C3) 7C79  0111110001111001 ( 453)                 .FILL x7C79
(33C4) 0C7C  0000110001111100 ( 454)                 .FILL x0C7C
(33C5) 61CE  0110000111001110 ( 455)                 .FILL x61CE
(33C6) 4439  0100010000111001 ( 456)                 .FILL x4439
(33C7) 5E81  0101111010000001 ( 457)                 .FILL x5E81
(33C8) 50FF  0101000011111111 ( 458)                 .FILL x50FF
(33C9) 63B3  0110001110110011 ( 459)                 .FILL x63B3
(33CA) 227B  0010001001111011 ( 460)                 .FILL x227B
(33CB) 2128  0010000100101000 ( 461)                 .FILL x2128
(33CC) 5507  0101010100000111 ( 462)                 .FILL x5507
(33CD) 46E9  0100011011101001 ( 463)                 .FILL x46E9
(33CE) 3136  0011000100110110 ( 464)                 .FILL x3136
(33CF) 3929  0011100100101001 ( 465)                 .FILL x3929
(33D0) 78B1  0111100010110001 ( 466)                 .FILL x78B1
(33D1) 7024  0111000000100100 ( 467)                 .FILL x7024
(33D2) 7317  0111001100010111 ( 468)                 .FILL x7317
(33D3) 4C09  0100110000001001 ( 469)                 .FILL x4C09
(33D4) 02BD  0000001010111101 ( 470)                 .FILL x02BD
(33D5) 2537  0010010100110111 ( 471)                 .FILL x2537
(33D6) 087A  0000100001111010 ( 472)                 .FILL x087A
(33D7) 634E  0110001101001110 ( 473)                 .FILL x634E
(33D8) 56EF  0101011011101111 ( 474)                 .FILL x56EF
(33D9) 79E5  0111100111100101 ( 475)                 .FILL x79E5
(33DA) 38E5  0011100011100101 ( 476)                 .FILL x38E5
(33DB) 5FEC  0101111111101100 ( 477)                 .FILL x5FEC
(33DC) 6BB4  0110101110110100 ( 478)                 .FILL x6BB4
(33DD) 7EF4  0111111011110100 ( 479)                 .FILL x7EF4
(33DE) 35D5  0011010111010101 ( 480)                 .FILL x35D5
(33DF) 4200  0100001000000000 ( 481)                 .FILL x4200
(33E0) 4309  0100001100001001 ( 482)                 .FILL x4309
(33E1) 6784  0110011110000100 ( 483)                 .FILL x6784
(33E2) 7ABE  0111101010111110 ( 484)                 .FILL x7ABE
(33E3) 18C0  0001100011000000 ( 485)                 .FILL x18C0
(33E4) 6A99  0110101010011001 ( 486)                 .FILL x6A99
(33E5) 189F  0001100010011111 ( 487)                 .FILL x189F
(33E6) 6E4D  0110111001001101 ( 488)                 .FILL x6E4D
(33E7) 2EB2  0010111010110010 ( 489)                 .FILL x2EB2
(33E8) 4725  0100011100100101 ( 490)                 .FILL x4725
(33E9) 5711  0101011100010001 ( 491)                 .FILL x5711
(33EA) 28F0  0010100011110000 ( 492)                 .FILL x28F0
(33EB) 461D  0100011000011101 ( 493)                 .FILL x461D
(33EC) 2F29  0010111100101001 ( 494)                 .FILL x2F29
(33ED) 077A  0000011101111010 ( 495)                 .FILL x077A
(33EE) 0498  0000010010011000 ( 496)                 .FILL x0498
(33EF) 79BE  0111100110111110 ( 497)                 .FILL x79BE
(33F0) 18BD  0001100010111101 ( 498)                 .FILL x18BD
(33F1) 34A1  0011010010100001 ( 499)                 .FILL x34A1
(33F2) 59BE  0101100110111110 ( 500)                 .FILL x59BE
(33F3) 15BB  0001010110111011 ( 501)                 .FILL x15BB
(33F4) 5EB9  0101111010111001 ( 502)                 .FILL x5EB9
(33F5) 500B  0101000000001011 ( 503)                 .FILL x500B
(33F6) 0DA4  0000110110100100 ( 504)                 .FILL x0DA4
(33F7) 7CDD  0111110011011101 ( 505)                 .FILL x7CDD
(33F8) 611C  0110000100011100 ( 506)                 .FILL x611C
(33F9) 60CD  0110000011001101 ( 507)                 .FILL x60CD
(33FA) 55DD  0101010111011101 ( 508)                 .FILL x55DD
(33FB) 6DF9  0110110111111001 ( 509)                 .FILL x6DF9
(33FC) 04AF  0000010010101111 ( 510)                 .FILL x04AF
(33FD) 149E  0001010010011110 ( 511)                 .FILL x149E
(33FE) 550F  0101010100001111 ( 512)                 .FILL x550F
(33FF) 3DAF  0011110110101111 ( 513)                 .FILL x3DAF
(3400) 55E5  0101010111100101 ( 514)                 .FILL x55E5
(3401) 6730  0110011100110000 ( 515)                 .FILL x6730
(3402) 74F8  0111010011111000 ( 516)                 .FILL x74F8
(3403) 5857  0101100001010111 ( 517)                 .FILL x5857
(3404) 5306  0101001100000110 ( 518)                 .FILL x5306
(3405) 53C1  0101001111000001 ( 519)                 .FILL x53C1
(3406) 21AF  0010000110101111 ( 520)                 .FILL x21AF
(3407) 2039  0010000000111001 ( 521)                 .FILL x2039
(3408) 218C  0010000110001100 ( 522)                 .FILL x218C
(3409) 44ED  0100010011101101 ( 523)                 .FILL x44ED
(340A) 4A2C  0100101000101100 ( 524)                 .FILL x4A2C
(340B) 7BFC  0111101111111100 ( 525)                 .FILL x7BFC
(340C) 32CE  0011001011001110 ( 526)                 .FILL x32CE
(340D) 36C6  0011011011000110 ( 527)                 .FILL x36C6
(340E) 4A0B  0100101000001011 ( 528)                 .FILL x4A0B
(340F) 2962  0010100101100010 ( 529)                 .FILL x2962
(3410) 1BDB  0001101111011011 ( 530)                 .FILL x1BDB
(3411) 3F26  0011111100100110 ( 531)                 .FILL x3F26
(3412) 208D  0010000010001101 ( 532)                 .FILL x208D
(3413) 2832  0010100000110010 ( 533)                 .FILL x2832
(3414) 24A9  0010010010101001 ( 534)                 .FILL x24A9
(3415) 7044  0111000001000100 ( 535)                 .FILL x7044
(3416) 18E0  0001100011100000 ( 536)                 .FILL x18E0
(3417) 5175  0101000101110101 ( 537)                 .FILL x5175
(3418) 526F  0101001001101111 ( 538)                 .FILL x526F
(3419) 4986  0100100110000110 ( 539)                 .FILL x4986
(341A) 47A0  0100011110100000 ( 540)                 .FILL x47A0
(341B) 6EE4  0110111011100100 ( 541)                 .FILL x6EE4
(341C) 714F  0111000101001111 ( 542)                 .FILL x714F
(341D) 2A96  0010101010010110 ( 543)                 .FILL x2A96
(341E) 019D  0000000110011101 ( 544)                 .FILL x019D
(341F) 66A2  0110011010100010 ( 545)                 .FILL x66A2
(3420) 6138  0110000100111000 ( 546)                 .FILL x6138
(3421) 7CB8  0111110010111000 ( 547)                 .FILL x7CB8
(3422) 2FDF  0010111111011111 ( 548)                 .FILL x2FDF
(3423) 4F27  0100111100100111 ( 549)                 .FILL x4F27
(3424) 2A0B  0010101000001011 ( 550)                 .FILL x2A0B
(3425) 065B  0000011001011011 ( 551)                 .FILL x065B
(3426) 24E7  0010010011100111 ( 552)                 .FILL x24E7
(3427) 7F7C  0111111101111100 ( 553)                 .FILL x7F7C
(3428) 1AFC  0001101011111100 ( 554)                 .FILL x1AFC
(3429) 1CED  0001110011101101 ( 555)                 .FILL x1CED
(342A) 5738  0101011100111000 ( 556)                 .FILL x5738
(342B) 6FAE  0110111110101110 ( 557)                 .FILL x6FAE
(342C) 793C  0111100100111100 ( 558)                 .FILL x793C
(342D) 28F4  0010100011110100 ( 559)                 .FILL x28F4
(342E) 2516  0010010100010110 ( 560)                 .FILL x2516
(342F) 7D7D  0111110101111101 ( 561)                 .FILL x7D7D
(3430) 01D5  0000000111010101 ( 562)                 .FILL x01D5
(3431) 305B  0011000001011011 ( 563)                 .FILL x305B
(3432) 058E  0000010110001110 ( 564)                 .FILL x058E
(3433) 6954  0110100101010100 ( 565)                 .FILL x6954
(3434) 42D5  0100001011010101 ( 566)                 .FILL x42D5
(3435) 5B09  0101101100001001 ( 567)                 .FILL x5B09
(3436) 4AB6  0100101010110110 ( 568)                 .FILL x4AB6
(3437) 1F7E  0001111101111110 ( 569)                 .FILL x1F7E
(3438) 0FAE  0000111110101110 ( 570)                 .FILL x0FAE
(3439) 25B9  0010010110111001 ( 571)                 .FILL x25B9
(343A) 5936  0101100100110110 ( 572)                 .FILL x5936
(343B) 2196  0010000110010110 ( 573)                 .FILL x2196
(343C) 14DD  0001010011011101 ( 574)                 .FILL x14DD
(343D) 3705  0011011100000101 ( 575)                 .FILL x3705
(343E) 7907  0111100100000111 ( 576)                 .FILL x7907
(343F) 243F  0010010000111111 ( 577)                 .FILL x243F
(3440) 4ECA  0100111011001010 ( 578)                 .FILL x4ECA
(3441) 0AC3  0000101011000011 ( 579)                 .FILL x0AC3
(3442) 237B  0010001101111011 ( 580)                 .FILL x237B
(3443) 3516  0011010100010110 ( 581)                 .FILL x3516
(3444) 67EF  0110011111101111 ( 582)                 .FILL x67EF
(3445) 6795  0110011110010101 ( 583)                 .FILL x6795
(3446) 727E  0111001001111110 ( 584)                 .FILL x727E
(3447) 7CE5  0111110011100101 ( 585)                 .FILL x7CE5
(3448) 423D  0100001000111101 ( 586)                 .FILL x423D
(3449) 52BC  0101001010111100 ( 587)                 .FILL x52BC
(344A) 151B  0001010100011011 ( 588)                 .FILL x151B
(344B) 721A  0111001000011010 ( 589)                 .FILL x721A
(344C) 2FBB  0010111110111011 ( 590)                 .FILL x2FBB
(344D) 762D  0111011000101101 ( 591)                 .FILL x762D
(344E) 6D42  0110110101000010 ( 592)                 .FILL x6D42
(344F) 0F77  0000111101110111 ( 593)                 .FILL x0F77
(3450) 1E71  0001111001110001 ( 594)                 .FILL x1E71
(3451) 2CE7  0010110011100111 ( 595)                 .FILL x2CE7
(3452) 3AC8  0011101011001000 ( 596)                 .FILL x3AC8
(3453) 630A  0110001100001010 ( 597)                 .FILL x630A
(3454) 3B84  0011101110000100 ( 598)                 .FILL x3B84
(3455) 2983  0010100110000011 ( 599)                 .FILL x2983
(3456) 77AF  0111011110101111 ( 600)                 .FILL x77AF
(3457) 0960  0000100101100000 ( 601)                 .FILL x0960
(3458) 51A2  0101000110100010 ( 602)                 .FILL x51A2
(3459) 6B0D  0110101100001101 ( 603)                 .FILL x6B0D
(345A) 49A8  0100100110101000 ( 604)                 .FILL x49A8
(345B) 68F6  0110100011110110 ( 605)                 .FILL x68F6
(345C) 66A0  0110011010100000 ( 606)                 .FILL x66A0
(345D) 7412  0111010000010010 ( 607)                 .FILL x7412
(345E) 2CD6  0010110011010110 ( 608)                 .FILL x2CD6
(345F) 41F0  0100000111110000 ( 609)                 .FILL x41F0
(3460) 5C62  0101110001100010 ( 610)                 .FILL x5C62
(3461) 77FA  0111011111111010 ( 611)                 .FILL x77FA
(3462) 3BD5  0011101111010101 ( 612)                 .FILL x3BD5
(3463) 660D  0110011000001101 ( 613)                 .FILL x660D
(3464) 18FC  0001100011111100 ( 614)                 .FILL x18FC
(3465) 7298  0111001010011000 ( 615)                 .FILL x7298
(3466) 38FB  0011100011111011 ( 616)                 .FILL x38FB
(3467) 2CDB  0010110011011011 ( 617)                 .FILL x2CDB
(3468) 7A16  0111101000010110 ( 618)                 .FILL x7A16
(3469) 5E00  0101111000000000 ( 619)                 .FILL x5E00
(346A) 3CDD  0011110011011101 ( 620)                 .FILL x3CDD
(346B) 7827  0111100000100111 ( 621)                 .FILL x7827
(346C) 1795  0001011110010101 ( 622)                 .FILL x1795
(346D) 7A99  0111101010011001 ( 623)                 .FILL x7A99
(346E) 2E15  0010111000010101 ( 624)                 .FILL x2E15
(346F) 5CB8  0101110010111000 ( 625)                 .FILL x5CB8
(3470) 1978  0001100101111000 ( 626)                 .FILL x1978
(3471) 5D73  0101110101110011 ( 627)                 .FILL x5D73
(3472) 6643  0110011001000011 ( 628)                 .FILL x6643
(3473) 433D  0100001100111101 ( 629)                 .FILL x433D
(3474) 24FF  0010010011111111 ( 630)                 .FILL x24FF
(3475) 38DA  0011100011011010 ( 631)                 .FILL x38DA
(3476) 2852  0010100001010010 ( 632)                 .FILL x2852
(3477) 1583  0001010110000011 ( 633)                 .FILL x1583
(3478) 2513  0010010100010011 ( 634)                 .FILL x2513
(3479) 132B  0001001100101011 ( 635)                 .FILL x132B
(347A) 4BFD  0100101111111101 ( 636)                 .FILL x4BFD
(347B) 4BEB  0100101111101011 ( 637)                 .FILL x4BEB
(347C) 71E2  0111000111100010 ( 638)                 .FILL x71E2
(347D) 5FE6  0101111111100110 ( 639)                 .FILL x5FE6
(347E) 4291  0100001010010001 ( 640)                 .FILL x4291
(347F) 6F1C  0110111100011100 ( 641)                 .FILL x6F1C
(3480) 1BCA  0001101111001010 ( 642)                 .FILL x1BCA
(3481) 2F05  0010111100000101 ( 643)                 .FILL x2F05
(3482) 58F4  0101100011110100 ( 644)                 .FILL x58F4
(3483) 61F5  0110000111110101 ( 645)                 .FILL x61F5
(3484) 5D78  0101110101111000 ( 646)                 .FILL x5D78
(3485) 668C  0110011010001100 ( 647)                 .FILL x668C
(3486) 5AE6  0101101011100110 ( 648)                 .FILL x5AE6
(3487) 07C5  0000011111000101 ( 649)                 .FILL x07C5
(3488) 7951  0111100101010001 ( 650)                 .FILL x7951
(3489) 3A62  0011101001100010 ( 651)                 .FILL x3A62
(348A) 7B87  0111101110000111 ( 652)                 .FILL x7B87
(348B) 1ABF  0001101010111111 ( 653)                 .FILL x1ABF
(348C) 0610  0000011000010000 ( 654)                 .FILL x0610
(348D) 565F  0101011001011111 ( 655)                 .FILL x565F
(348E) 2719  0010011100011001 ( 656)                 .FILL x2719
(348F) 46A8  0100011010101000 ( 657)                 .FILL x46A8
(3490) 6EB1  0110111010110001 ( 658)                 .FILL x6EB1
(3491) 6EA6  0110111010100110 ( 659)                 .FILL x6EA6
(3492) 2208  0010001000001000 ( 660)                 .FILL x2208
(3493) 5BD3  0101101111010011 ( 661)                 .FILL x5BD3
(3494) 298F  0010100110001111 ( 662)                 .FILL x298F
(3495) 2A35  0010101000110101 ( 663)                 .FILL x2A35
(3496) 1927  0001100100100111 ( 664)                 .FILL x1927
(3497) 2E4F  0010111001001111 ( 665)                 .FILL x2E4F
(3498) 6AC9  0110101011001001 ( 666)                 .FILL x6AC9
(3499) 1BBA  0001101110111010 ( 667)                 .FILL x1BBA
(349A) 073D  0000011100111101 ( 668)                 .FILL x073D
(349B) 755F  0111010101011111 ( 669)                 .FILL x755F
(349C) 55E9  0101010111101001 ( 670)                 .FILL x55E9
(349D) 3CA8  0011110010101000 ( 671)                 .FILL x3CA8
(349E) 13C0  0001001111000000 ( 672)                 .FILL x13C0
(349F) 3F2A  0011111100101010 ( 673)                 .FILL x3F2A
(34A0) 72C8  0111001011001000 ( 674)                 .FILL x72C8
(34A1) 1E8B  0001111010001011 ( 675)                 .FILL x1E8B
(34A2) 4EE0  0100111011100000 ( 676)                 .FILL x4EE0
(34A3) 4CB4  0100110010110100 ( 677)                 .FILL x4CB4
(34A4) 69AC  0110100110101100 ( 678)                 .FILL x69AC
(34A5) 4699  0100011010011001 ( 679)                 .FILL x4699
(34A6) 6EC8  0110111011001000 ( 680)                 .FILL x6EC8
(34A7) 6A0D  0110101000001101 ( 681)                 .FILL x6A0D
(34A8) 4AB4  0100101010110100 ( 682)                 .FILL x4AB4
(34A9) 6789  0110011110001001 ( 683)                 .FILL x6789
(34AA) 7220  0111001000100000 ( 684)                 .FILL x7220
(34AB) 16C9  0001011011001001 ( 685)                 .FILL x16C9
(34AC) 6476  0110010001110110 ( 686)                 .FILL x6476
(34AD) 6DA8  0110110110101000 ( 687)                 .FILL x6DA8
(34AE) 4BD6  0100101111010110 ( 688)                 .FILL x4BD6
(34AF) 12AF  0001001010101111 ( 689)                 .FILL x12AF
(34B0) 6DE6  0110110111100110 ( 690)                 .FILL x6DE6
(34B1) 1129  0001000100101001 ( 691)                 .FILL x1129
(34B2) 7C1E  0111110000011110 ( 692)                 .FILL x7C1E
(34B3) 22B6  0010001010110110 ( 693)                 .FILL x22B6
(34B4) 077A  0000011101111010 ( 694)                 .FILL x077A
(34B5) 62BC  0110001010111100 ( 695)                 .FILL x62BC
(34B6) 3AB7  0011101010110111 ( 696)                 .FILL x3AB7
(34B7) 222D  0010001000101101 ( 697)                 .FILL x222D
(34B8) 578B  0101011110001011 ( 698)                 .FILL x578B
(34B9) 0663  0000011001100011 ( 699)                 .FILL x0663
(34BA) 1670  0001011001110000 ( 700)                 .FILL x1670
(34BB) 3439  0011010000111001 ( 701)                 .FILL x3439
(34BC) 45FF  0100010111111111 ( 702)                 .FILL x45FF
(34BD) 1081  0001000010000001 ( 703)                 .FILL x1081
(34BE) 2DEC  0010110111101100 ( 704)                 .FILL x2DEC
(34BF) 2984  0010100110000100 ( 705)                 .FILL x2984
(34C0) 1B25  0001101100100101 ( 706)                 .FILL x1B25
(34C1) 3934  0011100100110100 ( 707)                 .FILL x3934
(34C2) 65A2  0110010110100010 ( 708)                 .FILL x65A2
(34C3) 6E34  0110111000110100 ( 709)                 .FILL x6E34
(34C4) 05E0  0000010111100000 ( 710)                 .FILL x05E0
(34C5) 59E5  0101100111100101 ( 711)                 .FILL x59E5
(34C6) 3F27  0011111100100111 ( 712)                 .FILL x3F27
(34C7) 141A  0001010000011010 ( 713)                 .FILL x141A
(34C8) 4D08  0100110100001000 ( 714)                 .FILL x4D08
(34C9) 691E  0110100100011110 ( 715)                 .FILL x691E
(34CA) 35B0  0011010110110000 ( 716)                 .FILL x35B0
(34CB) 4D2C  0100110100101100 ( 717)                 .FILL x4D2C
(34CC) 300D  0011000000001101 ( 718)                 .FILL x300D
(34CD) 689B  0110100010011011 ( 719)                 .FILL x689B
(34CE) 43D3  0100001111010011 ( 720)                 .FILL x43D3
(34CF) 6A36  0110101000110110 ( 721)                 .FILL x6A36
(34D0) 3ADD  0011101011011101 ( 722)                 .FILL x3ADD
(34D1) 79A3  0111100110100011 ( 723)                 .FILL x79A3
(34D2) 768D  0111011010001101 ( 724)                 .FILL x768D
(34D3) 31CC  0011000111001100 ( 725)                 .FILL x31CC
(34D4) 1108  0001000100001000 ( 726)                 .FILL x1108
(34D5) 0B99  0000101110011001 ( 727)                 .FILL x0B99
(34D6) 3189  0011000110001001 ( 728)                 .FILL x3189
(34D7) 2383  0010001110000011 ( 729)                 .FILL x2383
(34D8) 7422  0111010000100010 ( 730)                 .FILL x7422
(34D9) 58CE  0101100011001110 ( 731)                 .FILL x58CE
(34DA) 089F  0000100010011111 ( 732)                 .FILL x089F
(34DB) 7B61  0111101101100001 ( 733)                 .FILL x7B61
(34DC) 096A  0000100101101010 ( 734)                 .FILL x096A
(34DD) 2599  0010010110011001 ( 735)                 .FILL x2599
(34DE) 529C  0101001010011100 ( 736)                 .FILL x529C
(34DF) 0991  0000100110010001 ( 737)                 .FILL x0991
(34E0) 22A8  0010001010101000 ( 738)                 .FILL x22A8
(34E1) 75AA  0111010110101010 ( 739)                 .FILL x75AA
(34E2) 5941  0101100101000001 ( 740)                 .FILL x5941
(34E3) 325B  0011001001011011 ( 741)                 .FILL x325B
(34E4) 0E5C  0000111001011100 ( 742)                 .FILL x0E5C
(34E5) 2B9B  0010101110011011 ( 743)                 .FILL x2B9B
(34E6) 4A8E  0100101010001110 ( 744)                 .FILL x4A8E
(34E7) 2A54  0010101001010100 ( 745)                 .FILL x2A54
(34E8) 3314  0011001100010100 ( 746)                 .FILL x3314
(34E9) 46C8  0100011011001000 ( 747)                 .FILL x46C8
(34EA) 4F40  0100111101000000 ( 748)                 .FILL x4F40
(34EB) 42D2  0100001011010010 ( 749)                 .FILL x42D2
(34EC) 7A1E  0111101000011110 ( 750)                 .FILL x7A1E
(34ED) 3361  0011001101100001 ( 751)                 .FILL x3361
(34EE) 6A98  0110101010011000 ( 752)                 .FILL x6A98
(34EF) 5AA3  0101101010100011 ( 753)                 .FILL x5AA3
(34F0) 4D5F  0100110101011111 ( 754)                 .FILL x4D5F
(34F1) 60BD  0110000010111101 ( 755)                 .FILL x60BD
(34F2) 075E  0000011101011110 ( 756)                 .FILL x075E
(34F3) 46FF  0100011011111111 ( 757)                 .FILL x46FF
(34F4) 2C83  0010110010000011 ( 758)                 .FILL x2C83
(34F5) 11F1  0001000111110001 ( 759)                 .FILL x11F1
(34F6) 5626  0101011000100110 ( 760)                 .FILL x5626
(34F7) 48BA  0100100010111010 ( 761)                 .FILL x48BA
(34F8) 1D57  0001110101010111 ( 762)                 .FILL x1D57
(34F9) 1CA2  0001110010100010 ( 763)                 .FILL x1CA2
(34FA) 60D2  0110000011010010 ( 764)                 .FILL x60D2
(34FB) 61BE  0110000110111110 ( 765)                 .FILL x61BE
(34FC) 7B72  0111101101110010 ( 766)                 .FILL x7B72
(34FD) 0A17  0000101000010111 ( 767)                 .FILL x0A17
(34FE) 7758  0111011101011000 ( 768)                 .FILL x7758
(34FF) 1EB9  0001111010111001 ( 769)                 .FILL x1EB9
(3500) 6B1B  0110101100011011 ( 770)                 .FILL x6B1B
(3501) 4E92  0100111010010010 ( 771)                 .FILL x4E92
(3502) 59C5  0101100111000101 ( 772)                 .FILL x59C5
(3503) 2913  0010100100010011 ( 773)                 .FILL x2913
(3504) 7367  0111001101100111 ( 774)                 .FILL x7367
(3505) 0AE1  0000101011100001 ( 775)                 .FILL x0AE1
(3506) 4382  0100001110000010 ( 776)                 .FILL x4382
(3507) 3523  0011010100100011 ( 777)                 .FILL x3523
(3508) 03A2  0000001110100010 ( 778)                 .FILL x03A2
(3509) 0C30  0000110000110000 ( 779)                 .FILL x0C30
(350A) 3BD6  0011101111010110 ( 780)                 .FILL x3BD6
(350B) 20A2  0010000010100010 ( 781)                 .FILL x20A2
(350C) 67F0  0110011111110000 ( 782)                 .FILL x67F0
(350D) 7E21  0111111000100001 ( 783)                 .FILL x7E21
(350E) 4FAD  0100111110101101 ( 784)                 .FILL x4FAD
(350F) 5560  0101010101100000 ( 785)                 .FILL x5560
(3510) 7134  0111000100110100 ( 786)                 .FILL x7134
(3511) 031F  0000001100011111 ( 787)                 .FILL x031F
(3512) 1898  0001100010011000 ( 788)                 .FILL x1898
(3513) 4435  0100010000110101 ( 789)                 .FILL x4435
(3514) 5431  0101010000110001 ( 790)                 .FILL x5431
(3515) 26EF  0010011011101111 ( 791)                 .FILL x26EF
(3516) 3514  0011010100010100 ( 792)                 .FILL x3514
(3517) 0C3B  0000110000111011 ( 793)                 .FILL x0C3B
(3518) 03F0  0000001111110000 ( 794)                 .FILL x03F0
(3519) 5F87  0101111110000111 ( 795)                 .FILL x5F87
(351A) 160F  0001011000001111 ( 796)                 .FILL x160F
(351B) 223A  0010001000111010 ( 797)                 .FILL x223A
(351C) 0B61  0000101101100001 ( 798)                 .FILL x0B61
(351D) 1024  0001000000100100 ( 799)                 .FILL x1024
(351E) 45A8  0100010110101000 ( 800)                 .FILL x45A8
(351F) 0C64  0000110001100100 ( 801)                 .FILL x0C64
(3520) 2A44  0010101001000100 ( 802)                 .FILL x2A44
(3521) 4297  0100001010010111 ( 803)                 .FILL x4297
(3522) 0B37  0000101100110111 ( 804)                 .FILL x0B37
(3523) 0643  0000011001000011 ( 805)                 .FILL x0643
(3524) 394A  0011100101001010 ( 806)                 .FILL x394A
(3525) 0ADF  0000101011011111 ( 807)                 .FILL x0ADF
(3526) 108D  0001000010001101 ( 808)                 .FILL x108D
(3527) 20EF  0010000011101111 ( 809)                 .FILL x20EF
(3528) 1978  0001100101111000 ( 810)                 .FILL x1978
(3529) 48FD  0100100011111101 ( 811)                 .FILL x48FD
(352A) 6C7D  0110110001111101 ( 812)                 .FILL x6C7D
(352B) 3384  0011001110000100 ( 813)                 .FILL x3384
(352C) 32CD  0011001011001101 ( 814)                 .FILL x32CD
(352D) 3D04  0011110100000100 ( 815)                 .FILL x3D04
(352E) 369B  0011011010011011 ( 816)                 .FILL x369B
(352F) 2FD3  0010111111010011 ( 817)                 .FILL x2FD3
(3530) 4624  0100011000100100 ( 818)                 .FILL x4624
(3531) 2170  0010000101110000 ( 819)                 .FILL x2170
(3532) 0843  0000100001000011 ( 820)                 .FILL x0843
(3533) 2F58  0010111101011000 ( 821)                 .FILL x2F58
(3534) 165C  0001011001011100 ( 822)                 .FILL x165C
(3535) 3FB8  0011111110111000 ( 823)                 .FILL x3FB8
(3536) 0EDD  0000111011011101 ( 824)                 .FILL x0EDD
(3537) 4C6D  0100110001101101 ( 825)                 .FILL x4C6D
(3538) 2CB5  0010110010110101 ( 826)                 .FILL x2CB5
(3539) 3327  0011001100100111 ( 827)                 .FILL x3327
(353A) 1360  0001001101100000 ( 828)                 .FILL x1360
(353B) 1BBC  0001101110111100 ( 829)                 .FILL x1BBC
(353C) 3C7D  0011110001111101 ( 830)                 .FILL x3C7D
(353D) 4DE7  0100110111100111 ( 831)                 .FILL x4DE7
(353E) 1B15  0001101100010101 ( 832)                 .FILL x1B15
(353F) 59FA  0101100111111010 ( 833)                 .FILL x59FA
(3540) 69ED  0110100111101101 ( 834)                 .FILL x69ED
(3541) 545F  0101010001011111 ( 835)                 .FILL x545F
(3542) 059E  0000010110011110 ( 836)                 .FILL x059E
(3543) 21D3  0010000111010011 ( 837)                 .FILL x21D3
(3544) 784E  0111100001001110 ( 838)                 .FILL x784E
(3545) 02BF  0000001010111111 ( 839)                 .FILL x02BF
(3546) 4C36  0100110000110110 ( 840)                 .FILL x4C36
(3547) 3E20  0011111000100000 ( 841)                 .FILL x3E20
(3548) 235F  0010001101011111 ( 842)                 .FILL x235F
(3549) 10D8  0001000011011000 ( 843)                 .FILL x10D8
(354A) 463A  0100011000111010 ( 844)                 .FILL x463A
(354B) 6C60  0110110001100000 ( 845)                 .FILL x6C60
(354C) 27FB  0010011111111011 ( 846)                 .FILL x27FB
(354D) 2832  0010100000110010 ( 847)                 .FILL x2832
(354E) 16E9  0001011011101001 ( 848)                 .FILL x16E9
(354F) 2366  0010001101100110 ( 849)                 .FILL x2366
(3550) 3FF7  0011111111110111 ( 850)                 .FILL x3FF7
(3551) 0058  0000000001011000 ( 851)                 .FILL x0058
(3552) 2868  0010100001101000 ( 852)                 .FILL x2868
(3553) 324F  0011001001001111 ( 853)                 .FILL x324F
(3554) 154A  0001010101001010 ( 854)                 .FILL x154A
(3555) 1577  0001010101110111 ( 855)                 .FILL x1577
(3556) 5808  0101100000001000 ( 856)                 .FILL x5808
(3557) 4BB7  0100101110110111 ( 857)                 .FILL x4BB7
(3558) 7070  0111000001110000 ( 858)                 .FILL x7070
(3559) 2D27  0010110100100111 ( 859)                 .FILL x2D27
(355A) 37CC  0011011111001100 ( 860)                 .FILL x37CC
(355B) 512D  0101000100101101 ( 861)                 .FILL x512D
(355C) 2610  0010011000010000 ( 862)                 .FILL x2610
(355D) 1D89  0001110110001001 ( 863)                 .FILL x1D89
(355E) 0926  0000100100100110 ( 864)                 .FILL x0926
(355F) 72E3  0111001011100011 ( 865)                 .FILL x72E3
(3560) 07DC  0000011111011100 ( 866)                 .FILL x07DC
(3561) 0A92  0000101010010010 ( 867)                 .FILL x0A92
(3562) 5502  0101010100000010 ( 868)                 .FILL x5502
(3563) 77AA  0111011110101010 ( 869)                 .FILL x77AA
(3564) 5CB8  0101110010111000 ( 870)                 .FILL x5CB8
(3565) 0DA6  0000110110100110 ( 871)                 .FILL x0DA6
(3566) 4505  0100010100000101 ( 872)                 .FILL x4505
(3567) 411E  0100000100011110 ( 873)                 .FILL x411E
(3568) 241F  0010010000011111 ( 874)                 .FILL x241F
(3569) 7B69  0111101101101001 ( 875)                 .FILL x7B69
(356A) 2217  0010001000010111 ( 876)                 .FILL x2217
(356B) 601E  0110000000011110 ( 877)                 .FILL x601E
(356C) 28C3  0010100011000011 ( 878)                 .FILL x28C3
(356D) 3BD2  0011101111010010 ( 879)                 .FILL x3BD2
(356E) 1C1F  0001110000011111 ( 880)                 .FILL x1C1F
(356F) 4D80  0100110110000000 ( 881)                 .FILL x4D80
(3570) 2674  0010011001110100 ( 882)                 .FILL x2674
(3571) 6881  0110100010000001 ( 883)                 .FILL x6881
(3572) 3F0D  0011111100001101 ( 884)                 .FILL x3F0D
(3573) 1B02  0001101100000010 ( 885)                 .FILL x1B02
(3574) 0743  0000011101000011 ( 886)                 .FILL x0743
(3575) 2552  0010010101010010 ( 887)                 .FILL x2552
(3576) 391E  0011100100011110 ( 888)                 .FILL x391E
(3577) 3083  0011000010000011 ( 889)                 .FILL x3083
(3578) 7BE7  0111101111100111 ( 890)                 .FILL x7BE7
(3579) 6732  0110011100110010 ( 891)                 .FILL x6732
(357A) 565B  0101011001011011 ( 892)                 .FILL x565B
(357B) 6973  0110100101110011 ( 893)                 .FILL x6973
(357C) 7360  0111001101100000 ( 894)                 .FILL x7360
(357D) 1D31  0001110100110001 ( 895)                 .FILL x1D31
(357E) 5564  0101010101100100 ( 896)                 .FILL x5564
(357F) 2688  0010011010001000 ( 897)                 .FILL x2688
(3580) 35DA  0011010111011010 ( 898)                 .FILL x35DA
(3581) 6FD9  0110111111011001 ( 899)                 .FILL x6FD9
(3582) 796B  0111100101101011 ( 900)                 .FILL x796B
(3583) 27B2  0010011110110010 ( 901)                 .FILL x27B2
(3584) 26D3  0010011011010011 ( 902)                 .FILL x26D3
(3585) 0ABE  0000101010111110 ( 903)                 .FILL x0ABE
(3586) 7D83  0111110110000011 ( 904)                 .FILL x7D83
(3587) 4252  0100001001010010 ( 905)                 .FILL x4252
(3588) 7280  0111001010000000 ( 906)                 .FILL x7280
(3589) 2457  0010010001010111 ( 907)                 .FILL x2457
(358A) 4D1B  0100110100011011 ( 908)                 .FILL x4D1B
(358B) 47A7  0100011110100111 ( 909)                 .FILL x47A7
(358C) 2A6D  0010101001101101 ( 910)                 .FILL x2A6D
(358D) 380C  0011100000001100 ( 911)                 .FILL x380C
(358E) 25C5  0010010111000101 ( 912)                 .FILL x25C5
(358F) 2F88  0010111110001000 ( 913)                 .FILL x2F88
(3590) 1565  0001010101100101 ( 914)                 .FILL x1565
(3591) 2690  0010011010010000 ( 915)                 .FILL x2690
(3592) 063D  0000011000111101 ( 916)                 .FILL x063D
(3593) 5B59  0101101101011001 ( 917)                 .FILL x5B59
(3594) 3691  0011011010010001 ( 918)                 .FILL x3691
(3595) 3071  0011000001110001 ( 919)                 .FILL x3071
(3596) 0EA6  0000111010100110 ( 920)                 .FILL x0EA6
(3597) 0538  0000010100111000 ( 921)                 .FILL x0538
(3598) 4FE3  0100111111100011 ( 922)                 .FILL x4FE3
(3599) 7EEE  0111111011101110 ( 923)                 .FILL x7EEE
(359A) 3616  0011011000010110 ( 924)                 .FILL x3616
(359B) 2F77  0010111101110111 ( 925)                 .FILL x2F77
(359C) 63B6  0110001110110110 ( 926)                 .FILL x63B6
(359D) 2F08  0010111100001000 ( 927)                 .FILL x2F08
(359E) 7955  0111100101010101 ( 928)                 .FILL x7955
(359F) 284F  0010100001001111 ( 929)                 .FILL x284F
(35A0) 79AE  0111100110101110 ( 930)                 .FILL x79AE
(35A1) 12DC  0001001011011100 ( 931)                 .FILL x12DC
(35A2) 66E2  0110011011100010 ( 932)                 .FILL x66E2
(35A3) 75D2  0111010111010010 ( 933)                 .FILL x75D2
(35A4) 2AE6  0010101011100110 ( 934)                 .FILL x2AE6
(35A5) 1D2F  0001110100101111 ( 935)                 .FILL x1D2F
(35A6) 2C37  0010110000110111 ( 936)                 .FILL x2C37
(35A7) 3E22  0011111000100010 ( 937)                 .FILL x3E22
(35A8) 394A  0011100101001010 ( 938)                 .FILL x394A
(35A9) 2B4B  0010101101001011 ( 939)                 .FILL x2B4B
(35AA) 084E  0000100001001110 ( 940)                 .FILL x084E
(35AB) 7FE1  0111111111100001 ( 941)                 .FILL x7FE1
(35AC) 3641  0011011001000001 ( 942)                 .FILL x3641
(35AD) 210A  0010000100001010 ( 943)                 .FILL x210A
(35AE) 4764  0100011101100100 ( 944)                 .FILL x4764
(35AF) 2EE8  0010111011101000 ( 945)                 .FILL x2EE8
(35B0) 7C90  0111110010010000 ( 946)                 .FILL x7C90
(35B1) 0B30  0000101100110000 ( 947)                 .FILL x0B30
(35B2) 2BFD  0010101111111101 ( 948)                 .FILL x2BFD
(35B3) 093C  0000100100111100 ( 949)                 .FILL x093C
(35B4) 017B  0000000101111011 ( 950)                 .FILL x017B
(35B5) 3BFD  0011101111111101 ( 951)                 .FILL x3BFD
(35B6) 6928  0110100100101000 ( 952)                 .FILL x6928
(35B7) 383D  0011100000111101 ( 953)                 .FILL x383D
(35B8) 412C  0100000100101100 ( 954)                 .FILL x412C
(35B9) 1603  0001011000000011 ( 955)                 .FILL x1603
(35BA) 1204  0001001000000100 ( 956)                 .FILL x1204
(35BB) 1221  0001001000100001 ( 957)                 .FILL x1221
(35BC) 4A59  0100101001011001 ( 958)                 .FILL x4A59
(35BD) 7936  0111100100110110 ( 959)                 .FILL x7936
(35BE) 2283  0010001010000011 ( 960)                 .FILL x2283
(35BF) 0FA1  0000111110100001 ( 961)                 .FILL x0FA1
(35C0) 2D22  0010110100100010 ( 962)                 .FILL x2D22
(35C1) 0642  0000011001000010 ( 963)                 .FILL x0642
(35C2) 056E  0000010101101110 ( 964)                 .FILL x056E
(35C3) 49F2  0100100111110010 ( 965)                 .FILL x49F2
(35C4) 5138  0101000100111000 ( 966)                 .FILL x5138
(35C5) 2C21  0010110000100001 ( 967)                 .FILL x2C21
(35C6) 3BAA  0011101110101010 ( 968)                 .FILL x3BAA
(35C7) 14F7  0001010011110111 ( 969)                 .FILL x14F7
(35C8) 7744  0111011101000100 ( 970)                 .FILL x7744
(35C9) 33EC  0011001111101100 ( 971)                 .FILL x33EC
(35CA) 08B9  0000100010111001 ( 972)                 .FILL x08B9
(35CB) 09B5  0000100110110101 ( 973)                 .FILL x09B5
(35CC) 6987  0110100110000111 ( 974)                 .FILL x6987
(35CD) 3EF1  0011111011110001 ( 975)                 .FILL x3EF1
(35CE) 4883  0100100010000011 ( 976)                 .FILL x4883
(35CF) 1507  0001010100000111 ( 977)                 .FILL x1507
(35D0) 1FBD  0001111110111101 ( 978)                 .FILL x1FBD
(35D1) 6B07  0110101100000111 ( 979)                 .FILL x6B07
(35D2) 5257  0101001001010111 ( 980)                 .FILL x5257
(35D3) 5E93  0101111010010011 ( 981)                 .FILL x5E93
(35D4) 5A48  0101101001001000 ( 982)                 .FILL x5A48
(35D5) 111E  0001000100011110 ( 983)                 .FILL x111E
(35D6) 0D2D  0000110100101101 ( 984)                 .FILL x0D2D
(35D7) 1BFC  0001101111111100 ( 985)                 .FILL x1BFC
(35D8) 788A  0111100010001010 ( 986)                 .FILL x788A
(35D9) 521A  0101001000011010 ( 987)                 .FILL x521A
(35DA) 192E  0001100100101110 ( 988)                 .FILL x192E
(35DB) 245A  0010010001011010 ( 989)                 .FILL x245A
(35DC) 0E93  0000111010010011 ( 990)                 .FILL x0E93
(35DD) 65E2  0110010111100010 ( 991)                 .FILL x65E2
(35DE) 3276  0011001001110110 ( 992)                 .FILL x3276
(35DF) 57E7  0101011111100111 ( 993)                 .FILL x57E7
(35E0) 7DFC  0111110111111100 ( 994)                 .FILL x7DFC
(35E1) 60B3  0110000010110011 ( 995)                 .FILL x60B3
(35E2) 3118  0011000100011000 ( 996)                 .FILL x3118
(35E3) 2FFA  0010111111111010 ( 997)                 .FILL x2FFA
(35E4) 1612  0001011000010010 ( 998)                 .FILL x1612
(35E5) 62BB  0110001010111011 ( 999)                 .FILL x62BB
(35E6) 4A62  0100101001100010 (1000)                 .FILL x4A62
(35E7) 0B3A  0000101100111010 (1001)                 .FILL x0B3A
(35E8) FFFF  1111111111111111 (1002)                 .FILL xFFFF
