(0000) 3000  0011000000000000 (  10)                 .ORIG x3000
(3000) 2850  0010100001010000 (  11)                 LD    R4 DEST
(3001) 204D  0010000001001101 (  12)                 LD    R0 MAXGRADE
(3002) 2E4B  0010111001001011 (  13)                 LD    R7 NUM
(3003) AA4E  1010101001001110 (  14)                 LDI   R5 As
(3004) 5B60  0101101101100000 (  15)                 AND   R5 R5 #0
(3005) BA4C  1011101001001100 (  16)                 STI   R5 As
(3006) BA4C  1011101001001100 (  17)                 STI   R5 Bs
(3007) BA4C  1011101001001100 (  18)                 STI   R5 Cs
(3008) BA4C  1011101001001100 (  19)                 STI   R5 Ds
(3009) 2646  0010011001000110 (  21) storeLoop       LD    R3 GRADE
(300A) 54A0  0101010010100000 (  22)                 AND   R2 R2 #0
(300B) 2C42  0010110001000010 (  23)                 LD    R6 NUM
(300C) 62C0  0110001011000000 (  25) findMaxLoop     LDR   R1 R3 #0
(300D) 9ABF  1001101010111111 (  26)                 NOT   R5 R2
(300E) 1B61  0001101101100001 (  27)                 ADD   R5 R5 #1
(300F) 1B41  0001101101000001 (  28)                 ADD   R5 R5 R1
(3010) 0806  0000100000000110 (  29)                 BRN   nothing
(3011) 9A3F  1001101000111111 (  30)                 NOT   R5 R0
(3012) 1B61  0001101101100001 (  31)                 ADD   R5 R5 #1
(3013) 1B41  0001101101000001 (  32)                 ADD   R5 R5 R1
(3014) 0602  0000011000000010 (  33)                 BRZP  nothing
(3015) 54A0  0101010010100000 (  34)                 AND   R2 R2 #0
(3016) 1460  0001010001100000 (  35)                 ADD   R2 R1 #0
(3017) 16E1  0001011011100001 (  36) nothing         ADD   R3 R3 #1
(3018) 1DBF  0001110110111111 (  37)                 ADD   R6 R6 #-1
(3019) 03F2  0000001111110010 (  38)                 BRP   findMaxLoop
(301A) 5020  0101000000100000 (  39)                 AND   R0 R0 #0
(301B) 10A0  0001000010100000 (  40)                 ADD   R0 R2 #0
(301C) 7500  0111010100000000 (  41)                 STR   R2 R4 #0
(301D) 2A2B  0010101000101011 (  45)                 LD    R5 A_GRADE
(301E) 9B7F  1001101101111111 (  46)                 NOT   R5 R5
(301F) 1B61  0001101101100001 (  47)                 ADD   R5 R5 #1
(3020) 1A85  0001101010000101 (  48)                 ADD   R5 R2 R5
(3021) 0809  0000100000001001 (  49)                 BRN   NOTA
(3022) 2A29  0010101000101001 (  50)                 LD    R5 A_RANK
(3023) 9B7F  1001101101111111 (  51)                 NOT   R5 R5
(3024) 1B61  0001101101100001 (  52)                 ADD   R5 R5 #1
(3025) 1BC5  0001101111000101 (  53)                 ADD   R5 R7 R5
(3026) 0C04  0000110000000100 (  54)                 BRNZ  NOTA
(3027) AA2A  1010101000101010 (  55)                 LDI   R5 As
(3028) 1B61  0001101101100001 (  56)                 ADD   R5 R5 #1
(3029) BA28  1011101000101000 (  57)                 STI   R5 As
(302A) 0E1A  0000111000011010 (  58)                 BRNZP LOOP_PRE
(302B) 2A1E  0010101000011110 (  60) NOTA            LD    R5 B_GRADE
(302C) 9B7F  1001101101111111 (  61)                 NOT   R5 R5
(302D) 1B61  0001101101100001 (  62)                 ADD   R5 R5 #1
(302E) 1A85  0001101010000101 (  63)                 ADD   R5 R2 R5
(302F) 0809  0000100000001001 (  64)                 BRN   NOTB
(3030) 2A1C  0010101000011100 (  65)                 LD    R5 B_RANK
(3031) 9B7F  1001101101111111 (  66)                 NOT   R5 R5
(3032) 1B61  0001101101100001 (  67)                 ADD   R5 R5 #1
(3033) 1BC5  0001101111000101 (  68)                 ADD   R5 R7 R5
(3034) 0C04  0000110000000100 (  69)                 BRNZ  NOTB
(3035) AA1D  1010101000011101 (  70)                 LDI   R5 Bs
(3036) 1B61  0001101101100001 (  71)                 ADD   R5 R5 #1
(3037) BA1B  1011101000011011 (  72)                 STI   R5 Bs
(3038) 0E0C  0000111000001100 (  73)                 BRNZP LOOP_PRE
(3039) 2A11  0010101000010001 (  75) NOTB            LD    R5 D_GRADE
(303A) 9B7F  1001101101111111 (  76)                 NOT   R5 R5
(303B) 1B61  0001101101100001 (  77)                 ADD   R5 R5 #1
(303C) 1A85  0001101010000101 (  78)                 ADD   R5 R2 R5
(303D) 0204  0000001000000100 (  79)                 BRP   NOTD
(303E) AA16  1010101000010110 (  80)                 LDI   R5 Ds
(303F) 1B61  0001101101100001 (  81)                 ADD   R5 R5 #1
(3040) BA14  1011101000010100 (  82)                 STI   R5 Ds
(3041) 0E03  0000111000000011 (  83)                 BRNZP LOOP_PRE
(3042) AA11  1010101000010001 (  85) NOTD            LDI   R5 Cs
(3043) 1B61  0001101101100001 (  86)                 ADD   R5 R5 #1
(3044) BA0F  1011101000001111 (  87)                 STI   R5 Cs
(3045) 1921  0001100100100001 (  89) LOOP_PRE        ADD   R4 R4 #1
(3046) 1FFF  0001111111111111 (  90)                 ADD   R7 R7 #-1
(3047) 03C1  0000001111000001 (  91)                 BRP   storeLoop
(3048) F025  1111000000100101 (  92)                 TRAP  x25
(3049) 0055  0000000001010101 (  95) A_GRADE         .FILL x0055
(304A) 004B  0000000001001011 (  96) B_GRADE         .FILL x004B
(304B) 003B  0000000000111011 (  97) D_GRADE         .FILL x003B
(304C) 002A  0000000000101010 (  98) A_RANK          .FILL x002A
(304D) 001E  0000000000011110 (  99) B_RANK          .FILL x001E
(304E) 003C  0000000000111100 ( 101) NUM             .FILL x003C
(304F) 0069  0000000001101001 ( 102) MAXGRADE        .FILL x0069
(3050) 3200  0011001000000000 ( 103) GRADE           .FILL x3200
(3051) 4000  0100000000000000 ( 104) DEST            .FILL x4000
(3052) 4100  0100000100000000 ( 105) As              .FILL x4100
(3053) 4101  0100000100000001 ( 106) Bs              .FILL x4101
(3054) 4102  0100000100000010 ( 107) Cs              .FILL x4102
(3055) 4103  0100000100000011 ( 108) Ds              .FILL x4103
