(0000) 3000  0011000000000000 (   1)                 .ORIG x3000
(3000) 2010  0010000000010000 (   2)                 LD    R0 Nx8A9C
(3001) 2210  0010001000010000 (   4)                 LD    R1 Nx0001
(3002) 2410  0010010000010000 (   5)                 LD    R2 Nx0002
(3003) 5920  0101100100100000 (   6)                 AND   R4 R4 #0
(3004) 5602  0101011000000010 (   8) LOOP            AND   R3 R0 R2
(3005) 0401  0000010000000001 (   9)                 BRZ   ZERO1
(3006) 1901  0001100100000001 (  10)                 ADD   R4 R4 R1
(3007) 1282  0001001010000010 (  11) ZERO1           ADD   R1 R2 R2
(3008) 0405  0000010000000101 (  12)                 BRZ   FINAL
(3009) 5601  0101011000000001 (  13)                 AND   R3 R0 R1
(300A) 0401  0000010000000001 (  14)                 BRZ   ZERO2
(300B) 1902  0001100100000010 (  15)                 ADD   R4 R4 R2
(300C) 1441  0001010001000001 (  16) ZERO2           ADD   R2 R1 R1
(300D) 0BF6  0000101111110110 (  17)                 BRNP  LOOP
(300E) 5402  0101010000000010 (  19) FINAL           AND   R2 R0 R2
(300F) 1102  0001000100000010 (  20)                 ADD   R0 R4 R2
(3010) F025  1111000000100101 (  22)                 TRAP  x25
(3011) 8A9C  1000101010011100 (  24) Nx8A9C          .FILL x8A9C
(3012) 0001  0000000000000001 (  25) Nx0001          .FILL x0001
(3013) 0002  0000000000000010 (  26) Nx0002          .FILL x0002
