(0000) 3000  0011000000000000 (   1)                 .ORIG x3000
(3000) 2811  0010100000010001 (   3)                 LD    R4 DATA_LOC
(3001) 6100  0110000100000000 (   5) LOOP_TEST       LDR   R0 R4 #0
(3002) 080E  0000100000001110 (   6)                 BRN   OK
(3003) 6301  0110001100000001 (   7)                 LDR   R1 R4 #1
(3004) 1922  0001100100100010 (   8)                 ADD   R4 R4 #2
(3005) 947F  1001010001111111 (  10) LOOP            NOT   R2 R1
(3006) 14A1  0001010010100001 (  11)                 ADD   R2 R2 #1
(3007) 1402  0001010000000010 (  12)                 ADD   R2 R0 R2
(3008) 0C02  0000110000000010 (  13)                 BRNZ  NZ
(3009) 10A0  0001000010100000 (  14)                 ADD   R0 R2 #0
(300A) 0FFA  0000111111111010 (  15)                 BRNZP LOOP
(300B) 0801  0000100000000001 (  16) NZ              BRN   N
(300C) 0FF4  0000111111110100 (  17)                 BRNZP LOOP_TEST
(300D) 14BF  0001010010111111 (  18) N               ADD   R2 R2 #-1
(300E) 94BF  1001010010111111 (  19)                 NOT   R2 R2
(300F) 12A0  0001001010100000 (  20)                 ADD   R1 R2 #0
(3010) 0FF4  0000111111110100 (  21)                 BRNZP LOOP
(3011) F025  1111000000100101 (  23) OK              TRAP  x25
(3012) 3200  0011001000000000 (  25) DATA_LOC        .FILL x3200
