This is pdfTeX, Version 3.14159265-2.6-1.40.20 (TeX Live 2019/W32TeX) (preloaded format=pdflatex 2020.3.1)  21 DEC 2020 00:03
entering extended mode
 restricted \write18 enabled.
 %&-line parsing enabled.
**PB18111697_ÍõÕÂå«_lab3.tex
(./PB18111697_ÍõÕÂå«_lab3.tex
LaTeX2e <2018-12-01>
(g:/texlive/2019/texmf-dist/tex/latex/base/article.cls
Document Class: article 2018/09/03 v1.4i Standard LaTeX document class
(g:/texlive/2019/texmf-dist/tex/latex/base/size10.clo
File: size10.clo 2018/09/03 v1.4i Standard LaTeX file (size option)
)
\c@part=\count80
\c@section=\count81
\c@subsection=\count82
\c@subsubsection=\count83
\c@paragraph=\count84
\c@subparagraph=\count85
\c@figure=\count86
\c@table=\count87
\abovecaptionskip=\skip41
\belowcaptionskip=\skip42
\bibindent=\dimen102
)
(g:/texlive/2019/texmf-dist/tex/latex/graphics/graphicx.sty
Package: graphicx 2017/06/01 v1.1a Enhanced LaTeX Graphics (DPC,SPQR)

(g:/texlive/2019/texmf-dist/tex/latex/graphics/keyval.sty
Package: keyval 2014/10/28 v1.15 key=value parser (DPC)
\KV@toks@=\toks14
)
(g:/texlive/2019/texmf-dist/tex/latex/graphics/graphics.sty
Package: graphics 2017/06/25 v1.2c Standard LaTeX Graphics (DPC,SPQR)

(g:/texlive/2019/texmf-dist/tex/latex/graphics/trig.sty
Package: trig 2016/01/03 v1.10 sin cos tan (DPC)
)
(g:/texlive/2019/texmf-dist/tex/latex/graphics-cfg/graphics.cfg
File: graphics.cfg 2016/06/04 v1.11 sample graphics configuration
)
Package graphics Info: Driver file: pdftex.def on input line 99.

(g:/texlive/2019/texmf-dist/tex/latex/graphics-def/pdftex.def
File: pdftex.def 2018/01/08 v1.0l Graphics/color driver for pdftex
))
\Gin@req@height=\dimen103
\Gin@req@width=\dimen104
)
(g:/texlive/2019/texmf-dist/tex/latex/subfigure/subfigure.sty
Package: subfigure 2002/03/15 v2.1.5 subfigure package
\subfigtopskip=\skip43
\subfigcapskip=\skip44
\subfigcaptopadj=\dimen105
\subfigbottomskip=\skip45
\subfigcapmargin=\dimen106
\subfiglabelskip=\skip46
\c@subfigure=\count88
\c@lofdepth=\count89
\c@subtable=\count90
\c@lotdepth=\count91

****************************************
* Local config file subfigure.cfg used *
****************************************
(g:/texlive/2019/texmf-dist/tex/latex/subfigure/subfigure.cfg)
\subfig@top=\skip47
\subfig@bottom=\skip48
)
(g:/texlive/2019/texmf-dist/tex/latex/amsmath/amsmath.sty
Package: amsmath 2018/12/01 v2.17b AMS math features
\@mathmargin=\skip49

For additional information on amsmath, use the `?' option.
(g:/texlive/2019/texmf-dist/tex/latex/amsmath/amstext.sty
Package: amstext 2000/06/29 v2.01 AMS text

(g:/texlive/2019/texmf-dist/tex/latex/amsmath/amsgen.sty
File: amsgen.sty 1999/11/30 v2.0 generic functions
\@emptytoks=\toks15
\ex@=\dimen107
))
(g:/texlive/2019/texmf-dist/tex/latex/amsmath/amsbsy.sty
Package: amsbsy 1999/11/29 v1.2d Bold Symbols
\pmbraise@=\dimen108
)
(g:/texlive/2019/texmf-dist/tex/latex/amsmath/amsopn.sty
Package: amsopn 2016/03/08 v2.02 operator names
)
\inf@bad=\count92
LaTeX Info: Redefining \frac on input line 223.
\uproot@=\count93
\leftroot@=\count94
LaTeX Info: Redefining \overline on input line 385.
\classnum@=\count95
\DOTSCASE@=\count96
LaTeX Info: Redefining \ldots on input line 482.
LaTeX Info: Redefining \dots on input line 485.
LaTeX Info: Redefining \cdots on input line 606.
\Mathstrutbox@=\box27
\strutbox@=\box28
\big@size=\dimen109
LaTeX Font Info:    Redeclaring font encoding OML on input line 729.
LaTeX Font Info:    Redeclaring font encoding OMS on input line 730.
\macc@depth=\count97
\c@MaxMatrixCols=\count98
\dotsspace@=\muskip10
\c@parentequation=\count99
\dspbrk@lvl=\count100
\tag@help=\toks16
\row@=\count101
\column@=\count102
\maxfields@=\count103
\andhelp@=\toks17
\eqnshift@=\dimen110
\alignsep@=\dimen111
\tagshift@=\dimen112
\tagwidth@=\dimen113
\totwidth@=\dimen114
\lineht@=\dimen115
\@envbody=\toks18
\multlinegap=\skip50
\multlinetaggap=\skip51
\mathdisplay@stack=\toks19
LaTeX Info: Redefining \[ on input line 2844.
LaTeX Info: Redefining \] on input line 2845.
)
(g:/texlive/2019/texmf-dist/tex/latex/makecell/makecell.sty
Package: makecell 2009/08/03 V0.1e Managing of Tab Column Heads and Cells

(g:/texlive/2019/texmf-dist/tex/latex/tools/array.sty
Package: array 2018/12/30 v2.4k Tabular extension package (FMi)
\col@sep=\dimen116
\ar@mcellbox=\box29
\extrarowheight=\dimen117
\NC@list=\toks20
\extratabsurround=\skip52
\backup@length=\skip53
\ar@cellbox=\box30
)
\rotheadsize=\dimen118
\c@nlinenum=\count104
\TeXr@lab=\toks21
)
(g:/texlive/2019/texmf-dist/tex/latex/base/inputenc.sty
Package: inputenc 2018/08/11 v1.3c Input encoding file
\inpenc@prehook=\toks22
\inpenc@posthook=\toks23
)
(g:/texlive/2019/texmf-dist/tex/latex/ctex/ctex.sty
(g:/texlive/2019/texmf-dist/tex/latex/l3kernel/expl3.sty
Package: expl3 2019-04-06 L3 programming layer (loader) 

(g:/texlive/2019/texmf-dist/tex/latex/l3kernel/expl3-code.tex
Package: expl3 2019-04-06 L3 programming layer (code)
\c_max_int=\count105
\l_tmpa_int=\count106
\l_tmpb_int=\count107
\g_tmpa_int=\count108
\g_tmpb_int=\count109
\g__kernel_prg_map_int=\count110
\c__ior_term_ior=\count111
\c_log_iow=\count112
\l_iow_line_count_int=\count113
\l__iow_line_target_int=\count114
\l__iow_one_indent_int=\count115
\l__iow_indent_int=\count116
\c_zero_dim=\dimen119
\c_max_dim=\dimen120
\l_tmpa_dim=\dimen121
\l_tmpb_dim=\dimen122
\g_tmpa_dim=\dimen123
\g_tmpb_dim=\dimen124
\c_zero_skip=\skip54
\c_max_skip=\skip55
\l_tmpa_skip=\skip56
\l_tmpb_skip=\skip57
\g_tmpa_skip=\skip58
\g_tmpb_skip=\skip59
\c_zero_muskip=\muskip11
\c_max_muskip=\muskip12
\l_tmpa_muskip=\muskip13
\l_tmpb_muskip=\muskip14
\g_tmpa_muskip=\muskip15
\g_tmpb_muskip=\muskip16
\l_keys_choice_int=\count117
\l__intarray_loop_int=\count118
\c__intarray_sp_dim=\dimen125
\g__intarray_font_int=\count119
\c__fp_leading_shift_int=\count120
\c__fp_middle_shift_int=\count121
\c__fp_trailing_shift_int=\count122
\c__fp_big_leading_shift_int=\count123
\c__fp_big_middle_shift_int=\count124
\c__fp_big_trailing_shift_int=\count125
\c__fp_Bigg_leading_shift_int=\count126
\c__fp_Bigg_middle_shift_int=\count127
\c__fp_Bigg_trailing_shift_int=\count128
\c__kernel_randint_max_int=\count129
\g__fp_array_int=\count130
\l__fp_array_loop_int=\count131
\l__sort_length_int=\count132
\l__sort_min_int=\count133
\l__sort_top_int=\count134
\l__sort_max_int=\count135
\l__sort_true_max_int=\count136
\l__sort_block_int=\count137
\l__sort_begin_int=\count138
\l__sort_end_int=\count139
\l__sort_A_int=\count140
\l__sort_B_int=\count141
\l__sort_C_int=\count142
\l__tl_analysis_normal_int=\count143
\l__tl_analysis_index_int=\count144
\l__tl_analysis_nesting_int=\count145
\l__tl_analysis_type_int=\count146
\l__regex_internal_a_int=\count147
\l__regex_internal_b_int=\count148
\l__regex_internal_c_int=\count149
\l__regex_balance_int=\count150
\l__regex_group_level_int=\count151
\l__regex_mode_int=\count152
\c__regex_cs_in_class_mode_int=\count153
\c__regex_cs_mode_int=\count154
\l__regex_catcodes_int=\count155
\l__regex_default_catcodes_int=\count156
\c__regex_catcode_D_int=\count157
\c__regex_catcode_S_int=\count158
\c__regex_catcode_L_int=\count159
\c__regex_catcode_O_int=\count160
\c__regex_catcode_A_int=\count161
\c__regex_all_catcodes_int=\count162
\l__regex_show_lines_int=\count163
\l__regex_min_state_int=\count164
\l__regex_max_state_int=\count165
\l__regex_left_state_int=\count166
\l__regex_right_state_int=\count167
\l__regex_capturing_group_int=\count168
\l__regex_min_pos_int=\count169
\l__regex_max_pos_int=\count170
\l__regex_curr_pos_int=\count171
\l__regex_start_pos_int=\count172
\l__regex_success_pos_int=\count173
\l__regex_curr_char_int=\count174
\l__regex_curr_catcode_int=\count175
\l__regex_last_char_int=\count176
\l__regex_case_changed_char_int=\count177
\l__regex_curr_state_int=\count178
\l__regex_step_int=\count179
\l__regex_min_active_int=\count180
\l__regex_max_active_int=\count181
\l__regex_replacement_csnames_int=\count182
\l__regex_match_count_int=\count183
\l__regex_min_submatch_int=\count184
\l__regex_submatch_int=\count185
\l__regex_zeroth_submatch_int=\count186
\g__regex_trace_regex_int=\count187
\c_empty_box=\box31
\l_tmpa_box=\box32
\l_tmpb_box=\box33
\g_tmpa_box=\box34
\g_tmpb_box=\box35
\l__box_top_dim=\dimen126
\l__box_bottom_dim=\dimen127
\l__box_left_dim=\dimen128
\l__box_right_dim=\dimen129
\l__box_top_new_dim=\dimen130
\l__box_bottom_new_dim=\dimen131
\l__box_left_new_dim=\dimen132
\l__box_right_new_dim=\dimen133
\l__box_internal_box=\box36
\l__coffin_internal_box=\box37
\l__coffin_internal_dim=\dimen134
\l__coffin_offset_x_dim=\dimen135
\l__coffin_offset_y_dim=\dimen136
\l__coffin_x_dim=\dimen137
\l__coffin_y_dim=\dimen138
\l__coffin_x_prime_dim=\dimen139
\l__coffin_y_prime_dim=\dimen140
\c_empty_coffin=\box38
\l__coffin_aligned_coffin=\box39
\l__coffin_aligned_internal_coffin=\box40
\l_tmpa_coffin=\box41
\l_tmpb_coffin=\box42
\g_tmpa_coffin=\box43
\g_tmpb_coffin=\box44
\l__coffin_bounding_shift_dim=\dimen141
\l__coffin_left_corner_dim=\dimen142
\l__coffin_right_corner_dim=\dimen143
\l__coffin_bottom_corner_dim=\dimen144
\l__coffin_top_corner_dim=\dimen145
\l__coffin_scaled_total_height_dim=\dimen146
\l__coffin_scaled_width_dim=\dimen147
\c__coffin_empty_coffin=\box45
\l__coffin_display_coffin=\box46
\l__coffin_display_coord_coffin=\box47
\l__coffin_display_pole_coffin=\box48
\l__coffin_display_offset_dim=\dimen148
\l__coffin_display_x_dim=\dimen149
\l__coffin_display_y_dim=\dimen150
\g__file_internal_ior=\read1
\l__seq_internal_a_int=\count188
\l__seq_internal_b_int=\count189
\c__deprecation_minus_one=\count190
)
(g:/texlive/2019/texmf-dist/tex/latex/l3kernel/l3pdfmode.def
File: l3pdfmode.def 2019-04-06 v L3 Experimental driver: PDF mode
\l__driver_color_stack_int=\count191
))
Package: ctex 2019/04/07 v2.4.15 Chinese adapter in LaTeX (CTEX)

(g:/texlive/2019/texmf-dist/tex/latex/l3packages/xparse/xparse.sty
Package: xparse 2019-03-05 L3 Experimental document command parser
\l__xparse_current_arg_int=\count192
\g__xparse_grabber_int=\count193
\l__xparse_m_args_int=\count194
\l__xparse_v_nesting_int=\count195
)
(g:/texlive/2019/texmf-dist/tex/latex/l3packages/l3keys2e/l3keys2e.sty
Package: l3keys2e 2019-03-05 LaTeX2e option processing using LaTeX3 keys
)
(g:/texlive/2019/texmf-dist/tex/latex/ctex/ctexhook.sty
Package: ctexhook 2019/04/07 v2.4.15 Document and package hooks (CTEX)
)
(g:/texlive/2019/texmf-dist/tex/latex/ctex/ctexpatch.sty
Package: ctexpatch 2019/04/07 v2.4.15 Patching commands (CTEX)
)
(g:/texlive/2019/texmf-dist/tex/latex/base/fix-cm.sty
Package: fix-cm 2015/01/14 v1.1t fixes to LaTeX

(g:/texlive/2019/texmf-dist/tex/latex/base/ts1enc.def
File: ts1enc.def 2001/06/05 v3.0e (jk/car/fm) Standard LaTeX file
Now handling font encoding TS1 ...
... processing UTF-8 mapping file for font encoding TS1

(g:/texlive/2019/texmf-dist/tex/latex/base/ts1enc.dfu
File: ts1enc.dfu 2018/10/05 v1.2f UTF-8 support for inputenc
   defining Unicode char U+00A2 (decimal 162)
   defining Unicode char U+00A3 (decimal 163)
   defining Unicode char U+00A4 (decimal 164)
   defining Unicode char U+00A5 (decimal 165)
   defining Unicode char U+00A6 (decimal 166)
   defining Unicode char U+00A7 (decimal 167)
   defining Unicode char U+00A8 (decimal 168)
   defining Unicode char U+00A9 (decimal 169)
   defining Unicode char U+00AA (decimal 170)
   defining Unicode char U+00AC (decimal 172)
   defining Unicode char U+00AE (decimal 174)
   defining Unicode char U+00AF (decimal 175)
   defining Unicode char U+00B0 (decimal 176)
   defining Unicode char U+00B1 (decimal 177)
   defining Unicode char U+00B2 (decimal 178)
   defining Unicode char U+00B3 (decimal 179)
   defining Unicode char U+00B4 (decimal 180)
   defining Unicode char U+00B5 (decimal 181)
   defining Unicode char U+00B6 (decimal 182)
   defining Unicode char U+00B7 (decimal 183)
   defining Unicode char U+00B9 (decimal 185)
   defining Unicode char U+00BA (decimal 186)
   defining Unicode char U+00BC (decimal 188)
   defining Unicode char U+00BD (decimal 189)
   defining Unicode char U+00BE (decimal 190)
   defining Unicode char U+00D7 (decimal 215)
   defining Unicode char U+00F7 (decimal 247)
   defining Unicode char U+0192 (decimal 402)
   defining Unicode char U+02C7 (decimal 711)
   defining Unicode char U+02D8 (decimal 728)
   defining Unicode char U+02DD (decimal 733)
   defining Unicode char U+0E3F (decimal 3647)
   defining Unicode char U+2016 (decimal 8214)
   defining Unicode char U+2020 (decimal 8224)
   defining Unicode char U+2021 (decimal 8225)
   defining Unicode char U+2022 (decimal 8226)
   defining Unicode char U+2030 (decimal 8240)
   defining Unicode char U+2031 (decimal 8241)
   defining Unicode char U+203B (decimal 8251)
   defining Unicode char U+203D (decimal 8253)
   defining Unicode char U+2044 (decimal 8260)
   defining Unicode char U+204E (decimal 8270)
   defining Unicode char U+2052 (decimal 8274)
   defining Unicode char U+20A1 (decimal 8353)
   defining Unicode char U+20A4 (decimal 8356)
   defining Unicode char U+20A6 (decimal 8358)
   defining Unicode char U+20A9 (decimal 8361)
   defining Unicode char U+20AB (decimal 8363)
   defining Unicode char U+20AC (decimal 8364)
   defining Unicode char U+20B1 (decimal 8369)
   defining Unicode char U+2103 (decimal 8451)
   defining Unicode char U+2116 (decimal 8470)
   defining Unicode char U+2117 (decimal 8471)
   defining Unicode char U+211E (decimal 8478)
   defining Unicode char U+2120 (decimal 8480)
   defining Unicode char U+2122 (decimal 8482)
   defining Unicode char U+2126 (decimal 8486)
   defining Unicode char U+2127 (decimal 8487)
   defining Unicode char U+212E (decimal 8494)
   defining Unicode char U+2190 (decimal 8592)
   defining Unicode char U+2191 (decimal 8593)
   defining Unicode char U+2192 (decimal 8594)
   defining Unicode char U+2193 (decimal 8595)
   defining Unicode char U+2329 (decimal 9001)
   defining Unicode char U+232A (decimal 9002)
   defining Unicode char U+2422 (decimal 9250)
   defining Unicode char U+25E6 (decimal 9702)
   defining Unicode char U+25EF (decimal 9711)
   defining Unicode char U+266A (decimal 9834)
   defining Unicode char U+FEFF (decimal 65279)
)))
(g:/texlive/2019/texmf-dist/tex/latex/ms/everysel.sty
Package: everysel 2011/10/28 v1.2 EverySelectfont Package (MS)
)
\l__ctex_tmp_int=\count196
\l__ctex_tmp_box=\box49
\l__ctex_tmp_dim=\dimen151
\g__ctex_section_depth_int=\count197
\g__ctex_font_size_int=\count198

(g:/texlive/2019/texmf-dist/tex/latex/ctex/config/ctexopts.cfg
File: ctexopts.cfg 2019/04/07 v2.4.15 Option configuration file (CTEX)
)
(g:/texlive/2019/texmf-dist/tex/latex/ctex/engine/ctex-engine-pdftex.def
File: ctex-engine-pdftex.def 2019/04/07 v2.4.15 (pdf)LaTeX adapter (CTEX)

(g:/texlive/2019/texmf-dist/tex/latex/cjk/texinput/CJKutf8.sty
Package: CJKutf8 2015/04/18 4.8.4

(g:/texlive/2019/texmf-dist/tex/generic/oberdiek/ifpdf.sty
Package: ifpdf 2018/09/07 v3.3 Provides the ifpdf switch
)
(g:/texlive/2019/texmf-dist/tex/latex/cjk/texinput/CJK.sty
Package: CJK 2015/04/18 4.8.4

(g:/texlive/2019/texmf-dist/tex/latex/cjk/texinput/mule/MULEenc.sty
Package: MULEenc 2015/04/18 4.8.4
)
(g:/texlive/2019/texmf-dist/tex/latex/cjk/texinput/CJK.enc
File: CJK.enc 2015/04/18 4.8.4
Now handling font encoding C00 ...
... no UTF-8 mapping file for font encoding C00
Now handling font encoding C05 ...
... no UTF-8 mapping file for font encoding C05
Now handling font encoding C09 ...
... no UTF-8 mapping file for font encoding C09
Now handling font encoding C10 ...
... no UTF-8 mapping file for font encoding C10
Now handling font encoding C20 ...
... no UTF-8 mapping file for font encoding C20
Now handling font encoding C19 ...
... no UTF-8 mapping file for font encoding C19
Now handling font encoding C40 ...
... no UTF-8 mapping file for font encoding C40
Now handling font encoding C42 ...
... no UTF-8 mapping file for font encoding C42
Now handling font encoding C43 ...
... no UTF-8 mapping file for font encoding C43
Now handling font encoding C50 ...
... no UTF-8 mapping file for font encoding C50
Now handling font encoding C52 ...
... no UTF-8 mapping file for font encoding C52
Now handling font encoding C49 ...
... no UTF-8 mapping file for font encoding C49
Now handling font encoding C60 ...
... no UTF-8 mapping file for font encoding C60
Now handling font encoding C61 ...
... no UTF-8 mapping file for font encoding C61
Now handling font encoding C63 ...
... no UTF-8 mapping file for font encoding C63
Now handling font encoding C64 ...
... no UTF-8 mapping file for font encoding C64
Now handling font encoding C65 ...
... no UTF-8 mapping file for font encoding C65
Now handling font encoding C70 ...
... no UTF-8 mapping file for font encoding C70
Now handling font encoding C31 ...
... no UTF-8 mapping file for font encoding C31
Now handling font encoding C32 ...
... no UTF-8 mapping file for font encoding C32
Now handling font encoding C33 ...
... no UTF-8 mapping file for font encoding C33
Now handling font encoding C34 ...
... no UTF-8 mapping file for font encoding C34
Now handling font encoding C35 ...
... no UTF-8 mapping file for font encoding C35
Now handling font encoding C36 ...
... no UTF-8 mapping file for font encoding C36
Now handling font encoding C37 ...
... no UTF-8 mapping file for font encoding C37
Now handling font encoding C80 ...
... no UTF-8 mapping file for font encoding C80
Now handling font encoding C81 ...
... no UTF-8 mapping file for font encoding C81
Now handling font encoding C01 ...
... no UTF-8 mapping file for font encoding C01
Now handling font encoding C11 ...
... no UTF-8 mapping file for font encoding C11
Now handling font encoding C21 ...
... no UTF-8 mapping file for font encoding C21
Now handling font encoding C41 ...
... no UTF-8 mapping file for font encoding C41
Now handling font encoding C62 ...
... no UTF-8 mapping file for font encoding C62
)
LaTeX Info: Redefining \selectfont on input line 755.
\CJK@indent=\box50
)
(g:/texlive/2019/texmf-dist/tex/latex/base/fontenc.sty
Package: fontenc 2018/08/11 v2.0j Standard LaTeX package
))
(g:/texlive/2019/texmf-dist/tex/latex/cjkpunct/CJKpunct.sty
Package: CJKpunct 2016/05/14 4.8.4
\CJKpunct@cnta=\count199
\CJKpunct@cntb=\count266
\CJKpunct@cntc=\count267
\CJKpunct@cntd=\count268
\CJKpunct@cnte=\count269
   defining Unicode char U+2018 (decimal 8216)
   defining Unicode char U+2019 (decimal 8217)
   defining Unicode char U+201C (decimal 8220)
   defining Unicode char U+201D (decimal 8221)
   defining Unicode char U+2014 (decimal 8212)
   defining Unicode char U+2026 (decimal 8230)

(g:/texlive/2019/texmf-dist/tex/latex/cjkpunct/CJKpunct.spa))
(g:/texlive/2019/texmf-dist/tex/latex/cjk/texinput/CJKspace.sty
Package: CJKspace 2015/04/18 3.8.0
)
(g:/texlive/2019/texmf-dist/tex/latex/ctex/ctexspa.def
File: ctexspa.def 2019/04/07 v2.4.15 Space info for CJKpunct (CTEX)
)
(g:/texlive/2019/texmf-dist/tex/latex/cjk/texinput/CJKfntef.sty
Package: CJKfntef 2015/04/18 4.8.4

(g:/texlive/2019/texmf-dist/tex/latex/cjk/texinput/CJKulem.sty
Package: CJKulem 2015/04/18 4.8.4

(g:/texlive/2019/texmf-dist/tex/generic/ulem/ulem.sty
\UL@box=\box51
\UL@hyphenbox=\box52
\UL@skip=\skip60
\UL@hook=\toks24
\UL@height=\dimen152
\UL@pe=\count270
\UL@pixel=\dimen153
\ULC@box=\box53
Package: ulem 2012/05/18
\ULdepth=\dimen154
)
\UL@lastkern=\dimen155
\CJK@skip=\skip61
)
\CJK@fntefSkip=\skip62
\CJK@nest=\count271
\CJK@fntefDimen=\dimen156
\CJK@underdotBox=\box54
\CJK@ULbox=\box55
\CJK@underanyskip=\dimen157
)
\ccwd=\dimen158
\l__ctex_ccglue_skip=\skip63
)
\l__ctex_ziju_dim=\dimen159

(g:/texlive/2019/texmf-dist/tex/latex/zhnumber/zhnumber.sty
Package: zhnumber 2019/04/07 v2.7 Typesetting numbers with Chinese glyphs
\l__zhnum_scale_int=\count272
\l__zhnum_byte_min_int=\count273
\l__zhnum_byte_max_int=\count274

(g:/texlive/2019/texmf-dist/tex/latex/zhnumber/zhnumber-utf8.cfg
File: zhnumber-utf8.cfg 2019/04/07 v2.7 Chinese numerals with UTF8 encoding
))
(g:/texlive/2019/texmf-dist/tex/latex/ctex/scheme/ctex-scheme-chinese.def
File: ctex-scheme-chinese.def 2019/04/07 v2.4.15 Chinese scheme for generic (CT
EX)

(g:/texlive/2019/texmf-dist/tex/latex/ctex/config/ctex-name-utf8.cfg
File: ctex-name-utf8.cfg 2019/04/07 v2.4.15 Caption with encoding UTF8 (CTEX)
))
(g:/texlive/2019/texmf-dist/tex/latex/tools/indentfirst.sty
Package: indentfirst 1995/11/23 v1.03 Indent first paragraph (DPC)
)
(g:/texlive/2019/texmf-dist/tex/latex/ctex/ctex-c5size.clo
File: ctex-c5size.clo 2019/04/07 v2.4.15 c5size option (CTEX)
)
(g:/texlive/2019/texmf-dist/tex/latex/ctex/fontset/ctex-fontset-windows.def
File: ctex-fontset-windows.def 2019/04/07 v2.4.15 Windows fonts definition (CTE
X)

(g:/texlive/2019/texmf-dist/tex/latex/ctex/fontset/ctex-fontset-windowsnew.def
File: ctex-fontset-windowsnew.def 2019/04/07 v2.4.15 Windows fonts definition f
or Vista or later version (CTEX)

(g:/texlive/2019/texmf-dist/tex/generic/ctex/zhwindowsfonts.tex
File: zhwindowsfonts.tex 2019/04/07 v2.4.15 Windows font map loader for pdfTeX 
and DVIPDFMx (CTEX)
{g:/texlive/2019/texmf-var/fonts/map/pdftex/updmap/pdftex.map}{UGBK.sfd}{Unicod
e.sfd}))))
(g:/texlive/2019/texmf-dist/tex/latex/ctex/config/ctex.cfg
File: ctex.cfg 2019/04/07 v2.4.15 Configuration file (CTEX)
)
(g:/texlive/2019/texmf-dist/tex/latex/listings/listings.sty
\lst@mode=\count275
\lst@gtempboxa=\box56
\lst@token=\toks25
\lst@length=\count276
\lst@currlwidth=\dimen160
\lst@column=\count277
\lst@pos=\count278
\lst@lostspace=\dimen161
\lst@width=\dimen162
\lst@newlines=\count279
\lst@lineno=\count280
\lst@maxwidth=\dimen163

(g:/texlive/2019/texmf-dist/tex/latex/listings/lstmisc.sty
File: lstmisc.sty 2019/02/27 1.8b (Carsten Heinz)
\c@lstnumber=\count281
\lst@skipnumbers=\count282
\lst@framebox=\box57
)
(g:/texlive/2019/texmf-dist/tex/latex/listings/listings.cfg
File: listings.cfg 2019/02/27 1.8b listings configuration
))
Package: listings 2019/02/27 1.8b (Carsten Heinz)

(g:/texlive/2019/texmf-dist/tex/latex/xcolor/xcolor.sty
Package: xcolor 2016/05/11 v2.12 LaTeX color extensions (UK)

(g:/texlive/2019/texmf-dist/tex/latex/graphics-cfg/color.cfg
File: color.cfg 2016/01/02 v1.6 sample color configuration
)
Package xcolor Info: Driver file: pdftex.def on input line 225.
Package xcolor Info: Model `cmy' substituted by `cmy0' on input line 1348.
Package xcolor Info: Model `hsb' substituted by `rgb' on input line 1352.
Package xcolor Info: Model `RGB' extended on input line 1364.
Package xcolor Info: Model `HTML' substituted by `rgb' on input line 1366.
Package xcolor Info: Model `Hsb' substituted by `hsb' on input line 1367.
Package xcolor Info: Model `tHsb' substituted by `hsb' on input line 1368.
Package xcolor Info: Model `HSB' substituted by `hsb' on input line 1369.
Package xcolor Info: Model `Gray' substituted by `gray' on input line 1370.
Package xcolor Info: Model `wave' substituted by `hsb' on input line 1371.
)
(g:/texlive/2019/texmf-dist/tex/latex/float/float.sty
Package: float 2001/11/08 v1.3d Float enhancements (AL)
\c@float@type=\count283
\float@exts=\toks26
\float@box=\box58
\@float@everytoks=\toks27
\@floatcapt=\box59
)
(g:/texlive/2019/texmf-dist/tex/latex/diagbox/diagbox.sty
Package: diagbox 2016/12/28 v2.2 Making table heads with diagonal lines

(g:/texlive/2019/texmf-dist/tex/latex/pict2e/pict2e.sty
Package: pict2e 2016/02/05 v0.3b Improved picture commands (HjG,RN,JT)

(g:/texlive/2019/texmf-dist/tex/latex/pict2e/pict2e.cfg
File: pict2e.cfg 2016/02/05 v0.1u pict2e configuration for teTeX/TeXLive
)
Package pict2e Info: Driver file: pdftex.def on input line 119.
Package pict2e Info: Driver file for pict2e: p2e-pdftex.def on input line 121.

(g:/texlive/2019/texmf-dist/tex/latex/pict2e/p2e-pdftex.def
File: p2e-pdftex.def 2016/02/05 v0.1u Driver-dependant file (RN,HjG,JT)
)
\pIIe@GRAPH=\toks28
\@arclen=\dimen164
\@arcrad=\dimen165
\@tempdimd=\dimen166
)
(g:/texlive/2019/texmf-dist/tex/latex/fp/fp.sty
Package: fp 1995/04/02

`Fixed Point Package', Version 0.8, April 2, 1995 (C) Michael Mehlich
(g:/texlive/2019/texmf-dist/tex/latex/fp/defpattern.sty
Package: defpattern 1994/10/12
\actioncount=\count284
)
(g:/texlive/2019/texmf-dist/tex/latex/fp/fp-basic.sty
Package: fp-basic 1996/05/13
\FP@xs=\count285
\FP@xia=\count286
\FP@xib=\count287
\FP@xfa=\count288
\FP@xfb=\count289
\FP@rega=\count290
\FP@regb=\count291
\FP@regs=\count292
\FP@times=\count293
)
(g:/texlive/2019/texmf-dist/tex/latex/fp/fp-addons.sty
Package: fp-addons 1995/03/15
)
(g:/texlive/2019/texmf-dist/tex/latex/fp/fp-snap.sty
Package: fp-snap 1995/04/05
)
(g:/texlive/2019/texmf-dist/tex/latex/fp/fp-exp.sty
Package: fp-exp 1995/04/03
)
(g:/texlive/2019/texmf-dist/tex/latex/fp/fp-trigo.sty
Package: fp-trigo 1995/04/14
)
(g:/texlive/2019/texmf-dist/tex/latex/fp/fp-pas.sty
Package: fp-pas 1994/08/29
)
(g:/texlive/2019/texmf-dist/tex/latex/fp/fp-random.sty
Package: fp-random 1995/02/23
\FPseed=\count294
)
(g:/texlive/2019/texmf-dist/tex/latex/fp/fp-eqn.sty
Package: fp-eqn 1995/04/03
)
(g:/texlive/2019/texmf-dist/tex/latex/fp/fp-upn.sty
Package: fp-upn 1996/10/21
)
(g:/texlive/2019/texmf-dist/tex/latex/fp/fp-eval.sty
Package: fp-eval 1995/04/03
))
(g:/texlive/2019/texmf-dist/tex/latex/tools/calc.sty
Package: calc 2017/05/25 v4.3 Infix arithmetic (KKT,FJ)
\calc@Acount=\count295
\calc@Bcount=\count296
\calc@Adimen=\dimen167
\calc@Bdimen=\dimen168
\calc@Askip=\skip64
\calc@Bskip=\skip65
LaTeX Info: Redefining \setlength on input line 80.
LaTeX Info: Redefining \addtolength on input line 81.
\calc@Ccount=\count297
\calc@Cskip=\skip66
)
\diagbox@boxa=\box60
\diagbox@boxb=\box61
\diagbox@boxm=\box62
\diagbox@wd=\dimen169
\diagbox@ht=\dimen170
\diagbox@insepl=\dimen171
\diagbox@insepr=\dimen172
\diagbox@outsepl=\dimen173
\diagbox@outsepr=\dimen174
)
(g:/texlive/2019/texmf-dist/tex/latex/tools/bm.sty
Package: bm 2017/01/16 v1.2c Bold Symbol Support (DPC/FMi)
\symboldoperators=\mathgroup4
\symboldletters=\mathgroup5
\symboldsymbols=\mathgroup6
LaTeX Font Info:    Redeclaring math alphabet \mathbf on input line 141.
LaTeX Info: Redefining \bm on input line 207.
)
(g:/texlive/2019/texmf-dist/tex/latex/amsfonts/amssymb.sty
Package: amssymb 2013/01/14 v3.01 AMS font symbols

(g:/texlive/2019/texmf-dist/tex/latex/amsfonts/amsfonts.sty
Package: amsfonts 2013/01/14 v3.01 Basic AMSFonts support
\symAMSa=\mathgroup7
\symAMSb=\mathgroup8
LaTeX Font Info:    Overwriting math alphabet `\mathfrak' in version `bold'
(Font)                  U/euf/m/n --> U/euf/b/n on input line 106.
))
(g:/texlive/2019/texmf-dist/tex/latex/soul/soul.sty
Package: soul 2003/11/17 v2.4 letterspacing/underlining (mf)
\SOUL@word=\toks29
\SOUL@lasttoken=\toks30
\SOUL@cmds=\toks31
\SOUL@buffer=\toks32
\SOUL@token=\toks33
\SOUL@spaceskip=\skip67
\SOUL@ttwidth=\dimen175
\SOUL@uldp=\dimen176
\SOUL@ulht=\dimen177
)
(g:/texlive/2019/texmf-dist/tex/latex/geometry/geometry.sty
Package: geometry 2018/04/16 v5.8 Page Geometry

(g:/texlive/2019/texmf-dist/tex/generic/oberdiek/ifvtex.sty
Package: ifvtex 2016/05/16 v1.6 Detect VTeX and its facilities (HO)
Package ifvtex Info: VTeX not detected.
)
(g:/texlive/2019/texmf-dist/tex/generic/ifxetex/ifxetex.sty
Package: ifxetex 2010/09/12 v0.6 Provides ifxetex conditional
)
\Gm@cnth=\count298
\Gm@cntv=\count299
\c@Gm@tempcnt=\count300
\Gm@bindingoffset=\dimen178
\Gm@wd@mp=\dimen179
\Gm@odd@mp=\dimen180
\Gm@even@mp=\dimen181
\Gm@layoutwidth=\dimen182
\Gm@layoutheight=\dimen183
\Gm@layouthoffset=\dimen184
\Gm@layoutvoffset=\dimen185
\Gm@dimlist=\toks34
)
(g:/texlive/2019/texmf-dist/tex/latex/fancybox/fancybox.sty
Package: fancybox 2010/05/15 1.4

Style option: `fancybox' v1.4 <2010/05/15> (tvz)
\@fancybox=\box63
\shadowsize=\dimen186
\@Sbox=\box64
\do@VerbBox=\toks35
\the@fancyput=\toks36
\this@fancyput=\toks37
\EndVerbatimTokens=\toks38
\Verbatim@Outfile=\write3
\Verbatim@Infile=\read2
) (g:/texlive/2019/texmf-dist/tex/latex/xhfill/xhfill.sty
(g:/texlive/2019/texmf-dist/tex/latex/tools/xspace.sty
Package: xspace 2014/10/28 v1.13 Space after command names (DPC,MH)
)
Package: xhfill 2011/05/14\ v 1.01\ modify width and color of hrulefill
)
(g:/texlive/2019/texmf-dist/tex/latex/tools/multicol.sty
Package: multicol 2018/12/27 v1.8v multicolumn formatting (FMi)
\c@tracingmulticols=\count301
\mult@box=\box65
\multicol@leftmargin=\dimen187
\c@unbalance=\count302
\c@collectmore=\count303
\doublecol@number=\count304
\multicoltolerance=\count305
\multicolpretolerance=\count306
\full@width=\dimen188
\page@free=\dimen189
\premulticols=\dimen190
\postmulticols=\dimen191
\multicolsep=\skip68
\multicolbaselineskip=\skip69
\partial@page=\box66
\last@line=\box67
\maxbalancingoverflow=\dimen192
\mult@rightbox=\box68
\mult@grightbox=\box69
\mult@gfirstbox=\box70
\mult@firstbox=\box71
\@tempa=\box72
\@tempa=\box73
\@tempa=\box74
\@tempa=\box75
\@tempa=\box76
\@tempa=\box77
\@tempa=\box78
\@tempa=\box79
\@tempa=\box80
\@tempa=\box81
\@tempa=\box82
\@tempa=\box83
\@tempa=\box84
\@tempa=\box85
\@tempa=\box86
\@tempa=\box87
\@tempa=\box88
\c@columnbadness=\count307
\c@finalcolumnbadness=\count308
\last@try=\dimen193
\multicolovershoot=\dimen194
\multicolundershoot=\dimen195
\mult@nat@firstbox=\box89
\colbreak@box=\box90
\mc@col@check@num=\count309
)
(g:/texlive/2019/texmf-dist/tex/latex/tools/enumerate.sty
Package: enumerate 2015/07/23 v3.00 enumerate extensions (DPC)
\@enLab=\toks39
)
(g:/texlive/2019/texmf-dist/tex/latex/multirow/multirow.sty
Package: multirow 2019/01/01 v2.4 Span multiple rows of a table
\multirow@colwidth=\skip70
\multirow@cntb=\count310
\multirow@dima=\skip71
\bigstrutjot=\dimen196
)
(g:/texlive/2019/texmf-dist/tex/latex/wasysym/wasysym.sty
Package: wasysym 2003/10/30 v2.0 Wasy-2 symbol support package
\symwasy=\mathgroup9
LaTeX Font Info:    Overwriting symbol font `wasy' in version `bold'
(Font)                  U/wasy/m/n --> U/wasy/b/n on input line 90.
)
(g:/texlive/2019/texmf-dist/tex/latex/hyperref/hyperref.sty
Package: hyperref 2018/11/30 v6.88e Hypertext links for LaTeX

(g:/texlive/2019/texmf-dist/tex/generic/oberdiek/hobsub-hyperref.sty
Package: hobsub-hyperref 2016/05/16 v1.14 Bundle oberdiek, subset hyperref (HO)


(g:/texlive/2019/texmf-dist/tex/generic/oberdiek/hobsub-generic.sty
Package: hobsub-generic 2016/05/16 v1.14 Bundle oberdiek, subset generic (HO)
Package: hobsub 2016/05/16 v1.14 Construct package bundles (HO)
Package: infwarerr 2016/05/16 v1.4 Providing info/warning/error messages (HO)
Package: ltxcmds 2016/05/16 v1.23 LaTeX kernel commands for general use (HO)
Package: ifluatex 2016/05/16 v1.4 Provides the ifluatex switch (HO)
Package ifluatex Info: LuaTeX not detected.
Package hobsub Info: Skipping package `ifvtex' (already loaded).
Package: intcalc 2016/05/16 v1.2 Expandable calculations with integers (HO)
Package hobsub Info: Skipping package `ifpdf' (already loaded).
Package: etexcmds 2016/05/16 v1.6 Avoid name clashes with e-TeX commands (HO)
Package: kvsetkeys 2016/05/16 v1.17 Key value parser (HO)
Package: kvdefinekeys 2016/05/16 v1.4 Define keys (HO)
Package: pdftexcmds 2018/09/10 v0.29 Utility functions of pdfTeX for LuaTeX (HO
)
Package pdftexcmds Info: LuaTeX not detected.
Package pdftexcmds Info: \pdf@primitive is available.
Package pdftexcmds Info: \pdf@ifprimitive is available.
Package pdftexcmds Info: \pdfdraftmode found.
Package: pdfescape 2016/05/16 v1.14 Implements pdfTeX's escape features (HO)
Package: bigintcalc 2016/05/16 v1.4 Expandable calculations on big integers (HO
)
Package: bitset 2016/05/16 v1.2 Handle bit-vector datatype (HO)
Package: uniquecounter 2016/05/16 v1.3 Provide unlimited unique counter (HO)
)
Package hobsub Info: Skipping package `hobsub' (already loaded).
Package: letltxmacro 2016/05/16 v1.5 Let assignment for LaTeX macros (HO)
Package: hopatch 2016/05/16 v1.3 Wrapper for package hooks (HO)
Package: xcolor-patch 2016/05/16 xcolor patch
Package: atveryend 2016/05/16 v1.9 Hooks at the very end of document (HO)
Package atveryend Info: \enddocument detected (standard20110627).
Package: atbegshi 2016/06/09 v1.18 At begin shipout hook (HO)
Package: refcount 2016/05/16 v3.5 Data extraction from label references (HO)
Package: hycolor 2016/05/16 v1.8 Color options for hyperref/bookmark (HO)
)
(g:/texlive/2019/texmf-dist/tex/latex/oberdiek/auxhook.sty
Package: auxhook 2016/05/16 v1.4 Hooks for auxiliary files (HO)
)
(g:/texlive/2019/texmf-dist/tex/latex/oberdiek/kvoptions.sty
Package: kvoptions 2016/05/16 v3.12 Key value format for package options (HO)
)
\@linkdim=\dimen197
\Hy@linkcounter=\count311
\Hy@pagecounter=\count312

(g:/texlive/2019/texmf-dist/tex/latex/hyperref/pd1enc.def
File: pd1enc.def 2018/11/30 v6.88e Hyperref: PDFDocEncoding definition (HO)
Now handling font encoding PD1 ...
... no UTF-8 mapping file for font encoding PD1
)
\Hy@SavedSpaceFactor=\count313

(g:/texlive/2019/texmf-dist/tex/latex/latexconfig/hyperref.cfg
File: hyperref.cfg 2002/06/06 v1.2 hyperref configuration of TeXLive
)
Package hyperref Info: Option `unicode' set `true' on input line 4393.

(g:/texlive/2019/texmf-dist/tex/latex/hyperref/puenc.def
File: puenc.def 2018/11/30 v6.88e Hyperref: PDF Unicode definition (HO)
Now handling font encoding PU ...
... no UTF-8 mapping file for font encoding PU
)
Package hyperref Info: Hyper figures OFF on input line 4519.
Package hyperref Info: Link nesting OFF on input line 4524.
Package hyperref Info: Hyper index ON on input line 4527.
Package hyperref Info: Plain pages OFF on input line 4534.
Package hyperref Info: Backreferencing OFF on input line 4539.
Package hyperref Info: Implicit mode ON; LaTeX internals redefined.
Package hyperref Info: Bookmarks ON on input line 4772.
\c@Hy@tempcnt=\count314

(g:/texlive/2019/texmf-dist/tex/latex/url/url.sty
\Urlmuskip=\muskip17
Package: url 2013/09/16  ver 3.4  Verb mode for urls, etc.
)
LaTeX Info: Redefining \url on input line 5125.
\XeTeXLinkMargin=\dimen198
\Fld@menulength=\count315
\Field@Width=\dimen199
\Fld@charsize=\dimen256
Package hyperref Info: Hyper figures OFF on input line 6380.
Package hyperref Info: Link nesting OFF on input line 6385.
Package hyperref Info: Hyper index ON on input line 6388.
Package hyperref Info: backreferencing OFF on input line 6395.
Package hyperref Info: Link coloring OFF on input line 6400.
Package hyperref Info: Link coloring with OCG OFF on input line 6405.
Package hyperref Info: PDF/A mode OFF on input line 6410.
LaTeX Info: Redefining \ref on input line 6450.
LaTeX Info: Redefining \pageref on input line 6454.
\Hy@abspage=\count316
\c@Item=\count317
\c@Hfootnote=\count318
)
Package hyperref Info: Driver (autodetected): hpdftex.

(g:/texlive/2019/texmf-dist/tex/latex/hyperref/hpdftex.def
File: hpdftex.def 2018/11/30 v6.88e Hyperref driver for pdfTeX
\Fld@listcount=\count319
\c@bookmark@seq@number=\count320

(g:/texlive/2019/texmf-dist/tex/latex/oberdiek/rerunfilecheck.sty
Package: rerunfilecheck 2016/05/16 v1.8 Rerun checks for auxiliary files (HO)
Package uniquecounter Info: New unique counter `rerunfilecheck' on input line 2
82.
)
\Hy@SectionHShift=\skip72
)
(g:/texlive/2019/texmf-dist/tex/latex/algorithms/algorithm.sty
Package: algorithm 2009/08/24 v0.1 Document Style `algorithm' - floating enviro
nment

(g:/texlive/2019/texmf-dist/tex/latex/base/ifthen.sty
Package: ifthen 2014/09/29 v1.1c Standard LaTeX ifthen package (DPC)
)
\@float@every@algorithm=\toks40
\c@algorithm=\count321
)
(g:/texlive/2019/texmf-dist/tex/latex/algorithmicx/algorithmicx.sty
Package: algorithmicx 2005/04/27 v1.2 Algorithmicx

Document Style algorithmicx 1.2 - a greatly improved `algorithmic' style
\c@ALG@line=\count322
\c@ALG@rem=\count323
\c@ALG@nested=\count324
\ALG@tlm=\skip73
\ALG@thistlm=\skip74
\c@ALG@Lnr=\count325
\c@ALG@blocknr=\count326
\c@ALG@storecount=\count327
\c@ALG@tmpcounter=\count328
\ALG@tmplength=\skip75
) (g:/texlive/2019/texmf-dist/tex/latex/algorithmicx/algpseudocode.sty
Package: algpseudocode 

Document Style - pseudocode environments for use with the `algorithmicx' style
) (g:/texlive/2019/texmf-dist/tex/latex/pgf/frontendlayer/tikz.sty
(g:/texlive/2019/texmf-dist/tex/latex/pgf/basiclayer/pgf.sty
(g:/texlive/2019/texmf-dist/tex/latex/pgf/utilities/pgfrcs.sty
(g:/texlive/2019/texmf-dist/tex/generic/pgf/utilities/pgfutil-common.tex
\pgfutil@everybye=\toks41
\pgfutil@tempdima=\dimen257
\pgfutil@tempdimb=\dimen258

(g:/texlive/2019/texmf-dist/tex/generic/pgf/utilities/pgfutil-common-lists.tex)
) (g:/texlive/2019/texmf-dist/tex/generic/pgf/utilities/pgfutil-latex.def
\pgfutil@abb=\box91

(g:/texlive/2019/texmf-dist/tex/latex/ms/everyshi.sty
Package: everyshi 2001/05/15 v3.00 EveryShipout Package (MS)
))
(g:/texlive/2019/texmf-dist/tex/generic/pgf/utilities/pgfrcs.code.tex
(g:/texlive/2019/texmf-dist/tex/generic/pgf/pgf.revision.tex)
Package: pgfrcs 2019/02/02 v3.1.1 (3.1.1)
))
Package: pgf 2019/02/02 v3.1.1 (3.1.1)

(g:/texlive/2019/texmf-dist/tex/latex/pgf/basiclayer/pgfcore.sty
(g:/texlive/2019/texmf-dist/tex/latex/pgf/systemlayer/pgfsys.sty
(g:/texlive/2019/texmf-dist/tex/generic/pgf/systemlayer/pgfsys.code.tex
Package: pgfsys 2019/02/02 v3.1.1 (3.1.1)

(g:/texlive/2019/texmf-dist/tex/generic/pgf/utilities/pgfkeys.code.tex
\pgfkeys@pathtoks=\toks42
\pgfkeys@temptoks=\toks43

(g:/texlive/2019/texmf-dist/tex/generic/pgf/utilities/pgfkeysfiltered.code.tex
\pgfkeys@tmptoks=\toks44
))
\pgf@x=\dimen259
\pgf@y=\dimen260
\pgf@xa=\dimen261
\pgf@ya=\dimen262
\pgf@xb=\dimen263
\pgf@yb=\dimen264
\pgf@xc=\dimen265
\pgf@yc=\dimen266
\w@pgf@writea=\write4
\r@pgf@reada=\read3
\c@pgf@counta=\count329
\c@pgf@countb=\count330
\c@pgf@countc=\count331
\c@pgf@countd=\count332
\t@pgf@toka=\toks45
\t@pgf@tokb=\toks46
\t@pgf@tokc=\toks47
\pgf@sys@id@count=\count333
 (g:/texlive/2019/texmf-dist/tex/generic/pgf/systemlayer/pgf.cfg
File: pgf.cfg 2019/02/02 v3.1.1 (3.1.1)
)
Driver file for pgf: pgfsys-pdftex.def

(g:/texlive/2019/texmf-dist/tex/generic/pgf/systemlayer/pgfsys-pdftex.def
File: pgfsys-pdftex.def 2019/02/02 v3.1.1 (3.1.1)

(g:/texlive/2019/texmf-dist/tex/generic/pgf/systemlayer/pgfsys-common-pdf.def
File: pgfsys-common-pdf.def 2019/02/02 v3.1.1 (3.1.1)
)))
(g:/texlive/2019/texmf-dist/tex/generic/pgf/systemlayer/pgfsyssoftpath.code.tex
File: pgfsyssoftpath.code.tex 2019/02/02 v3.1.1 (3.1.1)
\pgfsyssoftpath@smallbuffer@items=\count334
\pgfsyssoftpath@bigbuffer@items=\count335
)
(g:/texlive/2019/texmf-dist/tex/generic/pgf/systemlayer/pgfsysprotocol.code.tex
File: pgfsysprotocol.code.tex 2019/02/02 v3.1.1 (3.1.1)
)) (g:/texlive/2019/texmf-dist/tex/generic/pgf/basiclayer/pgfcore.code.tex
Package: pgfcore 2019/02/02 v3.1.1 (3.1.1)

(g:/texlive/2019/texmf-dist/tex/generic/pgf/math/pgfmath.code.tex
(g:/texlive/2019/texmf-dist/tex/generic/pgf/math/pgfmathcalc.code.tex
(g:/texlive/2019/texmf-dist/tex/generic/pgf/math/pgfmathutil.code.tex)
(g:/texlive/2019/texmf-dist/tex/generic/pgf/math/pgfmathparser.code.tex
\pgfmath@dimen=\dimen267
\pgfmath@count=\count336
\pgfmath@box=\box92
\pgfmath@toks=\toks48
\pgfmath@stack@operand=\toks49
\pgfmath@stack@operation=\toks50
)
(g:/texlive/2019/texmf-dist/tex/generic/pgf/math/pgfmathfunctions.code.tex
(g:/texlive/2019/texmf-dist/tex/generic/pgf/math/pgfmathfunctions.basic.code.te
x)
(g:/texlive/2019/texmf-dist/tex/generic/pgf/math/pgfmathfunctions.trigonometric
.code.tex)
(g:/texlive/2019/texmf-dist/tex/generic/pgf/math/pgfmathfunctions.random.code.t
ex)
(g:/texlive/2019/texmf-dist/tex/generic/pgf/math/pgfmathfunctions.comparison.co
de.tex)
(g:/texlive/2019/texmf-dist/tex/generic/pgf/math/pgfmathfunctions.base.code.tex
)
(g:/texlive/2019/texmf-dist/tex/generic/pgf/math/pgfmathfunctions.round.code.te
x)
(g:/texlive/2019/texmf-dist/tex/generic/pgf/math/pgfmathfunctions.misc.code.tex
)
(g:/texlive/2019/texmf-dist/tex/generic/pgf/math/pgfmathfunctions.integerarithm
etics.code.tex)))
(g:/texlive/2019/texmf-dist/tex/generic/pgf/math/pgfmathfloat.code.tex
\c@pgfmathroundto@lastzeros=\count337
))
(g:/texlive/2019/texmf-dist/tex/generic/pgf/basiclayer/pgfcorepoints.code.tex
File: pgfcorepoints.code.tex 2019/02/02 v3.1.1 (3.1.1)
\pgf@picminx=\dimen268
\pgf@picmaxx=\dimen269
\pgf@picminy=\dimen270
\pgf@picmaxy=\dimen271
\pgf@pathminx=\dimen272
\pgf@pathmaxx=\dimen273
\pgf@pathminy=\dimen274
\pgf@pathmaxy=\dimen275
\pgf@xx=\dimen276
\pgf@xy=\dimen277
\pgf@yx=\dimen278
\pgf@yy=\dimen279
\pgf@zx=\dimen280
\pgf@zy=\dimen281
)
(g:/texlive/2019/texmf-dist/tex/generic/pgf/basiclayer/pgfcorepathconstruct.cod
e.tex
File: pgfcorepathconstruct.code.tex 2019/02/02 v3.1.1 (3.1.1)
\pgf@path@lastx=\dimen282
\pgf@path@lasty=\dimen283
)
(g:/texlive/2019/texmf-dist/tex/generic/pgf/basiclayer/pgfcorepathusage.code.te
x
File: pgfcorepathusage.code.tex 2019/02/02 v3.1.1 (3.1.1)
\pgf@shorten@end@additional=\dimen284
\pgf@shorten@start@additional=\dimen285
)
(g:/texlive/2019/texmf-dist/tex/generic/pgf/basiclayer/pgfcorescopes.code.tex
File: pgfcorescopes.code.tex 2019/02/02 v3.1.1 (3.1.1)
\pgfpic=\box93
\pgf@hbox=\box94
\pgf@layerbox@main=\box95
\pgf@picture@serial@count=\count338
)
(g:/texlive/2019/texmf-dist/tex/generic/pgf/basiclayer/pgfcoregraphicstate.code
.tex
File: pgfcoregraphicstate.code.tex 2019/02/02 v3.1.1 (3.1.1)
\pgflinewidth=\dimen286
)
(g:/texlive/2019/texmf-dist/tex/generic/pgf/basiclayer/pgfcoretransformations.c
ode.tex
File: pgfcoretransformations.code.tex 2019/02/02 v3.1.1 (3.1.1)
\pgf@pt@x=\dimen287
\pgf@pt@y=\dimen288
\pgf@pt@temp=\dimen289
)
(g:/texlive/2019/texmf-dist/tex/generic/pgf/basiclayer/pgfcorequick.code.tex
File: pgfcorequick.code.tex 2019/02/02 v3.1.1 (3.1.1)
)
(g:/texlive/2019/texmf-dist/tex/generic/pgf/basiclayer/pgfcoreobjects.code.tex
File: pgfcoreobjects.code.tex 2019/02/02 v3.1.1 (3.1.1)
)
(g:/texlive/2019/texmf-dist/tex/generic/pgf/basiclayer/pgfcorepathprocessing.co
de.tex
File: pgfcorepathprocessing.code.tex 2019/02/02 v3.1.1 (3.1.1)
)
(g:/texlive/2019/texmf-dist/tex/generic/pgf/basiclayer/pgfcorearrows.code.tex
File: pgfcorearrows.code.tex 2019/02/02 v3.1.1 (3.1.1)
\pgfarrowsep=\dimen290
)
(g:/texlive/2019/texmf-dist/tex/generic/pgf/basiclayer/pgfcoreshade.code.tex
File: pgfcoreshade.code.tex 2019/02/02 v3.1.1 (3.1.1)
\pgf@max=\dimen291
\pgf@sys@shading@range@num=\count339
)
(g:/texlive/2019/texmf-dist/tex/generic/pgf/basiclayer/pgfcoreimage.code.tex
File: pgfcoreimage.code.tex 2019/02/02 v3.1.1 (3.1.1)

(g:/texlive/2019/texmf-dist/tex/generic/pgf/basiclayer/pgfcoreexternal.code.tex
File: pgfcoreexternal.code.tex 2019/02/02 v3.1.1 (3.1.1)
\pgfexternal@startupbox=\box96
))
(g:/texlive/2019/texmf-dist/tex/generic/pgf/basiclayer/pgfcorelayers.code.tex
File: pgfcorelayers.code.tex 2019/02/02 v3.1.1 (3.1.1)
)
(g:/texlive/2019/texmf-dist/tex/generic/pgf/basiclayer/pgfcoretransparency.code
.tex
File: pgfcoretransparency.code.tex 2019/02/02 v3.1.1 (3.1.1)
)
(g:/texlive/2019/texmf-dist/tex/generic/pgf/basiclayer/pgfcorepatterns.code.tex
File: pgfcorepatterns.code.tex 2019/02/02 v3.1.1 (3.1.1)
) (g:/texlive/2019/texmf-dist/tex/generic/pgf/basiclayer/pgfcorerdf.code.tex
File: pgfcorerdf.code.tex 2019/02/02 v3.1.1 (3.1.1)
))) (g:/texlive/2019/texmf-dist/tex/generic/pgf/modules/pgfmoduleshapes.code.te
x
File: pgfmoduleshapes.code.tex 2019/02/02 v3.1.1 (3.1.1)
\pgfnodeparttextbox=\box97
)
(g:/texlive/2019/texmf-dist/tex/generic/pgf/modules/pgfmoduleplot.code.tex
File: pgfmoduleplot.code.tex 2019/02/02 v3.1.1 (3.1.1)
)
(g:/texlive/2019/texmf-dist/tex/latex/pgf/compatibility/pgfcomp-version-0-65.st
y
Package: pgfcomp-version-0-65 2019/02/02 v3.1.1 (3.1.1)
\pgf@nodesepstart=\dimen292
\pgf@nodesepend=\dimen293
)
(g:/texlive/2019/texmf-dist/tex/latex/pgf/compatibility/pgfcomp-version-1-18.st
y
Package: pgfcomp-version-1-18 2019/02/02 v3.1.1 (3.1.1)
)) (g:/texlive/2019/texmf-dist/tex/latex/pgf/utilities/pgffor.sty
(g:/texlive/2019/texmf-dist/tex/latex/pgf/utilities/pgfkeys.sty
(g:/texlive/2019/texmf-dist/tex/generic/pgf/utilities/pgfkeys.code.tex))
(g:/texlive/2019/texmf-dist/tex/latex/pgf/math/pgfmath.sty
(g:/texlive/2019/texmf-dist/tex/generic/pgf/math/pgfmath.code.tex))
(g:/texlive/2019/texmf-dist/tex/generic/pgf/utilities/pgffor.code.tex
Package: pgffor 2019/02/02 v3.1.1 (3.1.1)

(g:/texlive/2019/texmf-dist/tex/generic/pgf/math/pgfmath.code.tex)
\pgffor@iter=\dimen294
\pgffor@skip=\dimen295
\pgffor@stack=\toks51
\pgffor@toks=\toks52
))
(g:/texlive/2019/texmf-dist/tex/generic/pgf/frontendlayer/tikz/tikz.code.tex
Package: tikz 2019/02/02 v3.1.1 (3.1.1)

(g:/texlive/2019/texmf-dist/tex/generic/pgf/libraries/pgflibraryplothandlers.co
de.tex
File: pgflibraryplothandlers.code.tex 2019/02/02 v3.1.1 (3.1.1)
\pgf@plot@mark@count=\count340
\pgfplotmarksize=\dimen296
)
\tikz@lastx=\dimen297
\tikz@lasty=\dimen298
\tikz@lastxsaved=\dimen299
\tikz@lastysaved=\dimen300
\tikzleveldistance=\dimen301
\tikzsiblingdistance=\dimen302
\tikz@figbox=\box98
\tikz@figbox@bg=\box99
\tikz@tempbox=\box100
\tikz@tempbox@bg=\box101
\tikztreelevel=\count341
\tikznumberofchildren=\count342
\tikznumberofcurrentchild=\count343
\tikz@fig@count=\count344

(g:/texlive/2019/texmf-dist/tex/generic/pgf/modules/pgfmodulematrix.code.tex
File: pgfmodulematrix.code.tex 2019/02/02 v3.1.1 (3.1.1)
\pgfmatrixcurrentrow=\count345
\pgfmatrixcurrentcolumn=\count346
\pgf@matrix@numberofcolumns=\count347
)
\tikz@expandcount=\count348

(g:/texlive/2019/texmf-dist/tex/generic/pgf/frontendlayer/tikz/libraries/tikzli
brarytopaths.code.tex
File: tikzlibrarytopaths.code.tex 2019/02/02 v3.1.1 (3.1.1)
)))
(g:/texlive/2019/texmf-dist/tex/latex/pgfplots/pgfplots.sty
(g:/texlive/2019/texmf-dist/tex/generic/pgfplots/pgfplots.revision.tex)
Package: pgfplots 2018/03/28 v1.16 Data Visualization (1.16)

(g:/texlive/2019/texmf-dist/tex/generic/pgfplots/pgfplots.code.tex
(g:/texlive/2019/texmf-dist/tex/generic/pgfplots/pgfplotscore.code.tex
\t@pgfplots@toka=\toks53
\t@pgfplots@tokb=\toks54
\t@pgfplots@tokc=\toks55
\pgfplots@tmpa=\dimen303
\c@pgfplots@coordindex=\count349
\c@pgfplots@scanlineindex=\count350

(g:/texlive/2019/texmf-dist/tex/generic/pgfplots/sys/pgfplotssysgeneric.code.te
x))
(g:/texlive/2019/texmf-dist/tex/generic/pgfplots/libs/pgfplotslibrary.code.tex)

(g:/texlive/2019/texmf-dist/tex/generic/pgfplots/oldpgfcompatib/pgfplotsoldpgfs
upp_loader.code.tex
(g:/texlive/2019/texmf-dist/tex/generic/pgf/libraries/pgflibraryfpu.code.tex)
Package pgfplots: loading complementary arithmetics for your pgf version...

(g:/texlive/2019/texmf-dist/tex/generic/pgfplots/oldpgfcompatib/pgfplotsoldpgfs
upp_pgflibraryfpu.code.tex)
(g:/texlive/2019/texmf-dist/tex/generic/pgfplots/oldpgfcompatib/pgfplotsoldpgfs
upp_pgfmathfloat.code.tex
\c@pgfmathroundto@lastzeros=\count351
))
(g:/texlive/2019/texmf-dist/tex/generic/pgfplots/util/pgfplotsutil.code.tex
(g:/texlive/2019/texmf-dist/tex/generic/pgfplots/liststructure/pgfplotsliststru
cture.code.tex)
(g:/texlive/2019/texmf-dist/tex/generic/pgfplots/liststructure/pgfplotsliststru
ctureext.code.tex)
(g:/texlive/2019/texmf-dist/tex/generic/pgfplots/liststructure/pgfplotsarray.co
de.tex
\c@pgfplotsarray@tmp=\count352
)
(g:/texlive/2019/texmf-dist/tex/generic/pgfplots/liststructure/pgfplotsmatrix.c
ode.tex)
(g:/texlive/2019/texmf-dist/tex/generic/pgfplots/numtable/pgfplotstableshared.c
ode.tex
\c@pgfplotstable@counta=\count353
\t@pgfplotstable@a=\toks56
)
(g:/texlive/2019/texmf-dist/tex/generic/pgfplots/liststructure/pgfplotsdeque.co
de.tex)
(g:/texlive/2019/texmf-dist/tex/generic/pgfplots/util/pgfplotsbinary.code.tex
(g:/texlive/2019/texmf-dist/tex/generic/pgfplots/util/pgfplotsbinary.data.code.
tex))
(g:/texlive/2019/texmf-dist/tex/generic/pgfplots/util/pgfplotsutil.verb.code.te
x)
(g:/texlive/2019/texmf-dist/tex/generic/pgfplots/libs/pgflibrarypgfplots.surfsh
ading.code.tex
\c@pgfplotslibrarysurf@no=\count354

(g:/texlive/2019/texmf-dist/tex/generic/pgfplots/sys/pgflibrarypgfplots.surfsha
ding.pgfsys-pdftex.def)))
(g:/texlive/2019/texmf-dist/tex/generic/pgfplots/util/pgfplotscolormap.code.tex
(g:/texlive/2019/texmf-dist/tex/generic/pgfplots/util/pgfplotscolor.code.tex))
(g:/texlive/2019/texmf-dist/tex/generic/pgfplots/pgfplotsstackedplots.code.tex)
(g:/texlive/2019/texmf-dist/tex/generic/pgfplots/pgfplotsplothandlers.code.tex
(g:/texlive/2019/texmf-dist/tex/generic/pgfplots/pgfplotsmeshplothandler.code.t
ex
(g:/texlive/2019/texmf-dist/tex/generic/pgfplots/pgfplotsmeshplotimage.code.tex
))) (g:/texlive/2019/texmf-dist/tex/generic/pgfplots/pgfplots.scaling.code.tex)

(g:/texlive/2019/texmf-dist/tex/generic/pgfplots/pgfplotscoordprocessing.code.t
ex)
(g:/texlive/2019/texmf-dist/tex/generic/pgfplots/pgfplots.errorbars.code.tex)
(g:/texlive/2019/texmf-dist/tex/generic/pgfplots/pgfplots.markers.code.tex)
(g:/texlive/2019/texmf-dist/tex/generic/pgfplots/pgfplotsticks.code.tex)
(g:/texlive/2019/texmf-dist/tex/generic/pgfplots/pgfplots.paths.code.tex)
(g:/texlive/2019/texmf-dist/tex/generic/pgf/frontendlayer/tikz/libraries/tikzli
brarydecorations.code.tex
(g:/texlive/2019/texmf-dist/tex/generic/pgf/modules/pgfmoduledecorations.code.t
ex
\pgfdecoratedcompleteddistance=\dimen304
\pgfdecoratedremainingdistance=\dimen305
\pgfdecoratedinputsegmentcompleteddistance=\dimen306
\pgfdecoratedinputsegmentremainingdistance=\dimen307
\pgf@decorate@distancetomove=\dimen308
\pgf@decorate@repeatstate=\count355
\pgfdecorationsegmentamplitude=\dimen309
\pgfdecorationsegmentlength=\dimen310
)
\tikz@lib@dec@box=\box102
)
(g:/texlive/2019/texmf-dist/tex/generic/pgf/frontendlayer/tikz/libraries/tikzli
brarydecorations.pathmorphing.code.tex
(g:/texlive/2019/texmf-dist/tex/generic/pgf/libraries/decorations/pgflibrarydec
orations.pathmorphing.code.tex))
(g:/texlive/2019/texmf-dist/tex/generic/pgf/frontendlayer/tikz/libraries/tikzli
brarydecorations.pathreplacing.code.tex
(g:/texlive/2019/texmf-dist/tex/generic/pgf/libraries/decorations/pgflibrarydec
orations.pathreplacing.code.tex))
\pgfplots@numplots=\count356
\pgfplots@xmin@reg=\dimen311
\pgfplots@xmax@reg=\dimen312
\pgfplots@ymin@reg=\dimen313
\pgfplots@ymax@reg=\dimen314
\pgfplots@zmin@reg=\dimen315
\pgfplots@zmax@reg=\dimen316
)
(g:/texlive/2019/texmf-dist/tex/generic/pgf/frontendlayer/tikz/libraries/tikzli
braryplotmarks.code.tex
File: tikzlibraryplotmarks.code.tex 2019/02/02 v3.1.1 (3.1.1)

(g:/texlive/2019/texmf-dist/tex/generic/pgf/libraries/pgflibraryplotmarks.code.
tex
File: pgflibraryplotmarks.code.tex 2019/02/02 v3.1.1 (3.1.1)
)))
(g:/texlive/2019/texmf-dist/tex/generic/pgfplots/libs/tikzlibrarypgfplots.patch
plots.code.tex)
(g:/texlive/2019/texmf-dist/tex/generic/pgf/frontendlayer/tikz/libraries/tikzli
braryarrows.code.tex
File: tikzlibraryarrows.code.tex 2019/02/02 v3.1.1 (3.1.1)

(g:/texlive/2019/texmf-dist/tex/generic/pgf/libraries/pgflibraryarrows.code.tex
File: pgflibraryarrows.code.tex 2019/02/02 v3.1.1 (3.1.1)
\arrowsize=\dimen317
))
(g:/texlive/2019/texmf-dist/tex/generic/pgf/frontendlayer/tikz/libraries/tikzli
braryshapes.code.tex
File: tikzlibraryshapes.code.tex 2019/02/02 v3.1.1 (3.1.1)

(g:/texlive/2019/texmf-dist/tex/generic/pgf/frontendlayer/tikz/libraries/tikzli
braryshapes.geometric.code.tex
File: tikzlibraryshapes.geometric.code.tex 2019/02/02 v3.1.1 (3.1.1)

(g:/texlive/2019/texmf-dist/tex/generic/pgf/libraries/shapes/pgflibraryshapes.g
eometric.code.tex
File: pgflibraryshapes.geometric.code.tex 2019/02/02 v3.1.1 (3.1.1)
))
(g:/texlive/2019/texmf-dist/tex/generic/pgf/frontendlayer/tikz/libraries/tikzli
braryshapes.misc.code.tex
File: tikzlibraryshapes.misc.code.tex 2019/02/02 v3.1.1 (3.1.1)

(g:/texlive/2019/texmf-dist/tex/generic/pgf/libraries/shapes/pgflibraryshapes.m
isc.code.tex
File: pgflibraryshapes.misc.code.tex 2019/02/02 v3.1.1 (3.1.1)
))
(g:/texlive/2019/texmf-dist/tex/generic/pgf/frontendlayer/tikz/libraries/tikzli
braryshapes.symbols.code.tex
File: tikzlibraryshapes.symbols.code.tex 2019/02/02 v3.1.1 (3.1.1)

(g:/texlive/2019/texmf-dist/tex/generic/pgf/libraries/shapes/pgflibraryshapes.s
ymbols.code.tex
File: pgflibraryshapes.symbols.code.tex 2019/02/02 v3.1.1 (3.1.1)
))
(g:/texlive/2019/texmf-dist/tex/generic/pgf/frontendlayer/tikz/libraries/tikzli
braryshapes.arrows.code.tex
File: tikzlibraryshapes.arrows.code.tex 2019/02/02 v3.1.1 (3.1.1)

(g:/texlive/2019/texmf-dist/tex/generic/pgf/libraries/shapes/pgflibraryshapes.a
rrows.code.tex
File: pgflibraryshapes.arrows.code.tex 2019/02/02 v3.1.1 (3.1.1)
))
(g:/texlive/2019/texmf-dist/tex/generic/pgf/frontendlayer/tikz/libraries/tikzli
braryshapes.callouts.code.tex
(g:/texlive/2019/texmf-dist/tex/generic/pgf/libraries/shapes/pgflibraryshapes.c
allouts.code.tex))
(g:/texlive/2019/texmf-dist/tex/generic/pgf/frontendlayer/tikz/libraries/tikzli
braryshapes.multipart.code.tex
File: tikzlibraryshapes.multipart.code.tex 2019/02/02 v3.1.1 (3.1.1)

(g:/texlive/2019/texmf-dist/tex/generic/pgf/libraries/shapes/pgflibraryshapes.m
ultipart.code.tex
File: pgflibraryshapes.multipart.code.tex 2019/02/02 v3.1.1 (3.1.1)
\pgfnodepartlowerbox=\box103
\pgfnodeparttwobox=\box104
\pgfnodepartthreebox=\box105
\pgfnodepartfourbox=\box106
\pgfnodeparttwentybox=\box107
\pgfnodepartnineteenbox=\box108
\pgfnodeparteighteenbox=\box109
\pgfnodepartseventeenbox=\box110
\pgfnodepartsixteenbox=\box111
\pgfnodepartfifteenbox=\box112
\pgfnodepartfourteenbox=\box113
\pgfnodepartthirteenbox=\box114
\pgfnodeparttwelvebox=\box115
\pgfnodepartelevenbox=\box116
\pgfnodeparttenbox=\box117
\pgfnodepartninebox=\box118
\pgfnodeparteightbox=\box119
\pgfnodepartsevenbox=\box120
\pgfnodepartsixbox=\box121
\pgfnodepartfivebox=\box122
)))
(g:/texlive/2019/texmf-dist/tex/generic/pgf/frontendlayer/tikz/libraries/tikzli
braryautomata.code.tex
File: tikzlibraryautomata.code.tex 2019/02/02 v3.1.1 (3.1.1)
)
(g:/texlive/2019/texmf-dist/tex/generic/pgf/frontendlayer/tikz/libraries/tikzli
brarypetri.code.tex
File: tikzlibrarypetri.code.tex 2019/02/02 v3.1.1 (3.1.1)
)
(g:/texlive/2019/texmf-dist/tex/generic/pgf/frontendlayer/tikz/libraries/tikzli
brarypositioning.code.tex
File: tikzlibrarypositioning.code.tex 2019/02/02 v3.1.1 (3.1.1)
)
(g:/texlive/2019/texmf-dist/tex/generic/pgf/frontendlayer/tikz/libraries/tikzli
brarycalc.code.tex
File: tikzlibrarycalc.code.tex 2019/02/02 v3.1.1 (3.1.1)
)
(g:/texlive/2019/texmf-dist/tex/generic/pgf/libraries/pgflibraryarrows.meta.cod
e.tex
File: pgflibraryarrows.meta.code.tex 2019/02/02 v3.1.1 (3.1.1)
\pgfarrowinset=\dimen318
\pgfarrowlength=\dimen319
\pgfarrowwidth=\dimen320
\pgfarrowlinewidth=\dimen321
)
(g:/texlive/2019/texmf-dist/tex/generic/pgf/frontendlayer/tikz/libraries/tikzli
braryshadows.code.tex
File: tikzlibraryshadows.code.tex 2019/02/02 v3.1.1 (3.1.1)

(g:/texlive/2019/texmf-dist/tex/generic/pgf/frontendlayer/tikz/libraries/tikzli
braryfadings.code.tex
File: tikzlibraryfadings.code.tex 2019/02/02 v3.1.1 (3.1.1)

(g:/texlive/2019/texmf-dist/tex/generic/pgf/libraries/pgflibraryfadings.code.te
x
File: pgflibraryfadings.code.tex 2019/02/02 v3.1.1 (3.1.1)
))) (g:/texlive/2019/texmf-dist/tex/latex/forest/forest.sty
Package: forest 2017/07/14 v2.1.5 Drawing (linguistic) trees

(g:/texlive/2019/texmf-dist/tex/generic/pgf/frontendlayer/tikz/libraries/tikzli
braryfit.code.tex
File: tikzlibraryfit.code.tex 2019/02/02 v3.1.1 (3.1.1)
)
(g:/texlive/2019/texmf-dist/tex/generic/pgf/libraries/pgflibraryintersections.c
ode.tex
\pgf@intersect@solutions=\count357
) (g:/texlive/2019/texmf-dist/tex/latex/pgfopts/pgfopts.sty
Package: pgfopts 2014/07/10 v2.1a LaTeX package options with pgfkeys
\pgfopts@list@add@a@toks=\toks57
\pgfopts@list@add@b@toks=\toks58
)
(g:/texlive/2019/texmf-dist/tex/latex/etoolbox/etoolbox.sty
Package: etoolbox 2018/08/19 v2.5f e-TeX tools for LaTeX (JAW)
\etb@tempcnta=\count358
)
(g:/texlive/2019/texmf-dist/tex/latex/elocalloc/elocalloc.sty
Package: elocalloc 2016/12/15 v0.03 local allocation for LaTeX 2015+ (DPC)
)
(g:/texlive/2019/texmf-dist/tex/latex/environ/environ.sty
Package: environ 2014/05/04 v0.3 A new way to define environments

(g:/texlive/2019/texmf-dist/tex/latex/trimspaces/trimspaces.sty
Package: trimspaces 2009/09/17 v1.1 Trim spaces around a token list
))
(g:/texlive/2019/texmf-dist/tex/latex/inlinedef/inlinedef.sty
Package: inlinedef 2008/07/10 v1.0 Inlined expansions within definitions
\ID@toks=\toks59
\ID@count=\count359
)
\ID@usercommands=\toks60
\safeloop@depth=\count360
\safeRKloop@depth=\count361
\forest@temp@dimen=\dimen322
\forest@temp@count=\count362
\forest@n=\count363
\forest@temp@global@count=\count364
\forest@temp@toks=\toks61
\forest@temparray@M=\count365
\forest@temparray@N=\count366
\forest@global@temparray@M=\count367
\forest@global@temparray@N=\count368
\forest@isnum@count=\count369
\forest@isdim@nonintpart=\count370
\forest@isdim@dimen=\dimen323
\forest@sort@m=\count371
\forest@sort@k=\count372
\forest@sort@p=\count373
\bracket@content=\toks62
\bracket@afterthought=\toks63
\forest@node@maxid=\count374
\forest@process@left@M=\count375
\forest@process@left@N=\count376
\forest@process@right@M=\count377
\forest@process@right@N=\count378
\forest@process@saved@M=\count379
\forest@process@saved@N=\count380
\forest@process@result@M=\count381
\forest@process@result@N=\count382
\forest@process@n=\count383
\forest@nodewalk@branch@toks=\toks64
\forest@nodewalk@shortsteps@resolution=\toks65
\forest@do@dynamics=\toks66
\forest@box=\box123
\forest@xg=\dimen324
\forest@yg=\dimen325
\forest@xs=\dimen326
\forest@ys=\dimen327
\forest@pi@toks=\toks67
\forest@segment@toks=\toks68
\forest@PIi@toks=\toks69
\forest@PIii@toks=\toks70
\forest@copy@in=\read4
\forest@copy@out=\write5
\forest@externalize@max@outer@n=\count384
\forest@externalize@inner@n=\count385
)
(g:/texlive/2019/texmf-dist/tex/latex/listings/lstlang1.sty
File: lstlang1.sty 2019/02/27 1.8b listings language file
)
(g:/texlive/2019/texmf-dist/tex/latex/listings/lstlang1.sty
File: lstlang1.sty 2019/02/27 1.8b listings language file
)
(g:/texlive/2019/texmf-dist/tex/latex/listings/lstmisc.sty
File: lstmisc.sty 2019/02/27 1.8b (Carsten Heinz)
)
(g:/texlive/2019/texmf-dist/tex/generic/pgf/frontendlayer/tikz/libraries/tikzli
brarybackgrounds.code.tex
File: tikzlibrarybackgrounds.code.tex 2019/02/02 v3.1.1 (3.1.1)
\pgf@layerbox@background=\box124
\pgf@layerboxsaved@background=\box125
)
(g:/texlive/2019/texmf-dist/tex/latex/cjk/texinput/UTF8/UTF8.bdg
File: UTF8.bdg 2015/04/18 4.8.4
)
(g:/texlive/2019/texmf-dist/tex/latex/cjk/texinput/UTF8/UTF8.enc
File: UTF8.enc 2015/04/18 4.8.4
)
(g:/texlive/2019/texmf-dist/tex/latex/cjk/texinput/UTF8/UTF8.chr
File: UTF8.chr 2015/04/18 4.8.4
)
(./PB18111697_ÍõÕÂå«_lab3.aux)
\openout1 = `PB18111697_ÍõÕÂå«_lab3.aux'.

LaTeX Font Info:    Checking defaults for OML/cmm/m/it on input line 166.
LaTeX Font Info:    ... okay on input line 166.
LaTeX Font Info:    Checking defaults for T1/cmr/m/n on input line 166.
LaTeX Font Info:    ... okay on input line 166.
LaTeX Font Info:    Checking defaults for OT1/cmr/m/n on input line 166.
LaTeX Font Info:    ... okay on input line 166.
LaTeX Font Info:    Checking defaults for OMS/cmsy/m/n on input line 166.
LaTeX Font Info:    ... okay on input line 166.
LaTeX Font Info:    Checking defaults for OMX/cmex/m/n on input line 166.
LaTeX Font Info:    ... okay on input line 166.
LaTeX Font Info:    Checking defaults for U/cmr/m/n on input line 166.
LaTeX Font Info:    ... okay on input line 166.
LaTeX Font Info:    Checking defaults for TS1/cmr/m/n on input line 166.
LaTeX Font Info:    ... okay on input line 166.
LaTeX Font Info:    Checking defaults for C00/song/m/n on input line 166.
LaTeX Font Info:    ... okay on input line 166.
LaTeX Font Info:    Checking defaults for C05/song/m/n on input line 166.
LaTeX Font Info:    ... okay on input line 166.
LaTeX Font Info:    Checking defaults for C09/song/m/n on input line 166.
LaTeX Font Info:    ... okay on input line 166.
LaTeX Font Info:    Checking defaults for C10/song/m/n on input line 166.
LaTeX Font Info:    ... okay on input line 166.
LaTeX Font Info:    Checking defaults for C20/song/m/n on input line 166.
LaTeX Font Info:    ... okay on input line 166.
LaTeX Font Info:    Checking defaults for C19/song/m/n on input line 166.
LaTeX Font Info:    ... okay on input line 166.
LaTeX Font Info:    Checking defaults for C40/song/m/n on input line 166.
LaTeX Font Info:    ... okay on input line 166.
LaTeX Font Info:    Checking defaults for C42/song/m/n on input line 166.
LaTeX Font Info:    ... okay on input line 166.
LaTeX Font Info:    Checking defaults for C43/song/m/n on input line 166.
LaTeX Font Info:    ... okay on input line 166.
LaTeX Font Info:    Checking defaults for C50/song/m/n on input line 166.
LaTeX Font Info:    ... okay on input line 166.
LaTeX Font Info:    Checking defaults for C52/song/m/n on input line 166.
LaTeX Font Info:    ... okay on input line 166.
LaTeX Font Info:    Checking defaults for C49/song/m/n on input line 166.
LaTeX Font Info:    ... okay on input line 166.
LaTeX Font Info:    Checking defaults for C60/mj/m/n on input line 166.
LaTeX Font Info:    ... okay on input line 166.
LaTeX Font Info:    Checking defaults for C61/mj/m/n on input line 166.
LaTeX Font Info:    ... okay on input line 166.
LaTeX Font Info:    Checking defaults for C63/mj/m/n on input line 166.
LaTeX Font Info:    ... okay on input line 166.
LaTeX Font Info:    Checking defaults for C64/mj/m/n on input line 166.
LaTeX Font Info:    ... okay on input line 166.
LaTeX Font Info:    Checking defaults for C65/mj/m/n on input line 166.
LaTeX Font Info:    ... okay on input line 166.
LaTeX Font Info:    Checking defaults for C70/song/m/n on input line 166.
LaTeX Font Info:    ... okay on input line 166.
LaTeX Font Info:    Checking defaults for C31/song/m/n on input line 166.
LaTeX Font Info:    ... okay on input line 166.
LaTeX Font Info:    Checking defaults for C32/song/m/n on input line 166.
LaTeX Font Info:    ... okay on input line 166.
LaTeX Font Info:    Checking defaults for C33/song/m/n on input line 166.
LaTeX Font Info:    ... okay on input line 166.
LaTeX Font Info:    Checking defaults for C34/song/m/n on input line 166.
LaTeX Font Info:    ... okay on input line 166.
LaTeX Font Info:    Checking defaults for C35/song/m/n on input line 166.
LaTeX Font Info:    ... okay on input line 166.
LaTeX Font Info:    Checking defaults for C36/song/m/n on input line 166.
LaTeX Font Info:    ... okay on input line 166.
LaTeX Font Info:    Checking defaults for C37/song/m/n on input line 166.
LaTeX Font Info:    ... okay on input line 166.
LaTeX Font Info:    Checking defaults for C80/song/m/n on input line 166.
LaTeX Font Info:    ... okay on input line 166.
LaTeX Font Info:    Checking defaults for C81/song/m/n on input line 166.
LaTeX Font Info:    ... okay on input line 166.
LaTeX Font Info:    Checking defaults for C01/song/m/n on input line 166.
LaTeX Font Info:    ... okay on input line 166.
LaTeX Font Info:    Checking defaults for C11/song/m/n on input line 166.
LaTeX Font Info:    ... okay on input line 166.
LaTeX Font Info:    Checking defaults for C21/song/m/n on input line 166.
LaTeX Font Info:    ... okay on input line 166.
LaTeX Font Info:    Checking defaults for C41/song/m/n on input line 166.
LaTeX Font Info:    ... okay on input line 166.
LaTeX Font Info:    Checking defaults for C62/song/m/n on input line 166.
LaTeX Font Info:    ... okay on input line 166.
LaTeX Font Info:    Checking defaults for PD1/pdf/m/n on input line 166.
LaTeX Font Info:    ... okay on input line 166.
LaTeX Font Info:    Checking defaults for PU/pdf/m/n on input line 166.
LaTeX Font Info:    ... okay on input line 166.

(g:/texlive/2019/texmf-dist/tex/context/base/mkii/supp-pdf.mkii
[Loading MPS to PDF converter (version 2006.09.02).]
\scratchcounter=\count386
\scratchdimen=\dimen328
\scratchbox=\box126
\nofMPsegments=\count387
\nofMParguments=\count388
\everyMPshowfont=\toks71
\MPscratchCnt=\count389
\MPscratchDim=\dimen329
\MPnumerator=\count390
\makeMPintoPDFobject=\count391
\everyMPtoPDFconversion=\toks72
) (g:/texlive/2019/texmf-dist/tex/latex/oberdiek/epstopdf-base.sty
Package: epstopdf-base 2016/05/15 v2.6 Base part for package epstopdf

(g:/texlive/2019/texmf-dist/tex/latex/oberdiek/grfext.sty
Package: grfext 2016/05/16 v1.2 Manage graphics extensions (HO)
)
Package epstopdf-base Info: Redefining graphics rule for `.eps' on input line 4
38.
Package grfext Info: Graphics extension search list:
(grfext)             [.pdf,.png,.jpg,.mps,.jpeg,.jbig2,.jb2,.PDF,.PNG,.JPG,.JPE
G,.JBIG2,.JB2,.eps]
(grfext)             \AppendGraphicsExtensions on input line 456.

(g:/texlive/2019/texmf-dist/tex/latex/latexconfig/epstopdf-sys.cfg
File: epstopdf-sys.cfg 2010/07/13 v1.3 Configuration of (r)epstopdf for TeX Liv
e
))
ABD: EverySelectfont initializing macros
LaTeX Info: Redefining \selectfont on input line 166.
\c@lstlisting=\count392

*geometry* driver: auto-detecting
*geometry* detected driver: pdftex
*geometry* verbose mode - [ preamble ] result:
* driver: pdftex
* paper: <default>
* layout: <same size as paper>
* layoutoffset:(h,v)=(0.0pt,0.0pt)
* modes: 
* h-part:(L,W,R)=(42.67912pt, 528.93675pt, 42.67912pt)
* v-part:(T,H,B)=(42.67912pt, 695.38536pt, 56.9055pt)
* \paperwidth=614.295pt
* \paperheight=794.96999pt
* \textwidth=528.93675pt
* \textheight=695.38536pt
* \oddsidemargin=-29.59087pt
* \evensidemargin=-29.59087pt
* \topmargin=-66.59087pt
* \headheight=12.0pt
* \headsep=25.0pt
* \topskip=10.0pt
* \footskip=30.0pt
* \marginparwidth=65.0pt
* \marginparsep=11.0pt
* \columnsep=10.0pt
* \skip\footins=9.0pt plus 4.0pt minus 2.0pt
* \hoffset=0.0pt
* \voffset=0.0pt
* \mag=1000
* \@twocolumnfalse
* \@twosidefalse
* \@mparswitchfalse
* \@reversemarginfalse
* (1in=72.27pt=25.4mm, 1cm=28.453pt)

\AtBeginShipoutBox=\box127
Package hyperref Info: Link coloring OFF on input line 166.
(g:/texlive/2019/texmf-dist/tex/latex/hyperref/nameref.sty
Package: nameref 2016/05/21 v2.44 Cross-referencing by name of section

(g:/texlive/2019/texmf-dist/tex/generic/oberdiek/gettitlestring.sty
Package: gettitlestring 2016/05/16 v1.5 Cleanup title references (HO)
)
\c@section@level=\count393
)
LaTeX Info: Redefining \ref on input line 166.
LaTeX Info: Redefining \pageref on input line 166.
LaTeX Info: Redefining \nameref on input line 166.

(./PB18111697_ÍõÕÂå«_lab3.out) (./PB18111697_ÍõÕÂå«_lab3.out)
\@outlinefile=\write6
\openout6 = `PB18111697_ÍõÕÂå«_lab3.out'.


ABD: EveryShipout initializing macros

Package pgfplots Warning: running in backwards compatibility mode (unsuitable t
ick labels; missing features). Consider writing \pgfplotsset{compat=1.16} into 
your preamble.
 on input line 166.

LaTeX Font Info:    Try loading font information for C70+rm on input line 168.
(g:/texlive/2019/texmf-dist/tex/latex/ctex/fd/c70rm.fd
File: c70rm.fd 2019/04/07 v2.4.15 Chinese font definition (CTEX)
)
LaTeX Font Info:    Try loading font information for U+msa on input line 168.

(g:/texlive/2019/texmf-dist/tex/latex/amsfonts/umsa.fd
File: umsa.fd 2013/01/14 v3.01 AMS symbols A
)
LaTeX Font Info:    Try loading font information for U+msb on input line 168.

(g:/texlive/2019/texmf-dist/tex/latex/amsfonts/umsb.fd
File: umsb.fd 2013/01/14 v3.01 AMS symbols B
)
LaTeX Font Info:    Try loading font information for U+wasy on input line 168.

(g:/texlive/2019/texmf-dist/tex/latex/wasysym/uwasy.fd
File: uwasy.fd 2003/10/30 v2.0 Wasy-2 symbol font definitions
)

LaTeX Warning: No \author given.

(./PB18111697_ÍõÕÂå«_lab3.toc

LaTeX Font Warning: Font shape `U/wasy/m/n' in size <10.53937> not available
(Font)              size <10.95> substituted on input line 2.

)
\tf@toc=\write7
\openout7 = `PB18111697_ÍõÕÂå«_lab3.toc'.

 (g:/texlive/2019/texmf-dist/tex/generic/ctex/zhwindowsfonts.tex
File: zhwindowsfonts.tex 2019/04/07 v2.4.15 Windows font map loader for pdfTeX 
and DVIPDFMx (CTEX)
) [1

]
<model2.png, id=158, 1041.8925pt x 475.7775pt>
File: model2.png Graphic file (type png)
<use model2.png>
Package pdftex.def Info: model2.png  used on input line 177.
(pdftex.def)             Requested size: 330.58546pt x 150.95966pt.

Overfull \hbox (4.94089pt too wide) in paragraph at lines 174--179
\C70/rm/m/n/10.53937/59  \C70/rm/m/n/10.53937/67  \C70/rm/m/n/10.53937/4e ^^@
 * \C70/rm/m/n/10.53937/98  \C70/rm/m/n/10.53937/6d K \C70/rm/m/n/10.53937/95 
î \C70/rm/m/n/10.53937/98  \C70/rm/m/n/10.53937/4e -\OT1/cmr/m/n/10.53937 , \C
70/rm/m/n/10.53937/8b ­ \C70/rm/m/n/10.53937/7e Ã \C70/rm/m/n/10.53937/76  \C7
0/rm/m/n/10.53937/6a ! \C70/rm/m/n/10.53937/57 \OT1/cmr/m/n/10.53937 (\C70/rm/
m/n/10.53937/79 ð \C70/rm/m/n/10.53937/4e : \OT1/cmr/m/n/10.53937 Model1)\C70/r
m/m/n/10.53937/65 H \C70/rm/m/n/10.53937/67  \C70/rm/m/n/10.53937/4e ^^M \C70/
rm/m/n/10.53937/59 }\OT1/cmr/m/n/10.53937 , \C70/rm/m/n/10.53937/8b ï \C70/rm/m
/n/10.53937/5d î \C70/rm/m/n/10.53937/6b Ô \C70/rm/m/n/10.53937/8f  \C70/rm/m/
n/10.53937/59 '\OT1/cmr/m/n/10.53937 , \C70/rm/m/n/10.53937/62 ^^Q \C70/rm/m/n/
10.53937/4e ì \C70/rm/m/n/10.53937/53 ï \C70/rm/m/n/10.53937/4e å \C70/rm/m/n/1
0.53937/90 ^^Z \C70/rm/m/n/10.53937/8f Ç \C70/rm/m/n/10.53937/57 ú \C70/rm/m/n/
10.53937/4e  \C70/rm/m/n/10.53937/6b  \C70/rm/m/n/10.53937/5d î \C70/rm/m/n/1
0.53937/76  \C70/rm/m/n/10.53937/8b ­ \C70/rm/m/n/10.53937/7e Ã \C70/rm/m/n/10
.53937/67 e \C70/rm/m/n/10.53937/62 ß \C70/rm/m/n/10.53937/54 ^^H \OT1/cmr/m/n/
10.53937 Model2,
 []

<model1234.png, id=161, 1019.81pt x 358.33875pt>
File: model1234.png Graphic file (type png)
<use model1234.png>
Package pdftex.def Info: model1234.png  used on input line 183.
(pdftex.def)             Requested size: 330.58546pt x 116.15797pt.
[2 <./model2.png> <./model1234.png>]
Package hyperref Info: bookmark level for unknown algorithm defaults to 0 on in
put line 216.
 [3] [4]
Package atveryend Info: Empty hook `BeforeClearDocument' on input line 235.
Package atveryend Info: Empty hook `AfterLastShipout' on input line 235.
 (./PB18111697_ÍõÕÂå«_lab3.aux)
Package atveryend Info: Executing hook `AtVeryEndDocument' on input line 235.
Package atveryend Info: Executing hook `AtEndAfterFileList' on input line 235.
Package rerunfilecheck Info: File `PB18111697_ÍõÕÂå«_lab3.out' has not changed.

(rerunfilecheck)             Checksum: 7B49E5E48B37450CDEF11B371666000F;882.


LaTeX Font Warning: Size substitutions with differences
(Font)              up to 0.41063pt have occurred.

Package atveryend Info: Empty hook `AtVeryVeryEnd' on input line 235.
 ) 
Here is how much of TeX's memory you used:
 58260 strings out of 492623
 1318106 string characters out of 6133291
 1657634 words of memory out of 5000000
 61124 multiletter control sequences out of 15000+600000
 573930 words of font info for 179 fonts, out of 8000000 for 9000
 1141 hyphenation exceptions out of 8191
 62i,10n,96p,1598b,609s stack positions out of 5000i,500n,10000p,200000b,80000s
<c:/Windows/Fonts/simsun.ttc><c:/Windows/Fonts/simsun.ttc><c:/Windows/Fonts/s
imhei.ttf><c:/Windows/Fonts/simsun.ttc><c:/Windows/Fonts/simsun.ttc><c:/Windows
/Fonts/simhei.ttf><c:/Windows/Fonts/simhei.ttf><c:/Windows/Fonts/simsun.ttc><c:
/Windows/Fonts/simsun.ttc><c:/Windows/Fonts/simsun.ttc><c:/Windows/Fonts/simsun
.ttc><c:/Windows/Fonts/simhei.ttf><c:/Windows/Fonts/simsun.ttc><c:/Windows/Font
s/simsun.ttc><c:/Windows/Fonts/simsun.ttc><c:/Windows/Fonts/simsun.ttc><c:/Wind
ows/Fonts/simsun.ttc><c:/Windows/Fonts/simsun.ttc><c:/Windows/Fonts/simsun.ttc>
<c:/Windows/Fonts/simsun.ttc><c:/Windows/Fonts/simsun.ttc><c:/Windows/Fonts/sim
hei.ttf><c:/Windows/Fonts/simhei.ttf><c:/Windows/Fonts/simhei.ttf><c:/Windows/F
onts/simhei.ttf><c:/Windows/Fonts/simhei.ttf><c:/Windows/Fonts/simsun.ttc><c:/W
indows/Fonts/simsun.ttc><c:/Windows/Fonts/simsun.ttc><c:/Windows/Fonts/simsun.t
tc><c:/Windows/Fonts/simsun.ttc><c:/Windows/Fonts/simsun.ttc><c:/Windows/Fonts/
simsun.ttc><c:/Windows/Fonts/simsun.ttc><c:/Windows/Fonts/simsun.ttc><c:/Window
s/Fonts/simsun.ttc><c:/Windows/Fonts/simsun.ttc><c:/Windows/Fonts/simsun.ttc><c
:/Windows/Fonts/simsun.ttc><c:/Windows/Fonts/simhei.ttf><c:/Windows/Fonts/simhe
i.ttf><c:/Windows/Fonts/simhei.ttf><c:/Windows/Fonts/simsun.ttc><c:/Windows/Fon
ts/simsun.ttc><c:/Windows/Fonts/simsun.ttc><c:/Windows/Fonts/simsun.ttc><c:/Win
dows/Fonts/simsun.ttc><c:/Windows/Fonts/simsun.ttc><c:/Windows/Fonts/simsun.ttc
><c:/Windows/Fonts/simsun.ttc><c:/Windows/Fonts/simsun.ttc><c:/Windows/Fonts/si
msun.ttc><c:/Windows/Fonts/simsun.ttc><c:/Windows/Fonts/simhei.ttf><c:/Windows/
Fonts/simhei.ttf><c:/Windows/Fonts/simhei.ttf><c:/Windows/Fonts/simhei.ttf><c:/
Windows/Fonts/simhei.ttf><c:/Windows/Fonts/simhei.ttf><c:/Windows/Fonts/simhei.
ttf><c:/Windows/Fonts/simhei.ttf><c:/Windows/Fonts/simsun.ttc><c:/Windows/Fonts
/simsun.ttc><c:/Windows/Fonts/simsun.ttc><c:/Windows/Fonts/simsun.ttc><c:/Windo
ws/Fonts/simsun.ttc><c:/Windows/Fonts/simsun.ttc><c:/Windows/Fonts/simsun.ttc><
c:/Windows/Fonts/simsun.ttc><c:/Windows/Fonts/simsun.ttc><c:/Windows/Fonts/sims
un.ttc><c:/Windows/Fonts/simsun.ttc><g:/texlive/2019/texmf-dist/fonts/type1/pub
lic/amsfonts/cm/cmbx10.pfb><g:/texlive/2019/texmf-dist/fonts/type1/public/amsfo
nts/cm/cmbx12.pfb><g:/texlive/2019/texmf-dist/fonts/type1/public/amsfonts/cm/cm
csc10.pfb><g:/texlive/2019/texmf-dist/fonts/type1/public/amsfonts/cm/cmex10.pfb
><g:/texlive/2019/texmf-dist/fonts/type1/public/amsfonts/cm/cmmi10.pfb><g:/texl
ive/2019/texmf-dist/fonts/type1/public/amsfonts/cm/cmmi5.pfb><g:/texlive/2019/t
exmf-dist/fonts/type1/public/amsfonts/cm/cmmi7.pfb><g:/texlive/2019/texmf-dist/
fonts/type1/public/amsfonts/cm/cmr10.pfb><g:/texlive/2019/texmf-dist/fonts/type
1/public/amsfonts/cm/cmr12.pfb><g:/texlive/2019/texmf-dist/fonts/type1/public/a
msfonts/cm/cmr5.pfb><g:/texlive/2019/texmf-dist/fonts/type1/public/amsfonts/cm/
cmr7.pfb><g:/texlive/2019/texmf-dist/fonts/type1/public/amsfonts/cm/cmsy10.pfb>
<g:/texlive/2019/texmf-dist/fonts/type1/public/amsfonts/cm/cmsy5.pfb><g:/texliv
e/2019/texmf-dist/fonts/type1/public/amsfonts/cm/cmsy7.pfb>
Output written on PB18111697_ÍõÕÂå«_lab3.pdf (4 pages, 789925 bytes).
PDF statistics:
 504 PDF objects out of 1000 (max. 8388607)
 336 compressed objects within 4 object streams
 17 named destinations out of 1000 (max. 500000)
 391 words of extra memory for PDF output out of 10000 (max. 10000000)

